   --------------------------------------------------------------------------------------------------------------------------------------------  
    From                         To                           ArcType                      Sense                      Reason                     
   --------------------------------------------------------------------------------------------------------------------------------------------  
   skew_addr_cntr_reg[4]/RN     skew_addr_cntr_reg[4]/QN     preset                       negative_unate             timing_enable_preset_clear_arcs = false
   skew_addr_cntr_reg[4]/RN     skew_addr_cntr_reg[4]/QN     preset                       negative_unate             timing_enable_preset_clear_arcs = false
   skew_addr_cntr_reg[4]/RN     skew_addr_cntr_reg[4]/Q      clear                        positive_unate             timing_enable_preset_clear_arcs = false
   skew_addr_cntr_reg[4]/RN     skew_addr_cntr_reg[4]/Q      clear                        positive_unate             timing_enable_preset_clear_arcs = false
   skew_addr_cntr_reg[3]/RN     skew_addr_cntr_reg[3]/QN     preset                       negative_unate             timing_enable_preset_clear_arcs = false
   skew_addr_cntr_reg[3]/RN     skew_addr_cntr_reg[3]/QN     preset                       negative_unate             timing_enable_preset_clear_arcs = false
   skew_addr_cntr_reg[3]/RN     skew_addr_cntr_reg[3]/Q      clear                        positive_unate             timing_enable_preset_clear_arcs = false
   skew_addr_cntr_reg[3]/RN     skew_addr_cntr_reg[3]/Q      clear                        positive_unate             timing_enable_preset_clear_arcs = false
   skew_addr_cntr_reg[1]/RN     skew_addr_cntr_reg[1]/QN     preset                       negative_unate             timing_enable_preset_clear_arcs = false
   skew_addr_cntr_reg[1]/RN     skew_addr_cntr_reg[1]/QN     preset                       negative_unate             timing_enable_preset_clear_arcs = false
   skew_addr_cntr_reg[1]/RN     skew_addr_cntr_reg[1]/Q      clear                        positive_unate             timing_enable_preset_clear_arcs = false
   skew_addr_cntr_reg[1]/RN     skew_addr_cntr_reg[1]/Q      clear                        positive_unate             timing_enable_preset_clear_arcs = false
   skew_addr_cntr_reg[2]/RN     skew_addr_cntr_reg[2]/QN     preset                       negative_unate             timing_enable_preset_clear_arcs = false
   skew_addr_cntr_reg[2]/RN     skew_addr_cntr_reg[2]/QN     preset                       negative_unate             timing_enable_preset_clear_arcs = false
   skew_addr_cntr_reg[2]/RN     skew_addr_cntr_reg[2]/Q      clear                        positive_unate             timing_enable_preset_clear_arcs = false
   skew_addr_cntr_reg[2]/RN     skew_addr_cntr_reg[2]/Q      clear                        positive_unate             timing_enable_preset_clear_arcs = false
   skew_addr_cntr_reg[0]/RN     skew_addr_cntr_reg[0]/QN     preset                       negative_unate             timing_enable_preset_clear_arcs = false
   skew_addr_cntr_reg[0]/RN     skew_addr_cntr_reg[0]/QN     preset                       negative_unate             timing_enable_preset_clear_arcs = false
   skew_addr_cntr_reg[0]/RN     skew_addr_cntr_reg[0]/Q      clear                        positive_unate             timing_enable_preset_clear_arcs = false
   skew_addr_cntr_reg[0]/RN     skew_addr_cntr_reg[0]/Q      clear                        positive_unate             timing_enable_preset_clear_arcs = false
   mc_rb_fuse_vld_q_reg/RN      mc_rb_fuse_vld_q_reg/QN      preset                       negative_unate             timing_enable_preset_clear_arcs = false
   mc_rb_fuse_vld_q_reg/RN      mc_rb_fuse_vld_q_reg/QN      preset                       negative_unate             timing_enable_preset_clear_arcs = false
   mc_rb_fuse_vld_q_reg/RN      mc_rb_fuse_vld_q_reg/Q       clear                        positive_unate             timing_enable_preset_clear_arcs = false
   mc_rb_fuse_vld_q_reg/RN      mc_rb_fuse_vld_q_reg/Q       clear                        positive_unate             timing_enable_preset_clear_arcs = false
   --------------------------------------------------------------------------------------------------------------------------------------------
