============================================================
  Generated by:           Genus(TM) Synthesis Solution 20.11-s111_1
  Generated on:           Mar 11 2025  05:39:38 pm
  Module:                 mcrb
  Operating conditions:   slow (balanced_tree)
  Wireload mode:          enclosed
  Area mode:              timing library
============================================================

                               Leakage  
   Gate    Instances   Area  Power (nW)          Library          
------------------------------------------------------------------
AND2_X2            3   3.192     18.322    NangateOpenCellLibrary 
AOI21_X2           1   1.064     10.278    NangateOpenCellLibrary 
AOI221_X2          1   1.596     11.380    NangateOpenCellLibrary 
DFFR_X1            3  16.758    105.315    NangateOpenCellLibrary 
DFFR_X2            3  16.758    119.245    NangateOpenCellLibrary 
INV_X4             1   0.532      9.038    NangateOpenCellLibrary 
NOR2_X2            7   5.586     42.479    NangateOpenCellLibrary 
XNOR2_X2           4   6.384     67.739    NangateOpenCellLibrary 
------------------------------------------------------------------
total             23  51.870    383.796                           


                                         Leakage  Leakage 
     Type      Instances  Area  Area % Power (nW) Power % 
----------------------------------------------------------
sequential             6 33.516   64.6    224.561    58.5 
inverter               1  0.532    1.0      9.038     2.4 
logic                 16 17.822   34.4    150.198    39.1 
physical_cells         0  0.000    0.0      0.000     0.0 
----------------------------------------------------------
total                 23 51.870  100.0    383.796   100.0 

