============================================================
  Generated by:           Genus(TM) Synthesis Solution 20.11-s111_1
  Generated on:           Mar 11 2025  05:39:37 pm
  Module:                 mcrb
  Operating conditions:   slow (balanced_tree)
  Wireload mode:          enclosed
  Area mode:              timing library
============================================================

Timing
--------

Clock Period 
-------------
sclk  5000.0 


  Cost    Critical         Violating 
 Group   Path Slack  TNS     Paths   
-------------------------------------
C2C          2993.9   0.0          0 
C2O          3852.8   0.0          0 
default    No paths   0.0            
I2C          3597.7   0.0          0 
I2O        No paths   0.0            
sclk       No paths   0.0            
-------------------------------------
Total                 0.0          0 

Instance Count
--------------
Leaf Instance Count             23 
Physical Instance count          0 
Sequential Instance Count        6 
Combinational Instance Count    17 
Hierarchical Instance Count      0 

Area
----
Cell Area                          51.870
Physical Cell Area                 0.000
Total Cell Area (Cell+Physical)    51.870
Net Area                           8.197
Total Area (Cell+Physical+Net)     60.067

Runtime                            0.0 seconds
Elapsed Runtime                    9 seconds
Genus peak memory usage            1320.51 
Innovus peak memory usage          no_value 
Hostname                           APL7.kletech.ac.in
