============================================================
  Generated by:           Genus(TM) Synthesis Solution 20.11-s111_1
  Generated on:           Mar 11 2025  05:39:38 pm
  Module:                 mcrb
  Operating conditions:   slow (balanced_tree)
  Wireload mode:          enclosed
  Area mode:              timing library
============================================================


Path 1: MET (2994 ps) Setup Check with Pin skew_addr_cntr_reg[4]/CK->D
          Group: C2C
     Startpoint: (R) skew_addr_cntr_reg[2]/CK
          Clock: (R) sclk
       Endpoint: (F) skew_addr_cntr_reg[4]/D
          Clock: (R) sclk

                     Capture       Launch     
        Clock Edge:+    5000            0     
       Src Latency:+       0            0     
       Net Latency:+       0 (I)        0 (I) 
           Arrival:=    5000            0     
                                              
             Setup:-     318                  
     Required Time:=    4682                  
      Launch Clock:-       0                  
         Data Path:-    1688                  
             Slack:=    2994                  

#--------------------------------------------------------------------------------------------------
#      Timing Point        Flags    Arc   Edge   Cell     Fanout Load Trans Delay Arrival Instance 
#                                                                (fF)  (ps)  (ps)   (ps)  Location 
#--------------------------------------------------------------------------------------------------
  skew_addr_cntr_reg[2]/CK -       -      R     (arrival)      6    -     0     0       0    (-,-) 
  skew_addr_cntr_reg[2]/Q  -       CK->Q  F     DFFR_X1        4  4.7    91   626     626    (-,-) 
  g422__7098/ZN            -       A2->ZN R     NOR2_X2        2  3.3   142   239     865    (-,-) 
  g417__2802/ZN            -       B2->ZN F     AOI21_X2       1  1.4    47    95     960    (-,-) 
  g416__6783/ZN            -       A->ZN  R     AOI221_X2      5  8.0   432   608    1568    (-,-) 
  g404__2398/ZN            -       A2->ZN F     NOR2_X2        1  1.2    90   119    1688    (-,-) 
  skew_addr_cntr_reg[4]/D  -       -      F     DFFR_X2        1    -     -     0    1688    (-,-) 
#--------------------------------------------------------------------------------------------------



Path 2: MET (3021 ps) Setup Check with Pin skew_addr_cntr_reg[0]/CK->D
          Group: C2C
     Startpoint: (R) skew_addr_cntr_reg[2]/CK
          Clock: (R) sclk
       Endpoint: (F) skew_addr_cntr_reg[0]/D
          Clock: (R) sclk

                     Capture       Launch     
        Clock Edge:+    5000            0     
       Src Latency:+       0            0     
       Net Latency:+       0 (I)        0 (I) 
           Arrival:=    5000            0     
                                              
             Setup:-     319                  
     Required Time:=    4681                  
      Launch Clock:-       0                  
         Data Path:-    1660                  
             Slack:=    3021                  

#--------------------------------------------------------------------------------------------------
#      Timing Point        Flags    Arc   Edge   Cell     Fanout Load Trans Delay Arrival Instance 
#                                                                (fF)  (ps)  (ps)   (ps)  Location 
#--------------------------------------------------------------------------------------------------
  skew_addr_cntr_reg[2]/CK -       -      R     (arrival)      6    -     0     0       0    (-,-) 
  skew_addr_cntr_reg[2]/Q  -       CK->Q  F     DFFR_X1        4  4.7    91   626     626    (-,-) 
  g422__7098/ZN            -       A2->ZN R     NOR2_X2        2  3.3   142   239     865    (-,-) 
  g417__2802/ZN            -       B2->ZN F     AOI21_X2       1  1.4    47    95     960    (-,-) 
  g416__6783/ZN            -       A->ZN  R     AOI221_X2      5  8.0   432   608    1568    (-,-) 
  g411__5107/ZN            -       A1->ZN F     NOR2_X2        1  1.2    91    92    1660    (-,-) 
  skew_addr_cntr_reg[0]/D  -       -      F     DFFR_X2        1    -     -     0    1660    (-,-) 
#--------------------------------------------------------------------------------------------------



Path 3: MET (3021 ps) Setup Check with Pin skew_addr_cntr_reg[1]/CK->D
          Group: C2C
     Startpoint: (R) skew_addr_cntr_reg[2]/CK
          Clock: (R) sclk
       Endpoint: (F) skew_addr_cntr_reg[1]/D
          Clock: (R) sclk

                     Capture       Launch     
        Clock Edge:+    5000            0     
       Src Latency:+       0            0     
       Net Latency:+       0 (I)        0 (I) 
           Arrival:=    5000            0     
                                              
             Setup:-     319                  
     Required Time:=    4681                  
      Launch Clock:-       0                  
         Data Path:-    1660                  
             Slack:=    3021                  

#--------------------------------------------------------------------------------------------------
#      Timing Point        Flags    Arc   Edge   Cell     Fanout Load Trans Delay Arrival Instance 
#                                                                (fF)  (ps)  (ps)   (ps)  Location 
#--------------------------------------------------------------------------------------------------
  skew_addr_cntr_reg[2]/CK -       -      R     (arrival)      6    -     0     0       0    (-,-) 
  skew_addr_cntr_reg[2]/Q  -       CK->Q  F     DFFR_X1        4  4.7    91   626     626    (-,-) 
  g422__7098/ZN            -       A2->ZN R     NOR2_X2        2  3.3   142   239     865    (-,-) 
  g417__2802/ZN            -       B2->ZN F     AOI21_X2       1  1.4    47    95     960    (-,-) 
  g416__6783/ZN            -       A->ZN  R     AOI221_X2      5  8.0   432   608    1568    (-,-) 
  g412__4319/ZN            -       A1->ZN F     NOR2_X2        1  1.2    91    92    1660    (-,-) 
  skew_addr_cntr_reg[1]/D  -       -      F     DFFR_X2        1    -     -     0    1660    (-,-) 
#--------------------------------------------------------------------------------------------------



Path 4: MET (3028 ps) Setup Check with Pin skew_addr_cntr_reg[2]/CK->D
          Group: C2C
     Startpoint: (R) skew_addr_cntr_reg[2]/CK
          Clock: (R) sclk
       Endpoint: (F) skew_addr_cntr_reg[2]/D
          Clock: (R) sclk

                     Capture       Launch     
        Clock Edge:+    5000            0     
       Src Latency:+       0            0     
       Net Latency:+       0 (I)        0 (I) 
           Arrival:=    5000            0     
                                              
             Setup:-     314                  
     Required Time:=    4686                  
      Launch Clock:-       0                  
         Data Path:-    1657                  
             Slack:=    3028                  

#--------------------------------------------------------------------------------------------------
#      Timing Point        Flags    Arc   Edge   Cell     Fanout Load Trans Delay Arrival Instance 
#                                                                (fF)  (ps)  (ps)   (ps)  Location 
#--------------------------------------------------------------------------------------------------
  skew_addr_cntr_reg[2]/CK -       -      R     (arrival)      6    -     0     0       0    (-,-) 
  skew_addr_cntr_reg[2]/Q  -       CK->Q  F     DFFR_X1        4  4.7    91   626     626    (-,-) 
  g422__7098/ZN            -       A2->ZN R     NOR2_X2        2  3.3   142   239     865    (-,-) 
  g417__2802/ZN            -       B2->ZN F     AOI21_X2       1  1.4    47    95     960    (-,-) 
  g416__6783/ZN            -       A->ZN  R     AOI221_X2      5  8.0   432   608    1568    (-,-) 
  g413__8428/ZN            -       A1->ZN F     NOR2_X2        1  1.1    90    89    1657    (-,-) 
  skew_addr_cntr_reg[2]/D  -       -      F     DFFR_X1        1    -     -     0    1657    (-,-) 
#--------------------------------------------------------------------------------------------------



Path 5: MET (3028 ps) Setup Check with Pin skew_addr_cntr_reg[3]/CK->D
          Group: C2C
     Startpoint: (R) skew_addr_cntr_reg[2]/CK
          Clock: (R) sclk
       Endpoint: (F) skew_addr_cntr_reg[3]/D
          Clock: (R) sclk

                     Capture       Launch     
        Clock Edge:+    5000            0     
       Src Latency:+       0            0     
       Net Latency:+       0 (I)        0 (I) 
           Arrival:=    5000            0     
                                              
             Setup:-     314                  
     Required Time:=    4686                  
      Launch Clock:-       0                  
         Data Path:-    1657                  
             Slack:=    3028                  

#--------------------------------------------------------------------------------------------------
#      Timing Point        Flags    Arc   Edge   Cell     Fanout Load Trans Delay Arrival Instance 
#                                                                (fF)  (ps)  (ps)   (ps)  Location 
#--------------------------------------------------------------------------------------------------
  skew_addr_cntr_reg[2]/CK -       -      R     (arrival)      6    -     0     0       0    (-,-) 
  skew_addr_cntr_reg[2]/Q  -       CK->Q  F     DFFR_X1        4  4.7    91   626     626    (-,-) 
  g422__7098/ZN            -       A2->ZN R     NOR2_X2        2  3.3   142   239     865    (-,-) 
  g417__2802/ZN            -       B2->ZN F     AOI21_X2       1  1.4    47    95     960    (-,-) 
  g416__6783/ZN            -       A->ZN  R     AOI221_X2      5  8.0   432   608    1568    (-,-) 
  g407__6260/ZN            -       A1->ZN F     NOR2_X2        1  1.1    90    89    1657    (-,-) 
  skew_addr_cntr_reg[3]/D  -       -      F     DFFR_X1        1    -     -     0    1657    (-,-) 
#--------------------------------------------------------------------------------------------------



Path 6: MET (3853 ps) Late External Delay Assertion at pin skew_addr_cntr_o[0]
          Group: C2O
     Startpoint: (R) skew_addr_cntr_reg[0]/CK
          Clock: (R) sclk
       Endpoint: (F) skew_addr_cntr_o[0]
          Clock: (R) sclk

                     Capture       Launch     
        Clock Edge:+    5000            0     
       Src Latency:+       0            0     
       Net Latency:+       0 (I)        0 (I) 
           Arrival:=    5000            0     
                                              
      Output Delay:-     500                  
     Required Time:=    4500                  
      Launch Clock:-       0                  
         Data Path:-     647                  
             Slack:=    3853                  

Exceptions/Constraints:
  output_delay             500             mcrb.sdc_line_5_5_1 

#-------------------------------------------------------------------------------------------------
#      Timing Point        Flags   Arc   Edge   Cell     Fanout Load Trans Delay Arrival Instance 
#                                                               (fF)  (ps)  (ps)   (ps)  Location 
#-------------------------------------------------------------------------------------------------
  skew_addr_cntr_reg[0]/CK -       -     R     (arrival)      6    -     0     0       0    (-,-) 
  skew_addr_cntr_reg[0]/Q  -       CK->Q F     DFFR_X2        5  6.0    80   647     647    (-,-) 
  skew_addr_cntr_o[0]      -       -     F     (port)         -    -     -     0     647    (-,-) 
#-------------------------------------------------------------------------------------------------



Path 7: MET (3861 ps) Late External Delay Assertion at pin skew_addr_cntr_o[4]
          Group: C2O
     Startpoint: (R) skew_addr_cntr_reg[4]/CK
          Clock: (R) sclk
       Endpoint: (F) skew_addr_cntr_o[4]
          Clock: (R) sclk

                     Capture       Launch     
        Clock Edge:+    5000            0     
       Src Latency:+       0            0     
       Net Latency:+       0 (I)        0 (I) 
           Arrival:=    5000            0     
                                              
      Output Delay:-     500                  
     Required Time:=    4500                  
      Launch Clock:-       0                  
         Data Path:-     639                  
             Slack:=    3861                  

Exceptions/Constraints:
  output_delay             500             mcrb.sdc_line_5 

#-------------------------------------------------------------------------------------------------
#      Timing Point        Flags   Arc   Edge   Cell     Fanout Load Trans Delay Arrival Instance 
#                                                               (fF)  (ps)  (ps)   (ps)  Location 
#-------------------------------------------------------------------------------------------------
  skew_addr_cntr_reg[4]/CK -       -     R     (arrival)      6    -     0     0       0    (-,-) 
  skew_addr_cntr_reg[4]/Q  -       CK->Q F     DFFR_X2        4  5.3    76   639     639    (-,-) 
  skew_addr_cntr_o[4]      -       -     F     (port)         -    -     -     0     639    (-,-) 
#-------------------------------------------------------------------------------------------------



Path 8: MET (3870 ps) Late External Delay Assertion at pin skew_addr_cntr_o[1]
          Group: C2O
     Startpoint: (R) skew_addr_cntr_reg[1]/CK
          Clock: (R) sclk
       Endpoint: (F) skew_addr_cntr_o[1]
          Clock: (R) sclk

                     Capture       Launch     
        Clock Edge:+    5000            0     
       Src Latency:+       0            0     
       Net Latency:+       0 (I)        0 (I) 
           Arrival:=    5000            0     
                                              
      Output Delay:-     500                  
     Required Time:=    4500                  
      Launch Clock:-       0                  
         Data Path:-     630                  
             Slack:=    3870                  

Exceptions/Constraints:
  output_delay             500             mcrb.sdc_line_5_4_1 

#-------------------------------------------------------------------------------------------------
#      Timing Point        Flags   Arc   Edge   Cell     Fanout Load Trans Delay Arrival Instance 
#                                                               (fF)  (ps)  (ps)   (ps)  Location 
#-------------------------------------------------------------------------------------------------
  skew_addr_cntr_reg[1]/CK -       -     R     (arrival)      6    -     0     0       0    (-,-) 
  skew_addr_cntr_reg[1]/Q  -       CK->Q F     DFFR_X2        4  4.6    72   630     630    (-,-) 
  skew_addr_cntr_o[1]      -       -     F     (port)         -    -     -     0     630    (-,-) 
#-------------------------------------------------------------------------------------------------



Path 9: MET (3874 ps) Late External Delay Assertion at pin skew_addr_cntr_o[2]
          Group: C2O
     Startpoint: (R) skew_addr_cntr_reg[2]/CK
          Clock: (R) sclk
       Endpoint: (F) skew_addr_cntr_o[2]
          Clock: (R) sclk

                     Capture       Launch     
        Clock Edge:+    5000            0     
       Src Latency:+       0            0     
       Net Latency:+       0 (I)        0 (I) 
           Arrival:=    5000            0     
                                              
      Output Delay:-     500                  
     Required Time:=    4500                  
      Launch Clock:-       0                  
         Data Path:-     626                  
             Slack:=    3874                  

Exceptions/Constraints:
  output_delay             500             mcrb.sdc_line_5_3_1 

#-------------------------------------------------------------------------------------------------
#      Timing Point        Flags   Arc   Edge   Cell     Fanout Load Trans Delay Arrival Instance 
#                                                               (fF)  (ps)  (ps)   (ps)  Location 
#-------------------------------------------------------------------------------------------------
  skew_addr_cntr_reg[2]/CK -       -     R     (arrival)      6    -     0     0       0    (-,-) 
  skew_addr_cntr_reg[2]/Q  -       CK->Q F     DFFR_X1        4  4.7    91   626     626    (-,-) 
  skew_addr_cntr_o[2]      -       -     F     (port)         -    -     -     0     626    (-,-) 
#-------------------------------------------------------------------------------------------------



Path 10: MET (3876 ps) Late External Delay Assertion at pin skew_addr_cntr_o[3]
          Group: C2O
     Startpoint: (R) skew_addr_cntr_reg[3]/CK
          Clock: (R) sclk
       Endpoint: (F) skew_addr_cntr_o[3]
          Clock: (R) sclk

                     Capture       Launch     
        Clock Edge:+    5000            0     
       Src Latency:+       0            0     
       Net Latency:+       0 (I)        0 (I) 
           Arrival:=    5000            0     
                                              
      Output Delay:-     500                  
     Required Time:=    4500                  
      Launch Clock:-       0                  
         Data Path:-     624                  
             Slack:=    3876                  

Exceptions/Constraints:
  output_delay             500             mcrb.sdc_line_5_2_1 

#-------------------------------------------------------------------------------------------------
#      Timing Point        Flags   Arc   Edge   Cell     Fanout Load Trans Delay Arrival Instance 
#                                                               (fF)  (ps)  (ps)   (ps)  Location 
#-------------------------------------------------------------------------------------------------
  skew_addr_cntr_reg[3]/CK -       -     R     (arrival)      6    -     0     0       0    (-,-) 
  skew_addr_cntr_reg[3]/Q  -       CK->Q F     DFFR_X1        4  4.6    90   624     624    (-,-) 
  skew_addr_cntr_o[3]      -       -     F     (port)         -    -     -     0     624    (-,-) 
#-------------------------------------------------------------------------------------------------



Path 11: MET (4236 ps) Setup Check with Pin mc_rb_fuse_vld_q_reg/CK->D
          Group: I2C
     Startpoint: (F) mc_rb_fuse_vld_i
          Clock: (R) sclk
       Endpoint: (F) mc_rb_fuse_vld_q_reg/D
          Clock: (R) sclk

                     Capture       Launch     
        Clock Edge:+    5000            0     
        Drv Adjust:+       0            0     
       Src Latency:+       0            0     
       Net Latency:+       0 (I)        0 (I) 
           Arrival:=    5000            0     
                                              
             Setup:-     264                  
     Required Time:=    4736                  
      Launch Clock:-       0                  
       Input Delay:-     500                  
         Data Path:-       0                  
             Slack:=    4236                  

Exceptions/Constraints:
  input_delay             500             mcrb.sdc_line_3_2_1 

#-----------------------------------------------------------------------------------------------
#     Timing Point       Flags   Arc   Edge   Cell     Fanout Load Trans Delay Arrival Instance 
#                                                             (fF)  (ps)  (ps)   (ps)  Location 
#-----------------------------------------------------------------------------------------------
  mc_rb_fuse_vld_i       -       -     F     (arrival)      1  1.1     0     0     500    (-,-) 
  mc_rb_fuse_vld_q_reg/D -       -     F     DFFR_X1        1    -     -     0     500    (-,-) 
#-----------------------------------------------------------------------------------------------

Some unconstrained paths have not been displayed.
Use -unconstrained or set the root attribute 'timing_report_unconstrained' to 'true' to see only these unconstrained paths.

