###############################################################
#  Generated by:      Cadence Tempus 20.20-p001_1
#  OS:                Linux x86_64(Host ID APL5.kletech.ac.in)
#  Generated on:      Wed Mar 12 11:15:23 2025
#  Design:            mcrb
#  Command:           report_constraint -all_violators > ./REPORTS_Mar12-11:15:21/report_allViolators.rpt
###############################################################
# format : frame 0 : split 1

max_delay/setup
---------------------------
      ------------------------------------------------------------------------------------------------  
       End Point                                  Slack      Cause                                      
      ------------------------------------------------------------------------------------------------  
      skew_addr_cntr_reg[4]/D f                  -0.995     VIOLATED
      skew_addr_cntr_reg[0]/D f                  -0.966     VIOLATED
      skew_addr_cntr_reg[1]/D f                  -0.966     VIOLATED
      skew_addr_cntr_reg[2]/D f                  -0.961     VIOLATED
      skew_addr_cntr_reg[3]/D f                  -0.961     VIOLATED
      skew_addr_cntr_o[0] f                      -0.146     VIOLATED
      skew_addr_cntr_o[4] f                      -0.140     VIOLATED
      skew_addr_cntr_o[1] f                      -0.132     VIOLATED
      skew_addr_cntr_o[3] f                      -0.126     VIOLATED
      skew_addr_cntr_o[2] f                      -0.126     VIOLATED
      ------------------------------------------------------------------------------------------------

min_delay/hold
---------------------------
No paths found

Check type : clock_period
---------------------------
No paths found

Check type : skew
---------------------------
No paths found

Check type : pulse_width
---------------------------
 No violating Checks with given description found

Check type : max_transition
---------------------------
 No Violations found

Check type : min_transition
---------------------------
 No Violations found

Check type : max_capacitance
---------------------------
 No Violations found

Check type : min_capacitance
---------------------------
 No Violations found

Check type : max_fanout
---------------------------
 No Violations found

Check type : min_fanout
---------------------------
 No Violations found
