###############################################################
#  Generated by:      Cadence Tempus 20.20-p001_1
#  OS:                Linux x86_64(Host ID APL3.kletech.ac.in)
#  Generated on:      Mon Mar 24 16:32:13 2025
#  Design:            mcrb
#  Command:           report_constraint -all_violators > reports_Mar24-16:32:11/allviol.rpt
###############################################################
# format : frame 0 : split 0

max_delay/setup
---------------------------
No paths found

min_delay/hold
---------------------------
      ------------------------------------------------------------------------------------------------  
       End Point                                  Slack      Cause                                      
      ------------------------------------------------------------------------------------------------  
      skew_addr_cntr_reg[1]/RN r                 -0.171     VIOLATED
      skew_addr_cntr_reg[4]/RN r                 -0.171     VIOLATED
      skew_addr_cntr_reg[0]/RN r                 -0.171     VIOLATED
      mc_rb_fuse_vld_q_reg/RN r                  -0.168     VIOLATED
      skew_addr_cntr_reg[2]/RN r                 -0.168     VIOLATED
      skew_addr_cntr_reg[3]/RN r                 -0.168     VIOLATED
      mc_rb_fuse_vld_q_reg/D f                   -0.017     VIOLATED
      ------------------------------------------------------------------------------------------------

Check type : clock_period
---------------------------
No paths found

Check type : skew
---------------------------
No paths found

Check type : pulse_width
---------------------------
 No violating Checks with given description found

Check type : max_transition
---------------------------
 No Violations found

Check type : min_transition
---------------------------
 No Violations found

Check type : max_capacitance
---------------------------
 No Violations found

Check type : min_capacitance
---------------------------
 No Violations found

Check type : max_fanout
---------------------------
 No Violations found

Check type : min_fanout
---------------------------
 No Violations found
