###############################################################
#  Generated by:      Cadence Tempus 20.20-p001_1
#  OS:                Linux x86_64(Host ID APL7.kletech.ac.in)
#  Generated on:      Sat Mar 22 10:31:43 2025
#  Design:            dtmf_recvr_core
#  Command:           report_constraint -all_violators > reports/allviol.rpt
###############################################################
# format : frame 0 : split 0

max_delay/setup
---------------------------
      ------------------------------------------------------------------------------------------------  
       End Point                                  Slack      Cause                                      
      ------------------------------------------------------------------------------------------------  
      TDSP_CORE_INST/EXECUTE_INST/p_reg[31]/D f  -30.838    VIOLATED
      TDSP_CORE_INST/EXECUTE_INST/p_reg[25]/D f  -30.822    VIOLATED
      TDSP_CORE_INST/EXECUTE_INST/p_reg[30]/D f  -30.723    VIOLATED
      TDSP_CORE_INST/EXECUTE_INST/p_reg[28]/D f  -30.687    VIOLATED
      TDSP_CORE_INST/EXECUTE_INST/p_reg[29]/D f  -30.603    VIOLATED
      TDSP_CORE_INST/EXECUTE_INST/p_reg[27]/D f  -30.602    VIOLATED
      TDSP_CORE_INST/EXECUTE_INST/p_reg[26]/D f  -30.394    VIOLATED
      TDSP_CORE_INST/EXECUTE_INST/p_reg[23]/D f  -30.341    VIOLATED
      TDSP_CORE_INST/EXECUTE_INST/p_reg[24]/D f  -30.163    VIOLATED
      TDSP_CORE_INST/EXECUTE_INST/p_reg[20]/D f  -29.382    VIOLATED
      TDSP_CORE_INST/EXECUTE_INST/p_reg[22]/D f  -29.243    VIOLATED
      TDSP_CORE_INST/EXECUTE_INST/p_reg[21]/D f  -29.001    VIOLATED
      TDSP_CORE_INST/EXECUTE_INST/p_reg[19]/D f  -28.926    VIOLATED
      TDSP_CORE_INST/EXECUTE_INST/p_reg[18]/D f  -28.914    VIOLATED
      TDSP_CORE_INST/EXECUTE_INST/p_reg[17]/D f  -28.339    VIOLATED
      TDSP_CORE_INST/EXECUTE_INST/p_reg[16]/D r  -27.839    VIOLATED
      TDSP_CORE_INST/EXECUTE_INST/acc_reg[24]/D r   -27.819    VIOLATED
      TDSP_CORE_INST/EXECUTE_INST/p_reg[14]/D f  -27.448    VIOLATED
      TDSP_CORE_INST/EXECUTE_INST/acc_reg[21]/D r   -27.246    VIOLATED
      TDSP_CORE_INST/EXECUTE_INST/acc_reg[20]/D r   -27.211    VIOLATED
      TDSP_CORE_INST/EXECUTE_INST/p_reg[15]/D f  -27.186    VIOLATED
      TDSP_CORE_INST/EXECUTE_INST/acc_reg[2]/D r -26.715    VIOLATED
      TDSP_CORE_INST/EXECUTE_INST/acc_reg[26]/D r   -26.715    VIOLATED
      TDSP_CORE_INST/EXECUTE_INST/acc_reg[25]/D r   -26.640    VIOLATED
      TDSP_CORE_INST/EXECUTE_INST/acc_reg[29]/D r   -26.592    VIOLATED
      TDSP_CORE_INST/EXECUTE_INST/acc_reg[8]/D r -26.565    VIOLATED
      TDSP_CORE_INST/EXECUTE_INST/acc_reg[3]/D r -26.556    VIOLATED
      TDSP_CORE_INST/EXECUTE_INST/acc_reg[9]/D r -26.546    VIOLATED
      TDSP_CORE_INST/EXECUTE_INST/acc_reg[10]/D r   -26.497    VIOLATED
      TDSP_CORE_INST/EXECUTE_INST/acc_reg[23]/D r   -26.494    VIOLATED
      TDSP_CORE_INST/EXECUTE_INST/acc_reg[19]/D r   -26.465    VIOLATED
      TDSP_CORE_INST/EXECUTE_INST/acc_reg[17]/D r   -26.393    VIOLATED
      TDSP_CORE_INST/EXECUTE_INST/acc_reg[1]/D r -26.386    VIOLATED
      TDSP_CORE_INST/EXECUTE_INST/acc_reg[27]/D r   -26.383    VIOLATED
      TDSP_CORE_INST/EXECUTE_INST/acc_reg[7]/D r -26.378    VIOLATED
      TDSP_CORE_INST/EXECUTE_INST/acc_reg[6]/D r -26.370    VIOLATED
      TDSP_CORE_INST/EXECUTE_INST/acc_reg[30]/D r   -26.363    VIOLATED
      TDSP_CORE_INST/EXECUTE_INST/acc_reg[22]/D r   -26.358    VIOLATED
      TDSP_CORE_INST/EXECUTE_INST/acc_reg[4]/D r -26.334    VIOLATED
      TDSP_CORE_INST/EXECUTE_INST/acc_reg[18]/D r   -26.333    VIOLATED
      TDSP_CORE_INST/EXECUTE_INST/acc_reg[0]/D f -26.319    VIOLATED
      TDSP_CORE_INST/EXECUTE_INST/acc_reg[16]/D r   -26.312    VIOLATED
      TDSP_CORE_INST/EXECUTE_INST/acc_reg[28]/D r   -26.297    VIOLATED
      TDSP_CORE_INST/EXECUTE_INST/acc_reg[15]/D r   -26.296    VIOLATED
      TDSP_CORE_INST/EXECUTE_INST/acc_reg[11]/D r   -26.293    VIOLATED
      TDSP_CORE_INST/EXECUTE_INST/acc_reg[12]/D r   -26.293    VIOLATED
      TDSP_CORE_INST/EXECUTE_INST/acc_reg[5]/D r -26.280    VIOLATED
      TDSP_CORE_INST/EXECUTE_INST/acc_reg[14]/D r   -26.270    VIOLATED
      TDSP_CORE_INST/EXECUTE_INST/acc_reg[13]/D r   -26.269    VIOLATED
      TDSP_CORE_INST/EXECUTE_INST/p_reg[13]/D f  -25.982    VIOLATED
      TDSP_CORE_INST/EXECUTE_INST/ov_flag_reg/D f   -24.414    VIOLATED
      TDSP_CORE_INST/EXECUTE_INST/acc_reg[31]/D f   -24.024    VIOLATED
      TDSP_CORE_INST/EXECUTE_INST/p_reg[12]/D f  -23.682    VIOLATED
      TDSP_CORE_INST/EXECUTE_INST/p_reg[11]/D f  -22.855    VIOLATED
      TDSP_CORE_INST/EXECUTE_INST/p_reg[10]/D f  -21.766    VIOLATED
      TDSP_CORE_INST/EXECUTE_INST/p_reg[9]/D f   -20.914    VIOLATED
      TDSP_CORE_INST/EXECUTE_INST/p_reg[8]/D f   -20.313    VIOLATED
      TDSP_CORE_INST/EXECUTE_INST/p_reg[7]/D f   -19.529    VIOLATED
      TDSP_CORE_INST/EXECUTE_INST/pc_reg[8]/D f  -19.375    VIOLATED
      TDSP_CORE_INST/EXECUTE_INST/p_reg[5]/D f   -18.985    VIOLATED
      TDSP_CORE_INST/EXECUTE_INST/p_reg[6]/D f   -18.952    VIOLATED
      RESULTS_CONV_INST/r1477_reg[10]/D r        -18.783    VIOLATED
      RESULTS_CONV_INST/r852_reg[10]/D r         -18.659    VIOLATED
      RESULTS_CONV_INST/r697_reg[10]/D r         -18.630    VIOLATED
      RESULTS_CONV_INST/r941_reg[10]/D r         -18.587    VIOLATED
      RESULTS_CONV_INST/r1200_reg[10]/D r        -18.551    VIOLATED
      RESULTS_CONV_INST/r1633_reg[10]/D r        -18.482    VIOLATED
      RESULTS_CONV_INST/r941_reg[14]/D r         -18.456    VIOLATED
      RESULTS_CONV_INST/r1200_reg[12]/D r        -18.444    VIOLATED
      RESULTS_CONV_INST/r697_reg[14]/D r         -18.443    VIOLATED
      RESULTS_CONV_INST/r1477_reg[14]/D r        -18.382    VIOLATED
      RESULTS_CONV_INST/r1633_reg[12]/D r        -18.381    VIOLATED
      RESULTS_CONV_INST/r1477_reg[12]/D r        -18.357    VIOLATED
      RESULTS_CONV_INST/r697_reg[12]/D r         -18.303    VIOLATED
      RESULTS_CONV_INST/r852_reg[12]/D r         -18.299    VIOLATED
      TDSP_CORE_INST/EXECUTE_INST/pc_reg[4]/D f  -18.264    VIOLATED
      TDSP_CORE_INST/EXECUTE_INST/pc_reg[3]/D f  -18.213    VIOLATED
      RESULTS_CONV_INST/r852_reg[14]/D r         -18.190    VIOLATED
      TDSP_CORE_INST/EXECUTE_INST/pc_reg[2]/D f  -18.163    VIOLATED
      RESULTS_CONV_INST/r941_reg[12]/D r         -18.137    VIOLATED
      RESULTS_CONV_INST/r1633_reg[14]/D r        -18.134    VIOLATED
      TDSP_CORE_INST/EXECUTE_INST/pc_reg[7]/D f  -18.079    VIOLATED
      RESULTS_CONV_INST/r1200_reg[14]/D r        -18.078    VIOLATED
      RESULTS_CONV_INST/r697_reg[3]/D r          -17.974    VIOLATED
      RESULTS_CONV_INST/r1477_reg[3]/D r         -17.928    VIOLATED
      RESULTS_CONV_INST/upper770/dout_reg[6]/D r -17.872    VIOLATED
      RESULTS_CONV_INST/lower770/dout_reg[0]/D r -17.820    VIOLATED
      RESULTS_CONV_INST/r1200_reg[3]/D r         -17.794    VIOLATED
      RESULTS_CONV_INST/r941_reg[3]/D r          -17.792    VIOLATED
      RESULTS_CONV_INST/r941_reg[9]/D f          -17.792    VIOLATED
      RESULTS_CONV_INST/r1633_reg[3]/D r         -17.790    VIOLATED
      RESULTS_CONV_INST/r852_reg[9]/D f          -17.760    VIOLATED
      RESULTS_CONV_INST/upper1336/dout_reg[2]/D r   -17.754    VIOLATED
      RESULTS_CONV_INST/upper770/dout_reg[2]/D r -17.751    VIOLATED
      RESULTS_CONV_INST/r697_reg[9]/D f          -17.743    VIOLATED
      RESULTS_CONV_INST/r852_reg[3]/D r          -17.727    VIOLATED
      RESULTS_CONV_INST/upper1336/dout_reg[6]/D r   -17.692    VIOLATED
      TDSP_CORE_INST/EXECUTE_INST/pc_reg[6]/D f  -17.687    VIOLATED
      RESULTS_CONV_INST/r1633_reg[15]/D r        -17.608    VIOLATED
      RESULTS_CONV_INST/upper770/dout_reg[4]/D r -17.523    VIOLATED
      RESULTS_CONV_INST/r852_reg[11]/D r         -17.466    VIOLATED
      RESULTS_CONV_INST/r1477_reg[15]/D r        -17.432    VIOLATED
      RESULTS_CONV_INST/r852_reg[13]/D r         -17.396    VIOLATED
      RESULTS_CONV_INST/r852_reg[15]/D r         -17.388    VIOLATED
      RESULTS_CONV_INST/upper1336/dout_reg[4]/D r   -17.387    VIOLATED
      RESULTS_CONV_INST/lower770/dout_reg[3]/D r -17.377    VIOLATED
      RESULTS_CONV_INST/lower1336/dout_reg[3]/D r   -17.339    VIOLATED
      RESULTS_CONV_INST/r852_reg[0]/D r          -17.317    VIOLATED
      RESULTS_CONV_INST/r852_reg[8]/D r          -17.312    VIOLATED
      RESULTS_CONV_INST/r852_reg[4]/D r          -17.254    VIOLATED
      RESULTS_CONV_INST/r852_reg[7]/D r          -17.253    VIOLATED
      RESULTS_CONV_INST/r852_reg[5]/D r          -17.235    VIOLATED
      RAM_256x16_TEST_INST/RAM_256x16_INST/D[0] r   -17.206    VIOLATED
      RESULTS_CONV_INST/r1200_reg[4]/D r         -17.181    VIOLATED
      TDSP_CORE_INST/EXECUTE_INST/pc_reg[0]/D f  -17.173    VIOLATED
      RESULTS_CONV_INST/r1477_reg[8]/D r         -17.161    VIOLATED
      RESULTS_CONV_INST/r1633_reg[8]/D r         -17.133    VIOLATED
      RESULTS_CONV_INST/r852_reg[1]/D r          -17.126    VIOLATED
      RESULTS_CONV_INST/r852_reg[2]/D r          -17.113    VIOLATED
      RESULTS_CONV_INST/r852_reg[6]/D r          -17.094    VIOLATED
      RESULTS_CONV_INST/r697_reg[11]/D r         -17.071    VIOLATED
      RESULTS_CONV_INST/r1477_reg[4]/D r         -17.062    VIOLATED
      RESULTS_CONV_INST/r1200_reg[8]/D r         -17.045    VIOLATED
      RESULTS_CONV_INST/r941_reg[15]/D r         -17.038    VIOLATED
      RESULTS_CONV_INST/r941_reg[8]/D r          -17.033    VIOLATED
      RESULTS_CONV_INST/r697_reg[8]/D r          -17.021    VIOLATED
      RESULTS_CONV_INST/r941_reg[11]/D r         -16.996    VIOLATED
      TDSP_CORE_INST/EXECUTE_INST/p_reg[4]/D f   -16.989    VIOLATED
      RESULTS_CONV_INST/r697_reg[4]/D r          -16.946    VIOLATED
      RESULTS_CONV_INST/r1477_reg[7]/D r         -16.944    VIOLATED
      RESULTS_CONV_INST/r697_reg[2]/D r          -16.936    VIOLATED
      RESULTS_CONV_INST/r1200_reg[2]/D r         -16.929    VIOLATED
      RESULTS_CONV_INST/r941_reg[4]/D r          -16.921    VIOLATED
      RESULTS_CONV_INST/r1633_reg[2]/D r         -16.905    VIOLATED
      RESULTS_CONV_INST/r1477_reg[11]/D r        -16.893    VIOLATED
      RESULTS_CONV_INST/r697_reg[1]/D r          -16.887    VIOLATED
      RESULTS_CONV_INST/r1633_reg[4]/D r         -16.880    VIOLATED
      TDSP_CORE_INST/EXECUTE_INST/pc_reg[5]/D f  -16.864    VIOLATED
      RESULTS_CONV_INST/r697_reg[13]/D r         -16.861    VIOLATED
      RESULTS_CONV_INST/lower770/dout_reg[1]/D r -16.857    VIOLATED
      TDSP_CORE_INST/EXECUTE_INST/pc_reg[1]/D f  -16.854    VIOLATED
      RESULTS_CONV_INST/r697_reg[15]/D r         -16.851    VIOLATED
      RESULTS_CONV_INST/r1633_reg[11]/D r        -16.848    VIOLATED
      RESULTS_CONV_INST/r697_reg[5]/D r          -16.843    VIOLATED
      RESULTS_CONV_INST/r1200_reg[11]/D r        -16.831    VIOLATED
      RESULTS_CONV_INST/r941_reg[7]/D r          -16.827    VIOLATED
      RESULTS_CONV_INST/r1200_reg[7]/D r         -16.821    VIOLATED
      RESULTS_CONV_INST/r697_reg[7]/D r          -16.820    VIOLATED
      RESULTS_CONV_INST/r1200_reg[9]/D r         -16.808    VIOLATED
      RESULTS_CONV_INST/r941_reg[2]/D r          -16.790    VIOLATED
      RESULTS_CONV_INST/r1477_reg[2]/D r         -16.786    VIOLATED
      RESULTS_CONV_INST/upper770/dout_reg[0]/D r -16.780    VIOLATED
      TDSP_CORE_INST/DATA_BUS_MACH_INST/data_out_reg[2]/D f   -16.779    VIOLATED
      RESULTS_CONV_INST/r1633_reg[7]/D r         -16.761    VIOLATED
      RESULTS_CONV_INST/r1200_reg[15]/D r        -16.750    VIOLATED
      RESULTS_CONV_INST/r1633_reg[5]/D r         -16.748    VIOLATED
      RESULTS_CONV_INST/r697_reg[0]/D r          -16.742    VIOLATED
      RESULTS_CONV_INST/r941_reg[5]/D r          -16.738    VIOLATED
      RESULTS_CONV_INST/upper1336/dout_reg[0]/D r   -16.723    VIOLATED
      RESULTS_CONV_INST/r941_reg[13]/D r         -16.722    VIOLATED
      RESULTS_CONV_INST/upper1336/dout_reg[1]/D f   -16.720    VIOLATED
      RESULTS_CONV_INST/r1633_reg[9]/D r         -16.713    VIOLATED
      TDSP_CORE_INST/DATA_BUS_MACH_INST/data_out_reg[1]/D f   -16.706    VIOLATED
      RESULTS_CONV_INST/upper770/dout_reg[5]/D r -16.695    VIOLATED
      RESULTS_CONV_INST/r1477_reg[9]/D r         -16.674    VIOLATED
      RESULTS_CONV_INST/upper770/dout_reg[1]/D f -16.669    VIOLATED
      RESULTS_CONV_INST/r697_reg[6]/D r          -16.659    VIOLATED
      RESULTS_CONV_INST/r1477_reg[5]/D r         -16.657    VIOLATED
      TDSP_CORE_INST/DATA_BUS_MACH_INST/data_out_reg[7]/D f   -16.654    VIOLATED
      RESULTS_CONV_INST/upper1336/dout_reg[5]/D r   -16.653    VIOLATED
      RESULTS_CONV_INST/upper1336/dout_reg[7]/D f   -16.647    VIOLATED
      RESULTS_CONV_INST/r1200_reg[5]/D r         -16.630    VIOLATED
      RESULTS_CONV_INST/r941_reg[6]/D r          -16.609    VIOLATED
      TDSP_CORE_INST/DATA_BUS_MACH_INST/data_out_reg[3]/D f   -16.607    VIOLATED
      TDSP_CORE_INST/DATA_BUS_MACH_INST/data_out_reg[10]/D f   -16.574    VIOLATED
      RESULTS_CONV_INST/lower1336/dout_reg[4]/D r   -16.570    VIOLATED
      RESULTS_CONV_INST/r941_reg[0]/D r          -16.566    VIOLATED
      RESULTS_CONV_INST/r941_reg[1]/D r          -16.558    VIOLATED
      RESULTS_CONV_INST/r1633_reg[6]/D r         -16.554    VIOLATED
      RESULTS_CONV_INST/r1477_reg[1]/D r         -16.543    VIOLATED
      RESULTS_CONV_INST/r1633_reg[0]/D r         -16.524    VIOLATED
      RESULTS_CONV_INST/r1200_reg[13]/D r        -16.506    VIOLATED
      RESULTS_CONV_INST/r1477_reg[0]/D r         -16.495    VIOLATED
      RESULTS_CONV_INST/lower770/dout_reg[4]/D r -16.491    VIOLATED
      RESULTS_CONV_INST/upper1336/dout_reg[3]/D r   -16.485    VIOLATED
      RESULTS_CONV_INST/r1200_reg[0]/D r         -16.473    VIOLATED
      TDSP_CORE_INST/DATA_BUS_MACH_INST/data_out_reg[0]/D f   -16.442    VIOLATED
      RESULTS_CONV_INST/r1477_reg[6]/D r         -16.442    VIOLATED
      RESULTS_CONV_INST/r1633_reg[13]/D r        -16.417    VIOLATED
      RESULTS_CONV_INST/r1200_reg[1]/D r         -16.415    VIOLATED
      RESULTS_CONV_INST/upper770/dout_reg[3]/D r -16.413    VIOLATED
      RESULTS_CONV_INST/r1633_reg[1]/D r         -16.401    VIOLATED
      RESULTS_CONV_INST/r1200_reg[6]/D r         -16.381    VIOLATED
      RESULTS_CONV_INST/r1477_reg[13]/D f        -16.350    VIOLATED
      TDSP_CORE_INST/DATA_BUS_MACH_INST/data_out_reg[12]/D f   -16.339    VIOLATED
      TDSP_CORE_INST/DATA_BUS_MACH_INST/data_out_reg[5]/D f   -16.326    VIOLATED
      TDSP_CORE_INST/DATA_BUS_MACH_INST/data_out_reg[15]/D f   -16.318    VIOLATED
      TDSP_CORE_INST/DATA_BUS_MACH_INST/data_out_reg[11]/D f   -16.313    VIOLATED
      TDSP_CORE_INST/DATA_BUS_MACH_INST/data_out_reg[13]/D f   -16.304    VIOLATED
      TDSP_CORE_INST/DATA_BUS_MACH_INST/data_out_reg[6]/D f   -16.298    VIOLATED
      TDSP_CORE_INST/DATA_BUS_MACH_INST/data_out_reg[14]/D f   -16.289    VIOLATED
      RESULTS_CONV_INST/upper770/dout_reg[7]/D r -16.252    VIOLATED
      TDSP_CORE_INST/DATA_BUS_MACH_INST/data_out_reg[9]/D f   -16.241    VIOLATED
      TDSP_CORE_INST/DATA_BUS_MACH_INST/data_out_reg[8]/D f   -16.241    VIOLATED
      RESULTS_CONV_INST/lower1336/dout_reg[2]/D r   -16.216    VIOLATED
      RESULTS_CONV_INST/lower1336/dout_reg[7]/D r   -16.180    VIOLATED
      TDSP_CORE_INST/DATA_BUS_MACH_INST/data_out_reg[4]/D f   -16.174    VIOLATED
      RESULTS_CONV_INST/lower770/dout_reg[7]/D r -16.152    VIOLATED
      RESULTS_CONV_INST/lower770/dout_reg[2]/D r -16.120    VIOLATED
      RESULTS_CONV_INST/lower1336/dout_reg[0]/D r   -16.069    VIOLATED
      RESULTS_CONV_INST/lower1336/dout_reg[5]/D r   -16.030    VIOLATED
      RESULTS_CONV_INST/lower770/dout_reg[5]/D r -16.026    VIOLATED
      RESULTS_CONV_INST/lower1336/dout_reg[1]/D r   -15.826    VIOLATED
      TDSP_CORE_INST/EXECUTE_INST/p_reg[3]/D f   -15.810    VIOLATED
      RESULTS_CONV_INST/lower1336/dout_reg[6]/D r   -15.790    VIOLATED
      RAM_256x16_TEST_INST/RAM_256x16_INST/D[7] f   -15.764    VIOLATED
      RESULTS_CONV_INST/lower770/dout_reg[6]/D r -15.673    VIOLATED
      TDSP_CORE_INST/EXECUTE_INST/sel_op_b_reg[0]/D f   -15.521    VIOLATED
      TDSP_CORE_INST/EXECUTE_INST/sel_op_b_reg[1]/D f   -15.238    VIOLATED
      ARB_INST/tdsp_grant_reg/D r                -15.150    VIOLATED
      TDSP_CORE_INST/EXECUTE_INST/sel_op_a_reg[2]/D f   -15.128    VIOLATED
      RAM_256x16_TEST_INST/RAM_256x16_INST/D[3] r   -15.128    VIOLATED
      ARB_INST/dma_grant_reg/D f                 -15.127    VIOLATED
      TDSP_CORE_INST/EXECUTE_INST/sel_op_a_reg[1]/D f   -14.958    VIOLATED
      TDSP_CORE_INST/EXECUTE_INST/p_reg[2]/D f   -14.697    VIOLATED
      TDSP_CORE_INST/EXECUTE_INST/sel_op_a_reg[0]/D f   -14.651    VIOLATED
      ARB_INST/present_state_reg[1]/D f          -14.445    VIOLATED
      RAM_256x16_TEST_INST/RAM_256x16_INST/D[1] r   -14.163    VIOLATED
      TDSP_CORE_INST/EXECUTE_INST/p_reg[1]/D f   -14.018    VIOLATED
      RAM_256x16_TEST_INST/RAM_256x16_INST/D[2] r   -13.985    VIOLATED
      TDSP_CORE_INST/EXECUTE_INST/alu_cmd_reg[0]/D f   -13.833    VIOLATED
      ARB_INST/present_state_reg[0]/D f          -13.810    VIOLATED
      TDSP_CORE_INST/EXECUTE_INST/sel_op_b_reg[2]/D r   -13.777    VIOLATED
      TDSP_CORE_INST/EXECUTE_INST/p_reg[0]/D f   -13.623    VIOLATED
      TDSP_CORE_INST/EXECUTE_INST/alu_cmd_reg[1]/D f   -13.070    VIOLATED
      TDSP_CORE_INST/EXECUTE_INST/alu_cmd_reg[2]/D f   -13.016    VIOLATED
      RAM_256x16_TEST_INST/RAM_256x16_INST/D[10] r   -13.003    VIOLATED
      RAM_256x16_TEST_INST/RAM_256x16_INST/D[4] r   -12.994    VIOLATED
      RAM_256x16_TEST_INST/RAM_256x16_INST/D[8] r   -12.823    VIOLATED
      ARB_INST/ECO1reg_present_state_reg[2]/D f  -12.730    VIOLATED
      RAM_128x16_TEST_INST/RAM_128x16_INST/D[4] r   -12.653    VIOLATED
      RAM_256x16_TEST_INST/RAM_256x16_INST/D[14] r   -12.651    VIOLATED
      RAM_256x16_TEST_INST/RAM_256x16_INST/D[9] f   -12.631    VIOLATED
      RAM_256x16_TEST_INST/RAM_256x16_INST/D[15] r   -12.413    VIOLATED
      RAM_256x16_TEST_INST/RAM_256x16_INST/D[6] r   -12.400    VIOLATED
      TDSP_CORE_INST/EXECUTE_INST/ar0_reg[3]/D f -12.390    VIOLATED
      TDSP_CORE_INST/EXECUTE_INST/ar0_reg[4]/D f -12.324    VIOLATED
      TDSP_CORE_INST/TDSP_CORE_MACH_INST/tdsp_state_reg[2]/D r   -12.315    VIOLATED
      RAM_128x16_TEST_INST/RAM_128x16_INST/D[0] r   -12.283    VIOLATED
      TDSP_CORE_INST/EXECUTE_INST/ar0_reg[6]/D f -12.267    VIOLATED
      RAM_128x16_TEST_INST/RAM_128x16_INST/D[10] r   -12.182    VIOLATED
      RAM_256x16_TEST_INST/RAM_256x16_INST/D[12] r   -12.176    VIOLATED
      TDSP_CORE_INST/EXECUTE_INST/ar0_reg[5]/D f -12.145    VIOLATED
      TDSP_CORE_INST/TDSP_CORE_MACH_INST/phi_3_reg/D f   -12.082    VIOLATED
      RAM_256x16_TEST_INST/RAM_256x16_INST/D[5] r   -12.024    VIOLATED
      RAM_128x16_TEST_INST/RAM_128x16_INST/D[3] r   -11.958    VIOLATED
      RAM_256x16_TEST_INST/RAM_256x16_INST/D[11] r   -11.856    VIOLATED
      TDSP_CORE_INST/EXECUTE_INST/ar0_reg[7]/D f -11.846    VIOLATED
      RAM_128x16_TEST_INST/RAM_128x16_INST/D[12] r   -11.828    VIOLATED
      TDSP_CORE_INST/EXECUTE_INST/ar0_reg[15]/D f   -11.740    VIOLATED
      RAM_128x16_TEST_INST/RAM_128x16_INST/D[14] r   -11.701    VIOLATED
      TDSP_CORE_INST/EXECUTE_INST/ar1_reg[3]/D f -11.691    VIOLATED
      TDSP_CORE_INST/EXECUTE_INST/ar1_reg[6]/D f -11.662    VIOLATED
      TDSP_CORE_INST/EXECUTE_INST/ar0_reg[2]/D f -11.629    VIOLATED
      TDSP_CORE_INST/EXECUTE_INST/ar1_reg[1]/D f -11.625    VIOLATED
      RESULTS_CONV_INST/go_reg/D f               -11.596    VIOLATED
      TDSP_CORE_INST/EXECUTE_INST/ar1_reg[4]/D f -11.566    VIOLATED
      TDSP_CORE_INST/EXECUTE_INST/ar0_reg[1]/D f -11.566    VIOLATED
      TDSP_CORE_INST/EXECUTE_INST/ar1_reg[2]/D f -11.522    VIOLATED
      TDSP_CORE_INST/EXECUTE_INST/ar1_reg[7]/D f -11.516    VIOLATED
      TDSP_CORE_INST/EXECUTE_INST/ar1_reg[15]/D f   -11.511    VIOLATED
      TDSP_CORE_INST/EXECUTE_INST/ar1_reg[5]/D f -11.493    VIOLATED
      RAM_256x16_TEST_INST/RAM_256x16_INST/D[13] r   -11.445    VIOLATED
      TDSP_CORE_INST/EXECUTE_INST/ar0_reg[10]/D f   -11.384    VIOLATED
      RAM_128x16_TEST_INST/RAM_128x16_INST/D[1] r   -11.358    VIOLATED
      TDSP_CORE_INST/EXECUTE_INST/ar0_reg[14]/D f   -11.326    VIOLATED
      TDSP_CORE_INST/EXECUTE_INST/ar0_reg[8]/D f -11.279    VIOLATED
      TDSP_CORE_INST/EXECUTE_INST/ar1_reg[0]/D r -11.279    VIOLATED
      TDSP_CORE_INST/EXECUTE_INST/ar0_reg[13]/D f   -11.257    VIOLATED
      TDSP_CORE_INST/EXECUTE_INST/ar0_reg[12]/D f   -11.192    VIOLATED
      TDSP_CORE_INST/EXECUTE_INST/ar0_reg[11]/D f   -11.146    VIOLATED
      TDSP_CORE_INST/EXECUTE_INST/ar0_reg[9]/D f -11.111    VIOLATED
      RAM_128x16_TEST_INST/RAM_128x16_INST/D[8] r   -11.030    VIOLATED
      RAM_128x16_TEST_INST/RAM_128x16_INST/D[13] r   -10.989    VIOLATED
      TDSP_CORE_INST/EXECUTE_INST/ar1_reg[11]/D f   -10.905    VIOLATED
      RAM_128x16_TEST_INST/RAM_128x16_INST/D[11] r   -10.888    VIOLATED
      TDSP_CORE_INST/EXECUTE_INST/ar1_reg[13]/D f   -10.886    VIOLATED
      TDSP_CORE_INST/EXECUTE_INST/ar1_reg[8]/D f -10.856    VIOLATED
      TDSP_CORE_INST/DATA_BUS_MACH_INST/present_state_reg[2]/D f   -10.822    VIOLATED
      RESULTS_CONV_INST/ok_reg/D r               -10.805    VIOLATED
      TDSP_CORE_INST/EXECUTE_INST/ar1_reg[14]/D f   -10.781    VIOLATED
      RAM_128x16_TEST_INST/RAM_128x16_INST/D[9] r   -10.754    VIOLATED
      TDSP_CORE_INST/EXECUTE_INST/ar1_reg[10]/D f   -10.746    VIOLATED
      TDSP_CORE_INST/EXECUTE_INST/ar1_reg[12]/D f   -10.741    VIOLATED
      TDSP_CORE_INST/EXECUTE_INST/ar1_reg[9]/D f -10.741    VIOLATED
      RAM_128x16_TEST_INST/RAM_128x16_INST/D[7] r   -10.624    VIOLATED
      TDSP_CORE_INST/DATA_BUS_MACH_INST/present_state_reg[0]/D f   -10.580    VIOLATED
      RAM_128x16_TEST_INST/RAM_128x16_INST/D[15] r   -10.528    VIOLATED
      TDSP_CORE_INST/TDSP_CORE_MACH_INST/tdsp_state_reg[0]/D f   -10.491    VIOLATED
      TDSP_CORE_INST/EXECUTE_INST/ar0_reg[0]/D f -10.429    VIOLATED
      RESULTS_CONV_INST/gt_reg/D r               -10.412    VIOLATED
      TDSP_CORE_INST/EXECUTE_INST/top_reg[5]/D f -10.407    VIOLATED
      TDSP_CORE_INST/EXECUTE_INST/top_reg[15]/D f   -10.375    VIOLATED
      TDSP_CORE_INST/EXECUTE_INST/top_reg[13]/D f   -10.304    VIOLATED
      TDSP_CORE_INST/EXECUTE_INST/top_reg[8]/D f -10.297    VIOLATED
      TDSP_CORE_INST/EXECUTE_INST/top_reg[0]/D f -10.275    VIOLATED
      TDSP_CORE_INST/EXECUTE_INST/top_reg[2]/D f -10.243    VIOLATED
      TDSP_CORE_INST/EXECUTE_INST/top_reg[10]/D f   -10.221    VIOLATED
      TDSP_CORE_INST/EXECUTE_INST/top_reg[1]/D f -10.218    VIOLATED
      TDSP_CORE_INST/EXECUTE_INST/top_reg[14]/D f   -10.202    VIOLATED
      TDSP_CORE_INST/EXECUTE_INST/top_reg[11]/D f   -10.176    VIOLATED
      TDSP_CORE_INST/EXECUTE_INST/top_reg[12]/D f   -10.170    VIOLATED
      TDSP_CORE_INST/EXECUTE_INST/top_reg[4]/D f -10.157    VIOLATED
      TDSP_CORE_INST/EXECUTE_INST/top_reg[6]/D f -10.156    VIOLATED
      TDSP_CORE_INST/EXECUTE_INST/top_reg[9]/D f -10.139    VIOLATED
      TDSP_CORE_INST/EXECUTE_INST/top_reg[7]/D f -10.136    VIOLATED
      TDSP_CORE_INST/EXECUTE_INST/top_reg[3]/D f -10.118    VIOLATED
      TDSP_CORE_INST/EXECUTE_INST/go_prog_reg/D r   -9.931     VIOLATED
      TDSP_CORE_INST/EXECUTE_INST/three_cycle_reg/D f   -9.893     VIOLATED
      TDSP_CORE_INST/EXECUTE_INST/skip_one_reg/D r   -9.863     VIOLATED
      RAM_128x16_TEST_INST/RAM_128x16_INST/D[2] r   -9.803     VIOLATED
      TDSP_CORE_INST/EXECUTE_INST/update_it_reg/D r   -9.648     VIOLATED
      RAM_256x16_TEST_INST/RAM_256x16_INST/A[6] r   -9.644     VIOLATED
      TDSP_CORE_INST/EXECUTE_INST/two_cycle_reg/D f   -9.621     VIOLATED
      TDSP_CORE_INST/EXECUTE_INST/read_prog_reg/D f   -9.616     VIOLATED
      RAM_128x16_TEST_INST/RAM_128x16_INST/D[5] r   -9.478     VIOLATED
      RAM_128x16_TEST_INST/RAM_128x16_INST/D[6] r   -9.405     VIOLATED
      RAM_256x16_TEST_INST/RAM_256x16_INST/A[5] r   -9.239     VIOLATED
      ROM_512x16_0_INST/A[2] r                   -8.859     VIOLATED
      RAM_128x16_TEST_INST/RAM_128x16_INST/A[6] r   -8.797     VIOLATED
      TDSP_CORE_INST/EXECUTE_INST/dmov_inc_reg/D r   -8.696     VIOLATED
      TDSP_CORE_INST/EXECUTE_INST/ovm_reg/D r    -8.578     VIOLATED
      RESULTS_CONV_INST/low_mag_reg[10]/D r      -8.532     VIOLATED
      RAM_256x16_TEST_INST/RAM_256x16_INST/A[4] r   -8.509     VIOLATED
      RESULTS_CONV_INST/high_mag_reg[15]/D f     -8.414     VIOLATED
      RESULTS_CONV_INST/high_mag_reg[11]/D f     -8.381     VIOLATED
      RESULTS_CONV_INST/high_mag_reg[6]/D f      -8.377     VIOLATED
      TDSP_CORE_INST/EXECUTE_INST/arp_reg/D f    -8.341     VIOLATED
      RESULTS_CONV_INST/low_mag_reg[8]/D r       -8.327     VIOLATED
      ROM_512x16_0_INST/A[4] r                   -8.283     VIOLATED
      RESULTS_CONV_INST/high_mag_reg[12]/D f     -8.281     VIOLATED
      RESULTS_CONV_INST/high_mag_reg[9]/D f      -8.280     VIOLATED
      TDSP_CORE_INST/EXECUTE_INST/go_data_reg/D r   -8.272     VIOLATED
      RESULTS_CONV_INST/high_mag_reg[4]/D f      -8.264     VIOLATED
      RESULTS_CONV_INST/high_mag_reg[10]/D f     -8.253     VIOLATED
      RESULTS_CONV_INST/high_mag_reg[3]/D f      -8.234     VIOLATED
      ROM_512x16_0_INST/A[8] r                   -8.197     VIOLATED
      RESULTS_CONV_INST/high_mag_reg[0]/D f      -8.186     VIOLATED
      ROM_512x16_0_INST/A[5] r                   -8.174     VIOLATED
      RESULTS_CONV_INST/high_mag_reg[1]/D f      -8.172     VIOLATED
      RESULTS_CONV_INST/high_mag_reg[13]/D f     -8.157     VIOLATED
      RESULTS_CONV_INST/high_mag_reg[14]/D f     -8.153     VIOLATED
      RESULTS_CONV_INST/high_mag_reg[2]/D f      -8.136     VIOLATED
      RESULTS_CONV_INST/high_mag_reg[8]/D f      -8.098     VIOLATED
      RESULTS_CONV_INST/high_mag_reg[7]/D f      -8.095     VIOLATED
      RESULTS_CONV_INST/high_mag_reg[5]/D f      -8.075     VIOLATED
      ROM_512x16_0_INST/A[7] r                   -8.058     VIOLATED
      TDSP_CORE_INST/EXECUTE_INST/pc_acc_reg/D r -7.964     VIOLATED
      RAM_256x16_TEST_INST/RAM_256x16_INST/A[2] r   -7.842     VIOLATED
      RESULTS_CONV_INST/low_mag_reg[3]/D r       -7.824     VIOLATED
      RESULTS_CONV_INST/low_mag_reg[11]/D r      -7.687     VIOLATED
      DMA_INST/a_reg[7]/D r                      -7.624     VIOLATED
      ROM_512x16_0_INST/A[3] r                   -7.622     VIOLATED
      ROM_512x16_0_INST/A[6] r                   -7.562     VIOLATED
      RESULTS_CONV_INST/low_mag_reg[9]/D r       -7.545     VIOLATED
      RAM_128x16_TEST_INST/RAM_128x16_INST/A[4] r   -7.524     VIOLATED
      DMA_INST/a_reg[6]/D r                      -7.501     VIOLATED
      TDSP_CORE_INST/EXECUTE_INST/branch_stall_reg/D r   -7.394     VIOLATED
      RESULTS_CONV_INST/low_mag_reg[5]/D r       -7.366     VIOLATED
      RESULTS_CONV_INST/low_mag_reg[6]/D r       -7.336     VIOLATED
      RESULTS_CONV_INST/low_mag_reg[4]/D r       -7.329     VIOLATED
      RESULTS_CONV_INST/low_mag_reg[7]/D r       -7.315     VIOLATED
      RAM_256x16_TEST_INST/RAM_256x16_INST/A[1] r   -7.314     VIOLATED
      RESULTS_CONV_INST/low_mag_reg[13]/D r      -7.283     VIOLATED
      RESULTS_CONV_INST/low_mag_reg[12]/D r      -7.233     VIOLATED
      RESULTS_CONV_INST/low_mag_reg[2]/D r       -7.220     VIOLATED
      RESULTS_CONV_INST/low_mag_reg[15]/D r      -7.210     VIOLATED
      RAM_256x16_TEST_INST/RAM_256x16_INST/A[3] r   -7.162     VIOLATED
      RAM_128x16_TEST_INST/RAM_128x16_INST/A[2] r   -6.989     VIOLATED
      TDSP_CORE_INST/DECODE_INST/go_data_reg/D r -6.943     VIOLATED
      RAM_128x16_TEST_INST/RAM_128x16_INST/A[5] r   -6.911     VIOLATED
      TDSP_CORE_INST/DECODE_INST/read_data_reg/D r   -6.901     VIOLATED
      RAM_256x16_TEST_INST/RAM_256x16_INST/A[0] r   -6.582     VIOLATED
      ROM_512x16_0_INST/A[1] r                   -6.566     VIOLATED
      TDSP_CORE_INST/DECODE_INST/read_prog_reg/D r   -6.565     VIOLATED
      DMA_INST/a_reg[5]/D r                      -6.537     VIOLATED
      RESULTS_CONV_INST/low_reg[1]/D r           -6.462     VIOLATED
      RESULTS_CONV_INST/low_reg[2]/D r           -6.449     VIOLATED
      TDSP_CORE_INST/DECODE_INST/two_cycle_reg/D r   -6.446     VIOLATED
      RESULTS_CONV_INST/low_reg[0]/D r           -6.405     VIOLATED
      RAM_128x16_TEST_INST/RAM_128x16_INST/A[3] r   -6.371     VIOLATED
      DMA_INST/a_reg[4]/D r                      -6.333     VIOLATED
      ROM_512x16_0_INST/A[0] r                   -6.234     VIOLATED
      TDSP_CORE_INST/EXECUTE_INST/dp_reg/D r     -6.169     VIOLATED
      TDSP_CORE_INST/DECODE_INST/read_port_reg/D r   -6.143     VIOLATED
      RESULTS_CONV_INST/low_mag_reg[1]/D r       -6.102     VIOLATED
      TDSP_CORE_INST/DECODE_INST/go_port_reg/D r -6.041     VIOLATED
      RESULTS_CONV_INST/low_mag_reg[0]/D r       -5.944     VIOLATED
      RESULTS_CONV_INST/low_mag_reg[14]/D r      -5.940     VIOLATED
      port_pad_data_out[0] r                     -5.931     VIOLATED
      TDSP_CORE_INST/DECODE_INST/decode_skip_one_reg/D r   -5.930     VIOLATED
      RESULTS_CONV_INST/high_reg[0]/D f          -5.874     VIOLATED
      RESULTS_CONV_INST/high_reg[2]/D f          -5.851     VIOLATED
      RESULTS_CONV_INST/high_reg[1]/D f          -5.840     VIOLATED
      TDSP_CORE_INST/DECODE_INST/go_prog_reg/D r -5.821     VIOLATED
      port_pad_data_out[4] r                     -5.807     VIOLATED
      RAM_128x16_TEST_INST/RAM_128x16_INST/A[0] r   -5.795     VIOLATED
      RAM_128x16_TEST_INST/RAM_128x16_INST/A[1] r   -5.625     VIOLATED
      port_pad_data_out[1] r                     -5.579     VIOLATED
      port_pad_data_out[3] r                     -5.579     VIOLATED
      port_pad_data_out[9] r                     -5.481     VIOLATED
      port_pad_data_out[6] r                     -5.473     VIOLATED
      RESULTS_CONV_INST/out_p1_reg[3]/D r        -5.471     VIOLATED
      RESULTS_CONV_INST/out_p1_reg[2]/D r        -5.461     VIOLATED
      RESULTS_CONV_INST/out_p1_reg[0]/D r        -5.405     VIOLATED
      DMA_INST/a_reg[3]/D r                      -5.354     VIOLATED
      RESULTS_CONV_INST/out_p1_reg[1]/D r        -5.306     VIOLATED
      RESULTS_CONV_INST/out_p1_reg[4]/D r        -5.284     VIOLATED
      TDSP_CORE_INST/DECODE_INST/decode_reg[15]/D r   -5.228     VIOLATED
      port_pad_data_out[8] r                     -5.223     VIOLATED
      TDSP_CORE_INST/DECODE_INST/decode_reg[4]/D r   -5.210     VIOLATED
      port_pad_data_out[7] r                     -5.209     VIOLATED
      TDSP_CORE_INST/DECODE_INST/decode_reg[5]/D r   -5.166     VIOLATED
      TDSP_CORE_INST/DECODE_INST/ir_reg[5]/D f   -5.055     VIOLATED
      port_pad_data_out[10] f                    -5.042     VIOLATED
      TDSP_CORE_INST/DECODE_INST/ir_reg[6]/D f   -5.038     VIOLATED
      port_pad_data_out[2] r                     -5.028     VIOLATED
      RESULTS_CONV_INST/out_p2_reg[6]/D f        -5.020     VIOLATED
      TDSP_CORE_INST/DECODE_INST/ir_reg[1]/D f   -5.014     VIOLATED
      TDSP_CORE_INST/DECODE_INST/ir_reg[4]/D f   -5.012     VIOLATED
      TDSP_CORE_INST/DECODE_INST/decode_reg[6]/D f   -5.011     VIOLATED
      TDSP_CORE_INST/DECODE_INST/ir_reg[3]/D f   -5.003     VIOLATED
      TDSP_CORE_INST/DECODE_INST/ir_reg[2]/D f   -5.003     VIOLATED
      TDSP_CORE_INST/DECODE_INST/ir_reg[0]/D f   -4.997     VIOLATED
      TDSP_CORE_INST/DECODE_INST/decode_reg[0]/D f   -4.972     VIOLATED
      TDSP_CORE_INST/DECODE_INST/decode_reg[3]/D f   -4.966     VIOLATED
      RESULTS_CONV_INST/out_p2_reg[5]/D f        -4.963     VIOLATED
      TDSP_CORE_INST/DECODE_INST/decode_reg[2]/D f   -4.962     VIOLATED
      port_pad_data_out[13] r                    -4.960     VIOLATED
      TDSP_CORE_INST/DECODE_INST/decode_reg[1]/D f   -4.959     VIOLATED
      port_pad_data_out[11] f                    -4.951     VIOLATED
      RESULTS_CONV_INST/out_p2_reg[4]/D f        -4.914     VIOLATED
      RESULTS_CONV_INST/out_p2_reg[3]/D f        -4.906     VIOLATED
      RESULTS_CONV_INST/out_p1_reg[6]/D r        -4.903     VIOLATED
      port_pad_data_out[12] f                    -4.888     VIOLATED
      scan_out1 r                                -4.886     VIOLATED
      RESULTS_CONV_INST/state_reg[3]/D f         -4.864     VIOLATED
      port_pad_data_out[14] f                    -4.860     VIOLATED
      port_pad_data_out[15] r                    -4.838     VIOLATED
      port_pad_data_out[5] r                     -4.781     VIOLATED
      DMA_INST/a_reg[2]/D r                      -4.767     VIOLATED
      TDSP_CORE_INST/EXECUTE_INST/go_port_reg/D r   -4.730     VIOLATED
      RESULTS_CONV_INST/out_p2_reg[1]/D f        -4.715     VIOLATED
      RESULTS_CONV_INST/state_reg[2]/D r         -4.602     VIOLATED
      RESULTS_CONV_INST/out_p2_reg[7]/D f        -4.531     VIOLATED
      RESULTS_CONV_INST/out_p2_reg[2]/D f        -4.531     VIOLATED
      RESULTS_CONV_INST/out_p2_reg[0]/D f        -4.505     VIOLATED
      DIGIT_REG_INST/flag_out_reg/D f            -4.425     VIOLATED
      RESULTS_CONV_INST/clear_flag_reg/D f       -4.400     VIOLATED
      RESULTS_CONV_INST/state_reg[0]/D f         -4.374     VIOLATED
      DIGIT_REG_INST/digit_out_reg[7]/D f        -4.269     VIOLATED
      TDSP_CORE_INST/DECODE_INST/ir_reg[15]/D r  -4.244     VIOLATED
      TDSP_CORE_INST/DECODE_INST/ir_reg[8]/SE r  -4.167     VIOLATED
      TDSP_CORE_INST/DECODE_INST/ir_reg[11]/SE r -4.167     VIOLATED
      RESULTS_CONV_INST/go_reg/RN r              -4.166     VIOLATED
      TDSP_CORE_INST/DECODE_INST/decode_reg[8]/SE r   -4.166     VIOLATED
      TDSP_CORE_INST/DECODE_INST/ir_reg[14]/SE r -4.158     VIOLATED
      TDSP_CORE_INST/DECODE_INST/ir_reg[10]/SE r -4.104     VIOLATED
      TDSP_CORE_INST/DECODE_INST/ir_reg[9]/SE r  -4.104     VIOLATED
      TDSP_CORE_INST/DECODE_INST/decode_reg[10]/SE r   -4.104     VIOLATED
      TDSP_CORE_INST/DECODE_INST/decode_reg[13]/SE r   -4.104     VIOLATED
      TDSP_CORE_INST/DECODE_INST/ir_reg[7]/SE r  -4.094     VIOLATED
      TDSP_CORE_INST/DECODE_INST/decode_reg[7]/SE r   -4.094     VIOLATED
      TDSP_CORE_INST/DECODE_INST/ir_reg[12]/SE r -4.077     VIOLATED
      TDSP_CORE_INST/DECODE_INST/decode_reg[11]/SE r   -4.071     VIOLATED
      TDSP_CORE_INST/DECODE_INST/decode_reg[14]/SE r   -4.071     VIOLATED
      TDSP_CORE_INST/DECODE_INST/ir_reg[13]/SE r -4.067     VIOLATED
      TDSP_CORE_INST/DECODE_INST/decode_reg[12]/SE r   -4.065     VIOLATED
      TDSP_CORE_INST/DECODE_INST/decode_reg[9]/SE r   -4.065     VIOLATED
      DIGIT_REG_INST/digit_out_reg[0]/D f        -3.996     VIOLATED
      DIGIT_REG_INST/digit_out_reg[2]/D f        -3.991     VIOLATED
      DIGIT_REG_INST/digit_out_reg[5]/D f        -3.822     VIOLATED
      DIGIT_REG_INST/digit_out_reg[4]/D f        -3.759     VIOLATED
      RESULTS_CONV_INST/state_reg[1]/D f         -3.752     VIOLATED
      DIGIT_REG_INST/digit_out_reg[3]/D f        -3.728     VIOLATED
      DIGIT_REG_INST/digit_out_reg[1]/D f        -3.690     VIOLATED
      SPI_INST/bit_cnt_reg[0]/SI r               -3.688     VIOLATED
      RESULTS_CONV_INST/out_p1_reg[5]/D r        -3.683     VIOLATED
      SPI_INST/spi_sr_reg[0]/SI f                -3.675     VIOLATED
      TDSP_CORE_INST/PROG_BUS_MACH_INST/data_out_reg[14]/D r   -3.667     VIOLATED
      TDSP_CORE_INST/PROG_BUS_MACH_INST/data_out_reg[1]/D f   -3.667     VIOLATED
      DMA_INST/a_reg[1]/D r                      -3.666     VIOLATED
      TDSP_CORE_INST/PROG_BUS_MACH_INST/data_out_reg[8]/D f   -3.659     VIOLATED
      TDSP_CORE_INST/PROG_BUS_MACH_INST/data_out_reg[0]/D f   -3.659     VIOLATED
      TDSP_CORE_INST/PROG_BUS_MACH_INST/data_out_reg[3]/D f   -3.639     VIOLATED
      TDSP_CORE_INST/PROG_BUS_MACH_INST/data_out_reg[7]/D f   -3.639     VIOLATED
      TDSP_CORE_INST/PROG_BUS_MACH_INST/data_out_reg[5]/D f   -3.634     VIOLATED
      TDSP_CORE_INST/PROG_BUS_MACH_INST/data_out_reg[6]/D f   -3.634     VIOLATED
      TDSP_CORE_INST/PROG_BUS_MACH_INST/data_out_reg[15]/D f   -3.623     VIOLATED
      TDSP_CORE_INST/PROG_BUS_MACH_INST/data_out_reg[4]/D f   -3.622     VIOLATED
      TDSP_CORE_INST/PROG_BUS_MACH_INST/data_out_reg[2]/D f   -3.618     VIOLATED
      TDSP_CORE_INST/PROG_BUS_MACH_INST/data_out_reg[9]/D f   -3.597     VIOLATED
      DIGIT_REG_INST/digit_out_reg[6]/D f        -3.570     VIOLATED
      SPI_INST/bit_cnt_reg[0]/D r                -3.433     VIOLATED
      DMA_INST/a_reg[0]/D r                      -3.359     VIOLATED
      SPI_INST/spi_sr_reg[4]/D f                 -3.323     VIOLATED
      SPI_INST/spi_sr_reg[1]/D f                 -3.298     VIOLATED
      SPI_INST/spi_sr_reg[7]/D f                 -3.288     VIOLATED
      TDSP_CORE_INST/PORT_BUS_MACH_INST/data_out_reg[4]/D r   -3.280     VIOLATED
      RAM_256x16_TEST_INST/RAM_256x16_INST/A[7] r   -3.263     VIOLATED
      SPI_INST/spi_sr_reg[0]/D f                 -3.200     VIOLATED
      SPI_INST/spi_sr_reg[2]/D f                 -3.189     VIOLATED
      SPI_INST/spi_sr_reg[3]/D f                 -3.171     VIOLATED
      RESULTS_CONV_INST/dout_flag_reg/D r        -3.154     VIOLATED
      SPI_INST/spi_sr_reg[6]/D f                 -3.126     VIOLATED
      SPI_INST/spi_sr_reg[5]/D f                 -3.124     VIOLATED
      DMA_INST/breq_reg/D r                      -3.077     VIOLATED
      TDSP_CORE_INST/PORT_BUS_MACH_INST/data_out_reg[15]/D f   -2.833     VIOLATED
      TDSP_CORE_INST/PORT_BUS_MACH_INST/data_out_reg[0]/D f   -2.828     VIOLATED
      TDSP_CORE_INST/PORT_BUS_MACH_INST/data_out_reg[9]/D f   -2.814     VIOLATED
      TDSP_CORE_INST/PORT_BUS_MACH_INST/data_out_reg[10]/D f   -2.812     VIOLATED
      TDSP_CORE_INST/PORT_BUS_MACH_INST/data_out_reg[3]/D f   -2.810     VIOLATED
      TDSP_CORE_INST/PORT_BUS_MACH_INST/data_out_reg[14]/D f   -2.803     VIOLATED
      TDSP_CORE_INST/PORT_BUS_MACH_INST/data_out_reg[12]/D f   -2.802     VIOLATED
      TDSP_CORE_INST/PORT_BUS_MACH_INST/data_out_reg[1]/D f   -2.799     VIOLATED
      TDSP_CORE_INST/PORT_BUS_MACH_INST/data_out_reg[13]/D f   -2.795     VIOLATED
      TDSP_CORE_INST/PORT_BUS_MACH_INST/data_out_reg[7]/D f   -2.792     VIOLATED
      TDSP_CORE_INST/PORT_BUS_MACH_INST/data_out_reg[5]/D f   -2.790     VIOLATED
      TDSP_CORE_INST/PORT_BUS_MACH_INST/data_out_reg[2]/D f   -2.783     VIOLATED
      TDSP_CORE_INST/PORT_BUS_MACH_INST/data_out_reg[6]/D f   -2.782     VIOLATED
      TDSP_CORE_INST/PORT_BUS_MACH_INST/data_out_reg[8]/D f   -2.781     VIOLATED
      TDSP_CORE_INST/PORT_BUS_MACH_INST/data_out_reg[11]/D f   -2.775     VIOLATED
      TDSP_CORE_INST/TDSP_CORE_MACH_INST/phi_4_reg/D f   -2.621     VIOLATED
      SPI_INST/dout_reg[7]/D f                   -2.611     VIOLATED
      SPI_INST/dout_reg[2]/D f                   -2.605     VIOLATED
      SPI_INST/dout_reg[0]/D f                   -2.558     VIOLATED
      SPI_INST/dout_reg[6]/D f                   -2.544     VIOLATED
      SPI_INST/dout_reg[1]/D f                   -2.526     VIOLATED
      TDSP_CORE_INST/TDSP_CORE_MACH_INST/phi_6_reg/D r   -2.501     VIOLATED
      SPI_INST/dout_reg[4]/D f                   -2.493     VIOLATED
      SPI_INST/dout_reg[3]/D f                   -2.487     VIOLATED
      SPI_INST/dout_reg[5]/D f                   -2.466     VIOLATED
      TDSP_CORE_INST/TDSP_CORE_MACH_INST/phi_1_reg/D r   -2.330     VIOLATED
      DMA_INST/present_state_reg[1]/D r          -2.307     VIOLATED
      DMA_INST/present_state_reg[0]/D f          -2.281     VIOLATED
      TDSP_CORE_INST/EXECUTE_INST/branch_stall_delay_reg/D f   -2.258     VIOLATED
      DMA_INST/read_spi_reg/D r                  -2.208     VIOLATED
      TDSP_CORE_INST/EXECUTE_INST/update_stall_reg/D r   -2.139     VIOLATED
      DMA_INST/present_state_reg[3]/D r          -2.121     VIOLATED
      SPI_INST/dflag_reg/D r                     -2.095     VIOLATED
      RESULTS_CONV_INST/lower770/dout_reg[0]/SI f   -2.074     VIOLATED
      TDSP_CORE_INST/TDSP_CORE_MACH_INST/phi_5_reg/D r   -2.044     VIOLATED
      TDSP_CORE_INST/PORT_BUS_MACH_INST/present_state_reg[2]/D r   -2.024     VIOLATED
      DMA_INST/write_reg/D r                     -1.956     VIOLATED
      RESULTS_CONV_INST/dout_reg[7]/D f          -1.910     VIOLATED
      RESULTS_CONV_INST/dout_reg[3]/SE r         -1.821     VIOLATED
      RESULTS_CONV_INST/dout_reg[2]/SE r         -1.778     VIOLATED
      RESULTS_CONV_INST/dout_reg[6]/SE r         -1.770     VIOLATED
      RESULTS_CONV_INST/dout_reg[4]/SE r         -1.770     VIOLATED
      RESULTS_CONV_INST/dout_reg[0]/SE r         -1.769     VIOLATED
      RESULTS_CONV_INST/dout_reg[5]/SE r         -1.767     VIOLATED
      TDSP_CORE_INST/TDSP_CORE_MACH_INST/tdsp_state_reg[1]/D r   -1.756     VIOLATED
      RESULTS_CONV_INST/dout_reg[1]/SE r         -1.744     VIOLATED
      SPI_INST/present_state_reg[0]/D f          -1.639     VIOLATED
      SPI_INST/present_state_reg[2]/D r          -1.579     VIOLATED
      TDSP_CORE_INST/PORT_BUS_MACH_INST/present_state_reg[0]/D f   -1.543     VIOLATED
      TDSP_CORE_INST/PROG_BUS_MACH_INST/present_state_reg[2]/D r   -1.515     VIOLATED
      TDSP_CORE_INST/PROG_BUS_MACH_INST/data_out_reg[12]/D f   -1.479     VIOLATED
      TDSP_CORE_INST/PROG_BUS_MACH_INST/data_out_reg[13]/D f   -1.476     VIOLATED
      TDSP_CORE_INST/PROG_BUS_MACH_INST/data_out_reg[11]/D f   -1.473     VIOLATED
      TDSP_CORE_INST/PROG_BUS_MACH_INST/data_out_reg[10]/D f   -1.456     VIOLATED
      TDSP_CORE_INST/PROG_BUS_MACH_INST/present_state_reg[0]/D r   -1.446     VIOLATED
      TDSP_CORE_INST/PORT_BUS_MACH_INST/as_reg/D f   -1.445     VIOLATED
      TDSP_CORE_INST/DECODE_INST/decode_reg[8]/SI r   -1.442     VIOLATED
      SPI_INST/bit_cnt_reg[3]/D f                -1.351     VIOLATED
      DMA_INST/present_state_reg[2]/D r          -1.291     VIOLATED
      TDSP_CORE_INST/DATA_BUS_MACH_INST/bus_request_reg/D r   -1.290     VIOLATED
      TDSP_CORE_INST/DATA_BUS_MACH_INST/as_reg/D r   -1.290     VIOLATED
      TDSP_CORE_INST/DECODE_INST/decode_reg[8]/D r   -1.202     VIOLATED
      TDSP_CORE_INST/DECODE_INST/ir_reg[8]/SI r  -1.200     VIOLATED
      TDSP_CORE_INST/PROG_BUS_MACH_INST/present_state_reg[1]/D r   -1.055     VIOLATED
      TDSP_CORE_INST/PORT_BUS_MACH_INST/present_state_reg[1]/D r   -0.985     VIOLATED
      RESULTS_CONV_INST/digit_clk_reg/D f        -0.894     VIOLATED
      TDSP_CORE_INST/DATA_BUS_MACH_INST/write_reg/D r   -0.852     VIOLATED
      SPI_INST/present_state_reg[1]/D r          -0.816     VIOLATED
      SPI_INST/bit_cnt_reg[1]/D f                -0.785     VIOLATED
      SPI_INST/bit_cnt_reg[2]/D f                -0.755     VIOLATED
      TDSP_CORE_INST/DATA_BUS_MACH_INST/present_state_reg[1]/D r   -0.701     VIOLATED
      tdigit[1] r                                -0.662     VIOLATED
      TDSP_CORE_INST/DATA_BUS_MACH_INST/read_reg/D r   -0.558     VIOLATED
      SPI_INST/bit_cnt_reg[0]/RN r               -0.550     VIOLATED
      SPI_INST/bit_cnt_reg[2]/RN r               -0.541     VIOLATED
      tdigit[7] r                                -0.525     VIOLATED
      DMA_INST/top_buf_flag_reg/D f              -0.509     VIOLATED
      TDSP_CORE_INST/PORT_BUS_MACH_INST/as_reg/SI r   -0.508     VIOLATED
      tdigit[5] r                                -0.481     VIOLATED
      tdigit_flag r                              -0.478     VIOLATED
      tdigit[3] r                                -0.427     VIOLATED
      tdigit[4] r                                -0.413     VIOLATED
      tdigit[2] r                                -0.400     VIOLATED
      tdigit[6] r                                -0.399     VIOLATED
      tdigit[0] r                                -0.322     VIOLATED
      TDSP_CORE_INST/DECODE_INST/read_data_reg/SI r   -0.261     VIOLATED
      RESULTS_CONV_INST/clear_flag_reg/SI r      -0.193     VIOLATED
      TDSP_CORE_INST/DECODE_INST/decode_reg[15]/SI r   -0.178     VIOLATED
      TDSP_CORE_INST/DECODE_INST/decode_reg[7]/SI r   -0.065     VIOLATED
      RESULTS_CONV_INST/low_reg[0]/SI r          -0.052     VIOLATED
      ------------------------------------------------------------------------------------------------

min_delay/hold
---------------------------
      ------------------------------------------------------------------------------------------------  
       End Point                                  Slack      Cause                                      
      ------------------------------------------------------------------------------------------------  
      TDSP_CORE_INST/PROG_BUS_MACH_INST/data_out_reg[10]/D r   -2.244     VIOLATED
      TDSP_CORE_INST/PROG_BUS_MACH_INST/data_out_reg[9]/D r   -2.232     VIOLATED
      TDSP_CORE_INST/PROG_BUS_MACH_INST/data_out_reg[2]/D r   -2.189     VIOLATED
      TDSP_CORE_INST/PROG_BUS_MACH_INST/data_out_reg[11]/D r   -2.187     VIOLATED
      TDSP_CORE_INST/PROG_BUS_MACH_INST/data_out_reg[13]/D r   -2.175     VIOLATED
      TDSP_CORE_INST/PROG_BUS_MACH_INST/data_out_reg[12]/D r   -2.163     VIOLATED
      TDSP_CORE_INST/PROG_BUS_MACH_INST/data_out_reg[15]/D r   -2.149     VIOLATED
      TDSP_CORE_INST/PROG_BUS_MACH_INST/data_out_reg[6]/D r   -2.143     VIOLATED
      TDSP_CORE_INST/PROG_BUS_MACH_INST/data_out_reg[5]/D r   -2.141     VIOLATED
      TDSP_CORE_INST/PROG_BUS_MACH_INST/data_out_reg[7]/D r   -2.126     VIOLATED
      TDSP_CORE_INST/PROG_BUS_MACH_INST/data_out_reg[3]/D r   -2.121     VIOLATED
      TDSP_CORE_INST/PROG_BUS_MACH_INST/data_out_reg[4]/D r   -2.120     VIOLATED
      TDSP_CORE_INST/PROG_BUS_MACH_INST/data_out_reg[0]/D r   -2.113     VIOLATED
      TDSP_CORE_INST/PROG_BUS_MACH_INST/data_out_reg[14]/D r   -2.089     VIOLATED
      TDSP_CORE_INST/PROG_BUS_MACH_INST/data_out_reg[8]/D r   -2.084     VIOLATED
      TDSP_CORE_INST/PROG_BUS_MACH_INST/data_out_reg[1]/D r   -2.055     VIOLATED
      TDSP_CORE_INST/DATA_BUS_MACH_INST/data_out_reg[3]/SI r   -1.703     VIOLATED
      TDSP_CORE_INST/PORT_BUS_MACH_INST/data_out_reg[11]/D r   -1.506     VIOLATED
      TDSP_CORE_INST/PORT_BUS_MACH_INST/data_out_reg[2]/D r   -1.489     VIOLATED
      TDSP_CORE_INST/PORT_BUS_MACH_INST/data_out_reg[6]/D r   -1.485     VIOLATED
      TDSP_CORE_INST/PORT_BUS_MACH_INST/data_out_reg[8]/D r   -1.485     VIOLATED
      TDSP_CORE_INST/PORT_BUS_MACH_INST/data_out_reg[13]/D r   -1.482     VIOLATED
      TDSP_CORE_INST/PORT_BUS_MACH_INST/data_out_reg[10]/D r   -1.462     VIOLATED
      TDSP_CORE_INST/PORT_BUS_MACH_INST/data_out_reg[12]/D r   -1.460     VIOLATED
      TDSP_CORE_INST/PORT_BUS_MACH_INST/data_out_reg[9]/D r   -1.453     VIOLATED
      TDSP_CORE_INST/PORT_BUS_MACH_INST/data_out_reg[7]/D r   -1.448     VIOLATED
      TDSP_CORE_INST/PORT_BUS_MACH_INST/data_out_reg[14]/D r   -1.447     VIOLATED
      TDSP_CORE_INST/PORT_BUS_MACH_INST/data_out_reg[1]/D r   -1.434     VIOLATED
      TDSP_CORE_INST/PORT_BUS_MACH_INST/data_out_reg[3]/D r   -1.398     VIOLATED
      TDSP_CORE_INST/PORT_BUS_MACH_INST/data_out_reg[0]/D r   -1.371     VIOLATED
      TDSP_CORE_INST/PORT_BUS_MACH_INST/data_out_reg[15]/D r   -1.362     VIOLATED
      TDSP_CORE_INST/PORT_BUS_MACH_INST/data_out_reg[5]/D r   -1.255     VIOLATED
      SPI_INST/present_state_reg[0]/D r          -0.959     VIOLATED
      TDSP_CORE_INST/PORT_BUS_MACH_INST/data_out_reg[4]/D r   -0.940     VIOLATED
      SPI_INST/present_state_reg[1]/D r          -0.663     VIOLATED
      ------------------------------------------------------------------------------------------------

Check type : clock_period
---------------------------
No paths found

Check type : skew
---------------------------
No paths found

Check type : pulse_width
---------------------------
   -----------------------------------------------------------------------------  
                           SEQUENTIAL CLOCK PULSE WIDTH                           
   -----------------------------------------------------------------------------  
    Pin                                Required     Actual Pulse      Slack       
                                      Pulse Width      Width                      
   -----------------------------------------------------------------------------  
   RAM_256x16_TEST_INST/RAM_256x16_INST/CLK (high)    0.061          -0.554         -0.615
   RESULTS_CONV_INST/go_reg/CK (low)    1.900          1.297          -0.604
   DIGIT_REG_INST/digit_out_reg[4]/CK (low)    2.017          1.481          -0.536
   DIGIT_REG_INST/digit_out_reg[3]/CK (low)    2.017          1.481          -0.536
   DIGIT_REG_INST/digit_out_reg[2]/CK (low)    2.017          1.484          -0.533
   DIGIT_REG_INST/digit_out_reg[6]/CK (low)    2.017          1.484          -0.533
   DIGIT_REG_INST/digit_out_reg[1]/CK (low)    2.017          1.509          -0.508
   DIGIT_REG_INST/digit_out_reg[0]/CK (low)    2.017          1.509          -0.508
   DIGIT_REG_INST/digit_out_reg[5]/CK (low)    2.017          1.512          -0.505
   DIGIT_REG_INST/flag_out_reg/CK (low)    2.017          1.512          -0.505
   DIGIT_REG_INST/digit_out_reg[7]/CK (low)    2.017          1.512          -0.505
   SPI_INST/bit_cnt_reg[3]/CK (low)  1.900          1.500          -0.400
   SPI_INST/bit_cnt_reg[0]/CK (low)  1.900          1.500          -0.400
   SPI_INST/bit_cnt_reg[2]/CK (low)  1.900          1.501          -0.399
   SPI_INST/bit_cnt_reg[1]/CK (low)  1.900          1.501          -0.399
   SPI_INST/spare_200/CK (low)       1.754          1.497          -0.256
   SPI_INST/spare_202/CK (low)       1.754          1.498          -0.256
   SPI_INST/spare_205/CK (low)       1.754          1.499          -0.255
   SPI_INST/spare_204/CK (low)       1.754          1.499          -0.255
   SPI_INST/spare_201/CK (low)       1.754          1.501          -0.253
   SPI_INST/spare_203/CK (low)       1.754          1.501          -0.252
   RESULTS_CONV_INST/lower770/dout_reg[5]/CK (low)    1.160          0.956          -0.204
   RESULTS_CONV_INST/lower770/dout_reg[4]/CK (low)    1.160          0.956          -0.204
   RESULTS_CONV_INST/lower770/dout_reg[7]/CK (low)    1.160          0.956          -0.204
   RESULTS_CONV_INST/lower770/dout_reg[6]/CK (low)    1.160          0.956          -0.204
   RESULTS_CONV_INST/lower770/dout_reg[3]/CK (low)    1.160          0.957          -0.204
   RESULTS_CONV_INST/lower770/dout_reg[0]/CK (low)    1.160          0.957          -0.204
   RESULTS_CONV_INST/lower770/dout_reg[1]/CK (low)    1.160          0.957          -0.204
   RESULTS_CONV_INST/lower770/dout_reg[2]/CK (low)    1.160          0.957          -0.204
   RESULTS_CONV_INST/upper1336/dout_reg[0]/CK (low)    1.160          0.976          -0.184
   RESULTS_CONV_INST/upper1336/dout_reg[1]/CK (low)    1.160          0.978          -0.183
   RESULTS_CONV_INST/upper1336/dout_reg[2]/CK (low)    1.160          0.978          -0.183
   RESULTS_CONV_INST/upper1336/dout_reg[7]/CK (low)    1.160          0.978          -0.182
   RESULTS_CONV_INST/upper1336/dout_reg[6]/CK (low)    1.160          0.978          -0.182
   SPI_INST/present_state_reg[0]/CK (low)    2.017          1.853          -0.164
   RESULTS_CONV_INST/low_mag_reg[2]/CK (low)    1.900          1.741          -0.159
   RESULTS_CONV_INST/low_mag_reg[7]/CK (low)    1.900          1.741          -0.159
   RESULTS_CONV_INST/low_mag_reg[4]/CK (low)    1.900          1.741          -0.159
   RESULTS_CONV_INST/low_mag_reg[3]/CK (low)    1.900          1.741          -0.159
   RESULTS_CONV_INST/low_mag_reg[8]/CK (low)    1.900          1.741          -0.159
   RESULTS_CONV_INST/low_mag_reg[15]/CK (low)    1.900          1.741          -0.159
   RESULTS_CONV_INST/low_mag_reg[14]/CK (low)    1.900          1.741          -0.159
   RESULTS_CONV_INST/low_mag_reg[13]/CK (low)    1.900          1.741          -0.159
   RESULTS_CONV_INST/low_mag_reg[11]/CK (low)    1.900          1.741          -0.159
   RESULTS_CONV_INST/low_mag_reg[10]/CK (low)    1.900          1.741          -0.159
   RESULTS_CONV_INST/low_mag_reg[9]/CK (low)    1.900          1.741          -0.159
   RESULTS_CONV_INST/low_mag_reg[12]/CK (low)    1.900          1.741          -0.159
   RESULTS_CONV_INST/out_p2_reg[2]/CK (low)    2.017          1.860          -0.157
   RESULTS_CONV_INST/out_p2_reg[0]/CK (low)    2.017          1.861          -0.157
   SPI_INST/spare_210/CK (low)       1.651          1.497          -0.154
   SPI_INST/spare_208/CK (low)       1.651          1.498          -0.153
   SPI_INST/spare_206/CK (low)       1.651          1.499          -0.152
   SPI_INST/spare_209/CK (low)       1.651          1.499          -0.152
   SPI_INST/spare_207/CK (low)       1.651          1.501          -0.150
   RESULTS_CONV_INST/upper770/dout_reg[6]/CK (low)    1.160          1.014          -0.146
   RESULTS_CONV_INST/upper770/dout_reg[7]/CK (low)    1.160          1.014          -0.146
   RESULTS_CONV_INST/upper770/dout_reg[5]/CK (low)    1.160          1.014          -0.146
   RESULTS_CONV_INST/upper770/dout_reg[4]/CK (low)    1.160          1.014          -0.146
   RESULTS_CONV_INST/upper770/dout_reg[3]/CK (low)    1.160          1.016          -0.144
   RESULTS_CONV_INST/upper770/dout_reg[1]/CK (low)    1.160          1.016          -0.144
   RESULTS_CONV_INST/upper770/dout_reg[0]/CK (low)    1.160          1.016          -0.144
   RESULTS_CONV_INST/upper770/dout_reg[2]/CK (low)    1.160          1.016          -0.144
   RESULTS_CONV_INST/lower1336/dout_reg[1]/CK (low)    1.160          1.021          -0.139
   RESULTS_CONV_INST/lower1336/dout_reg[3]/CK (low)    1.160          1.021          -0.139
   RESULTS_CONV_INST/lower1336/dout_reg[4]/CK (low)    1.160          1.021          -0.139
   RESULTS_CONV_INST/lower1336/dout_reg[2]/CK (low)    1.160          1.021          -0.139
   RESULTS_CONV_INST/lower1336/dout_reg[6]/CK (low)    1.160          1.022          -0.138
   RESULTS_CONV_INST/lower1336/dout_reg[0]/CK (low)    1.160          1.022          -0.138
   RESULTS_CONV_INST/lower1336/dout_reg[5]/CK (low)    1.160          1.022          -0.138
   RESULTS_CONV_INST/lower1336/dout_reg[7]/CK (low)    1.160          1.022          -0.138
   RESULTS_CONV_INST/out_p2_reg[5]/CK (low)    2.017          1.893          -0.125
   RESULTS_CONV_INST/out_p2_reg[4]/CK (low)    2.017          1.893          -0.125
   RESULTS_CONV_INST/out_p2_reg[7]/CK (low)    2.017          1.893          -0.125
   RESULTS_CONV_INST/out_p2_reg[1]/CK (low)    2.017          1.893          -0.124
   RESULTS_CONV_INST/dout_reg[7]/CK (low)    2.017          1.894          -0.124
   TDSP_CORE_INST/PROG_BUS_MACH_INST/data_out_reg[4]/CK (low)    1.900          1.780          -0.121
   RESULTS_CONV_INST/high_mag_reg[15]/CK (low)    1.900          1.783          -0.118
   RESULTS_CONV_INST/high_mag_reg[14]/CK (low)    1.900          1.783          -0.118
   RESULTS_CONV_INST/high_mag_reg[11]/CK (low)    1.900          1.783          -0.118
   RESULTS_CONV_INST/high_mag_reg[13]/CK (low)    1.900          1.783          -0.118
   RESULTS_CONV_INST/high_mag_reg[12]/CK (low)    1.900          1.783          -0.118
   RESULTS_CONV_INST/high_mag_reg[5]/CK (low)    1.900          1.784          -0.116
   RESULTS_CONV_INST/high_mag_reg[9]/CK (low)    1.900          1.784          -0.116
   RESULTS_CONV_INST/high_mag_reg[7]/CK (low)    1.900          1.784          -0.116
   RESULTS_CONV_INST/high_mag_reg[6]/CK (low)    1.900          1.784          -0.116
   RESULTS_CONV_INST/high_mag_reg[8]/CK (low)    1.900          1.784          -0.116
   RESULTS_CONV_INST/high_mag_reg[10]/CK (low)    1.900          1.784          -0.116
   RESULTS_CONV_INST/low_mag_reg[5]/CK (low)    1.900          1.794          -0.106
   RESULTS_CONV_INST/low_mag_reg[6]/CK (low)    1.900          1.794          -0.106
   RESULTS_CONV_INST/high_mag_reg[0]/CK (low)    1.900          1.796          -0.104
   RESULTS_CONV_INST/high_mag_reg[4]/CK (low)    1.900          1.796          -0.104
   RESULTS_CONV_INST/high_mag_reg[2]/CK (low)    1.900          1.796          -0.104
   RESULTS_CONV_INST/high_mag_reg[1]/CK (low)    1.900          1.796          -0.104
   RESULTS_CONV_INST/high_mag_reg[3]/CK (low)    1.900          1.796          -0.104
   RESULTS_CONV_INST/out_p2_reg[6]/CK (low)    2.017          1.918          -0.099
   RESULTS_CONV_INST/out_p2_reg[3]/CK (low)    2.017          1.920          -0.098
   RESULTS_CONV_INST/upper1336/dout_reg[5]/CK (low)    1.160          1.087          -0.074
   RESULTS_CONV_INST/upper1336/dout_reg[4]/CK (low)    1.160          1.087          -0.074
   RESULTS_CONV_INST/upper1336/dout_reg[3]/CK (low)    1.160          1.087          -0.074
   RESULTS_CONV_INST/high_reg[1]/CK (low)    1.900          1.827          -0.073
   RESULTS_CONV_INST/high_reg[0]/CK (low)    1.900          1.827          -0.073
   RESULTS_CONV_INST/low_reg[1]/CK (low)    1.900          1.827          -0.073
   RESULTS_CONV_INST/low_reg[2]/CK (low)    1.900          1.827          -0.073
   RESULTS_CONV_INST/low_reg[0]/CK (low)    1.900          1.827          -0.073
   RESULTS_CONV_INST/high_reg[2]/CK (low)    1.900          1.827          -0.073
   RESULTS_CONV_INST/low_mag_reg[1]/CK (low)    1.900          1.829          -0.071
   RESULTS_CONV_INST/low_mag_reg[0]/CK (low)    1.900          1.829          -0.071
   RESULTS_CONV_INST/state_reg[1]/CK (low)    1.900          1.829          -0.071
   TDSP_CORE_INST/EXECUTE_INST/pc_reg[6]/CK (low)    2.017          1.951          -0.066
   TDSP_CORE_INST/EXECUTE_INST/pc_reg[7]/CK (low)    2.017          1.951          -0.066
   TDSP_CORE_INST/EXECUTE_INST/pc_reg[8]/CK (low)    2.017          1.951          -0.066
   TDSP_CORE_INST/EXECUTE_INST/pc_reg[5]/CK (low)    2.017          1.951          -0.066
   TDSP_CORE_INST/EXECUTE_INST/pc_reg[0]/CK (low)    2.017          1.951          -0.066
   TDSP_CORE_INST/EXECUTE_INST/pc_reg[1]/CK (low)    2.017          1.951          -0.066
   TDSP_CORE_INST/EXECUTE_INST/pc_reg[2]/CK (low)    2.017          1.951          -0.066
   TDSP_CORE_INST/EXECUTE_INST/pc_reg[4]/CK (low)    2.017          1.959          -0.058
   TDSP_CORE_INST/DATA_BUS_MACH_INST/data_out_reg[13]/CK (low)    1.900          1.847          -0.054
   TDSP_CORE_INST/DATA_BUS_MACH_INST/data_out_reg[15]/CK (low)    1.900          1.847          -0.054
   TDSP_CORE_INST/DATA_BUS_MACH_INST/data_out_reg[14]/CK (low)    1.900          1.847          -0.054
   TDSP_CORE_INST/DATA_BUS_MACH_INST/data_out_reg[12]/CK (low)    1.900          1.847          -0.054
   TDSP_CORE_INST/EXECUTE_INST/pc_reg[3]/CK (low)    2.017          1.965          -0.053
   SPI_INST/present_state_reg[1]/CK (low)    1.900          1.853          -0.047
   SPI_INST/present_state_reg[2]/CK (low)    1.900          1.853          -0.047
   SPI_INST/dflag_reg/CK (low)       1.900          1.854          -0.046
   TDSP_CORE_INST/DATA_BUS_MACH_INST/data_out_reg[9]/CK (low)    1.900          1.860          -0.040
   TDSP_CORE_INST/DATA_BUS_MACH_INST/data_out_reg[11]/CK (low)    1.900          1.860          -0.040
   TDSP_CORE_INST/DATA_BUS_MACH_INST/data_out_reg[7]/CK (low)    1.900          1.860          -0.040
   TDSP_CORE_INST/DATA_BUS_MACH_INST/data_out_reg[10]/CK (low)    1.900          1.860          -0.040
   TDSP_CORE_INST/DATA_BUS_MACH_INST/data_out_reg[6]/CK (low)    1.900          1.860          -0.040
   TDSP_CORE_INST/DATA_BUS_MACH_INST/data_out_reg[5]/CK (low)    1.900          1.860          -0.040
   TDSP_CORE_INST/DATA_BUS_MACH_INST/data_out_reg[4]/CK (low)    1.900          1.860          -0.040
   TDSP_CORE_INST/DATA_BUS_MACH_INST/data_out_reg[8]/CK (low)    1.900          1.860          -0.040
   RESULTS_CONV_INST/dout_flag_reg/CK (low)    1.900          1.860          -0.040
   RESULTS_CONV_INST/state_reg[3]/CK (low)    1.900          1.860          -0.040
   RESULTS_CONV_INST/state_reg[2]/CK (low)    1.900          1.860          -0.040
   RESULTS_CONV_INST/out_p1_reg[0]/CK (low)    1.900          1.860          -0.040
   RESULTS_CONV_INST/state_reg[0]/CK (low)    1.900          1.860          -0.040
   RESULTS_CONV_INST/clear_flag_reg/CK (low)    1.900          1.861          -0.039
   RESULTS_CONV_INST/digit_clk_reg/CK (low)    1.900          1.861          -0.039
   TDSP_CORE_INST/EXECUTE_INST/ovm_reg/CK (low)    1.900          1.872          -0.028
   TDSP_CORE_INST/DECODE_INST/ir_reg[2]/CK (low)    1.900          1.873          -0.027
   TDSP_CORE_INST/DECODE_INST/decode_reg[4]/CK (low)    1.900          1.873          -0.027
   TDSP_CORE_INST/DECODE_INST/decode_reg[5]/CK (low)    1.900          1.873          -0.027
   TDSP_CORE_INST/DECODE_INST/ir_reg[4]/CK (low)    1.900          1.873          -0.027
   TDSP_CORE_INST/PROG_BUS_MACH_INST/data_out_reg[0]/CK (low)    1.900          1.873          -0.027
   TDSP_CORE_INST/DECODE_INST/ir_reg[1]/CK (low)    1.900          1.873          -0.027
   TDSP_CORE_INST/DECODE_INST/ir_reg[0]/CK (low)    1.900          1.873          -0.027
   ARB_INST/present_state_reg[0]/CK (low)    2.017          1.991          -0.026
   TDSP_CORE_INST/DECODE_INST/ir_reg[5]/CK (low)    1.900          1.878          -0.022
   TDSP_CORE_INST/EXECUTE_INST/ov_flag_reg/CK (low)    1.900          1.878          -0.022
   TDSP_CORE_INST/DECODE_INST/decode_reg[6]/CK (low)    1.900          1.878          -0.022
   TDSP_CORE_INST/EXECUTE_INST/pc_acc_reg/CK (low)    1.900          1.878          -0.022
   TDSP_CORE_INST/DECODE_INST/ir_reg[6]/CK (low)    1.900          1.878          -0.022
   -----------------------------------------------------------------------------

Check type : max_transition
---------------------------
     ----------------------------------------------------------------------------  
      Pin Name               Required          Actual            Slack             
     ----------------------------------------------------------------------------  
     RAM_128x16_TEST_INST/RAM_128x16_INST/CLK   1.000             3.658             -2.658
     RAM_256x16_TEST_INST/RAM_256x16_INST/CLK   1.000             3.652             -2.652
     ROM_512x16_0_INST/A[2]   1.000             1.449             -0.449
     RAM_128x16_TEST_INST/RAM_128x16_INST/D[10]   1.000             1.395             -0.395
     ROM_512x16_0_INST/A[1]   1.000             1.393             -0.393
     RAM_128x16_TEST_INST/RAM_128x16_INST/D[0]   1.000             1.390             -0.390
     RAM_128x16_TEST_INST/RAM_128x16_INST/D[7]   1.000             1.351             -0.351
     RAM_128x16_TEST_INST/RAM_128x16_INST/D[4]   1.000             1.204             -0.204
     RAM_256x16_TEST_INST/RAM_256x16_INST/D[0]   1.000             1.107             -0.107
     RAM_256x16_TEST_INST/RAM_256x16_INST/D[3]   1.000             1.093             -0.093
     ROM_512x16_0_INST/A[5]   1.000             1.092             -0.092
     RAM_128x16_TEST_INST/RAM_128x16_INST/D[12]   1.000             1.069             -0.069
     ROM_512x16_0_INST/CLK 1.000             1.055             -0.055
     RAM_256x16_TEST_INST/RAM_256x16_INST/D[12]   1.000             1.028             -0.028
     RAM_128x16_TEST_INST/RAM_128x16_INST/D[8]   1.000             1.024             -0.024
     RAM_128x16_TEST_INST/RAM_128x16_INST/D[13]   1.000             1.020             -0.020
     RAM_256x16_TEST_INST/RAM_256x16_INST/D[1]   1.000             1.001             -0.001

Check type : min_transition
---------------------------
 No Violations found

Check type : max_capacitance
---------------------------
     ----------------------------------------------------------------------------  
      Pin Name               Required          Actual            Slack             
     ----------------------------------------------------------------------------  
     TDSP_CORE_INST/EXECUTE_INST/p8543A/ZN   0.032             0.033             -0.001

Check type : min_capacitance
---------------------------
 No Violations found

Check type : max_fanout
---------------------------
 No Violations found

Check type : min_fanout
---------------------------
 No Violations found
