###############################################################
#  Generated by:      Cadence Tempus 20.20-p001_1
#  OS:                Linux x86_64(Host ID APL7.kletech.ac.in)
#  Generated on:      Sat Mar 22 10:31:43 2025
#  Design:            dtmf_recvr_core
#  Command:           report_analysis_summary                                         > ${reportDir}/analysis_summary.rpt
###############################################################

REPORT ANALYSIS SUMMARY (View:default_emulate_view) (EL:Setup)
=========================================================================================================================================================================================================

GroupType:Async
=========================================================================================================================================================================================================

         All                             IN2REG                          IN2OUT                           REG2REG                              REG2OUT
    -----------------------------------------------------------------------------------------------------------------------------------------------------------------------------------------------------  
     WNS:TNS:#VIO                     WNS:TNS:#VIO                     WNS:TNS:#VIO                     WNS:TNS:#VIO                     WNS:TNS:#VIO                     FromClk->ToClk                   
    -----------------------------------------------------------------------------------------------------------------------------------------------------------------------------------------------------  
    -4.166:-5.258:3                  -0.550:-1.092:2                  0.000:0.000:0                    -4.166:-4.166:1                  0.000:0.000:0                    *->*

GroupType:Standard
=========================================================================================================================================================================================================

         All                             IN2REG                          IN2OUT                           REG2REG                              REG2OUT
    -----------------------------------------------------------------------------------------------------------------------------------------------------------------------------------------------------  
     WNS:TNS:#VIO                     WNS:TNS:#VIO                     WNS:TNS:#VIO                     WNS:TNS:#VIO                     WNS:TNS:#VIO                     FromClk->ToClk                   
    -----------------------------------------------------------------------------------------------------------------------------------------------------------------------------------------------------  
    -5.931:-92.619:26                0.000:0.000:0                    0.000:0.000:0                    0.000:0.000:0                    -5.931:-92.619:26                *->refclk
    -18.783:-2296.526:156            -2.074:-2.074:1                  0.000:0.000:0                    -18.783:-2201.833:129            -5.931:-92.619:26                *->m_rcc_clk
    -12.653:-318.091:49              0.000:0.000:0                    0.000:0.000:0                    -12.653:-225.471:23              -5.931:-92.619:26                *->m_ram_clk
    -30.838:-3992.764:404            0.000:0.000:0                    0.000:0.000:0                    -30.838:-3900.145:378            -5.931:-92.619:26                *->m_clk
    -17.206:-364.837:50              0.000:0.000:0                    0.000:0.000:0                    -17.206:-272.218:24              -5.931:-92.619:26                *->m_dsram_clk
    -5.931:-127.869:35               0.000:0.000:0                    0.000:0.000:0                    -4.425:-35.249:9                 -5.931:-92.619:26                *->m_digit_clk
    -5.931:-133.896:41               -1.871:-1.871:1                  0.000:0.000:0                    -3.688:-39.406:14                -5.931:-92.619:26                *->m_spi_clk

REPORT ANALYSIS SUMMARY (View:default_emulate_view) (EL:Hold)
=========================================================================================================================================================================================================

GroupType:Standard
=========================================================================================================================================================================================================

         All                             IN2REG                          IN2OUT                           REG2REG                              REG2OUT
    -----------------------------------------------------------------------------------------------------------------------------------------------------------------------------------------------------  
     WNS:TNS:#VIO                     WNS:TNS:#VIO                     WNS:TNS:#VIO                     WNS:TNS:#VIO                     WNS:TNS:#VIO                     FromClk->ToClk                   
    -----------------------------------------------------------------------------------------------------------------------------------------------------------------------------------------------------  
    -2.244:-60.131:35                -1.703:-25.801:19                0.000:0.000:0                    -2.244:-34.330:16                0.000:0.000:0                    *->m_clk
