####################################################################
# report_annotated_parasitics: Sat Mar 22 10:31:43 2025
#   view: default_emulate_view
#   -list_not_annotated
####################################################################
#
# list syntax: type: net_name [nrCap Cap nrXCap XCap nrRes Res]
# unit: pF, Ohm

# Summary of Annotated Parasitics:
+------------------------------------------------------------------------------+
|    Net Type         |    Count   |   Annotated (%)     | Not Annotated (%)   |
+---------------------+------------+---------------------+---------------------+
| total               |       8414 |       8408 99.93%   |          6  0.07%   |
+---------------------+------------+---------------------+---------------------+
| 0-term:floating (*) |          1 |          0  0.00%   |          1 100.00%   |
| 1-term:no load      |          5 |          0  0.00%   |          5 100.00%   |
| real net (complete) |       8408 |       8408 100.00%   |          0  0.00%   |
| real net (broken)   |          0 |          0  0.00%   |          0  0.00%   |
| zero capacitance net|          0 |          0  0.00%   |          0  0.00%   |
+------------------------------------------------------------------------------+
Note for Net Types marked "(*)":  Such nets are never timed, but reported here for informational purpose.

+-----------------------------------------------------------------+
| Annotated |    Res (KOhm)   |    Cap (pF)     |    XCap (pF)    |
+-----------+-----------------+-----------------+-----------------+
| Count     |        132172   |        140357   |         31664   |
| Value     |      608.7474   |       22.7070   |        6.2433   |
+-----------------------------------------------------------------+
