###############################################################
#  Generated by:      Cadence Tempus 20.20-p001_1
#  OS:                Linux x86_64(Host ID APL7.kletech.ac.in)
#  Generated on:      Sat Mar 22 10:31:43 2025
#  Design:            dtmf_recvr_core
#  Command:           check_design -type timing -out_file reports/check_design.rpt
###############################################################
#Design Check : timing (13)
# --------------------------------------------------------------------------------------
# Message: Clock pin %s of instance %s has no clock constraint for view name %s.
#    Help: 
# --------------------------------------------------------------------------------------
dict set design_checks timing CHKTIM-4 {
  severity warning
  count 13
  violations {
    {CK t_sel_7_reg default_emulate_view}
    {CK t_bit_7_reg default_emulate_view}
    {CK spare_110 default_emulate_view}
    {CK spare_108 default_emulate_view}
    {CK spare_109 default_emulate_view}
    {CK spare_106 default_emulate_view}
    {CK spare_105 default_emulate_view}
    {CK spare_107 default_emulate_view}
    {CK spare_104 default_emulate_view}
    {CK spare_103 default_emulate_view}
    {CK spare_102 default_emulate_view}
    {CK spare_101 default_emulate_view}
    {CK spare_100 default_emulate_view}
  }
}
