###############################################################
#  Generated by:      Cadence Tempus 20.20-p001_1
#  OS:                Linux x86_64(Host ID APL7.kletech.ac.in)
#  Generated on:      Sat Mar 22 10:31:43 2025
#  Design:            dtmf_recvr_core
#  Command:           check_timing -verbose > ${reportDir}/check_timing.rpt
###############################################################
    -------------------------------------------------------------------------------  
                                 TIMING CHECK SUMMARY                                
    -------------------------------------------------------------------------------  
     Warning                            Warning Description              Number of   
                                                                         Warnings    
    -------------------------------------------------------------------------------  
    clock_expected           Clock not found where clock is expected    13
    no_drive                 No drive assertion                         27
    uncons_endpoint          Unconstrained signal arriving at end point 1038
    -------------------------------------------------------------------------------
    ------------------------------------------  
               TIMING CHECK DETAIL              
    ------------------------------------------  
     Pin                              Warning   
    ------------------------------------------  
    TDSP_DS_CS_INST/t_sel_7_reg/CK   Clock not found where clock is expected
    SPI_INST/spare_104/CK            Clock not found where clock is expected
    spi_data                         No drive assertion
    spi_fs                           No drive assertion
    refclk                           No drive assertion
    vcop                             Unconstrained signal arriving at end point
    vcom                             Unconstrained signal arriving at end point
    TDSP_CORE_INST/DATA_BUS_MACH_INST/present_state_reg[1]/RN   Unconstrained signal arriving at end point
    TDSP_CORE_INST/EXECUTE_INST/ar1_reg[2]/SE   Unconstrained signal arriving at end point
    TDSP_CORE_INST/EXECUTE_INST/ar1_reg[13]/SE   Unconstrained signal arriving at end point
    TDSP_CORE_INST/EXECUTE_INST/ar1_reg[10]/SE   Unconstrained signal arriving at end point
    TDSP_CORE_INST/EXECUTE_INST/ar0_reg[4]/SE   Unconstrained signal arriving at end point
    TDSP_CORE_INST/EXECUTE_INST/ar0_reg[15]/SE   Unconstrained signal arriving at end point
    TDSP_CORE_INST/EXECUTE_INST/ar0_reg[12]/SE   Unconstrained signal arriving at end point
    TDSP_CORE_INST/EXECUTE_INST/alu_cmd_reg[2]/SE   Unconstrained signal arriving at end point
    TDSP_CORE_INST/EXECUTE_INST/acc_reg[8]/SE   Unconstrained signal arriving at end point
    TDSP_CORE_INST/EXECUTE_INST/acc_reg[5]/SE   Unconstrained signal arriving at end point
    TDSP_CORE_INST/EXECUTE_INST/acc_reg[29]/SE   Unconstrained signal arriving at end point
    TDSP_CORE_INST/EXECUTE_INST/acc_reg[26]/SE   Unconstrained signal arriving at end point
    TDSP_CORE_INST/EXECUTE_INST/acc_reg[22]/SE   Unconstrained signal arriving at end point
    TDSP_CORE_INST/EXECUTE_INST/acc_reg[19]/SE   Unconstrained signal arriving at end point
    SPI_INST/spare_210/SN            Unconstrained signal arriving at end point
    SPI_INST/spare_208/D             Unconstrained signal arriving at end point
    SPI_INST/spare_208/RN            Unconstrained signal arriving at end point
    SPI_INST/spare_208/SE            Unconstrained signal arriving at end point
    SPI_INST/spare_208/SI            Unconstrained signal arriving at end point
    SPI_INST/spare_208/SN            Unconstrained signal arriving at end point
    SPI_INST/spare_206/SN            Unconstrained signal arriving at end point
    SPI_INST/spare_205/D             Unconstrained signal arriving at end point
    SPI_INST/spare_202/D             Unconstrained signal arriving at end point
    SPI_INST/spare_202/RN            Unconstrained signal arriving at end point
    SPI_INST/spare_200/RN            Unconstrained signal arriving at end point
    SPI_INST/spare_200/SE            Unconstrained signal arriving at end point
    SPI_INST/spare_200/SI            Unconstrained signal arriving at end point
    SPI_INST/spare_200/SN            Unconstrained signal arriving at end point
    DIGIT_REG_INST/digit_out_reg[3]/SN   Unconstrained signal arriving at end point
    DIGIT_REG_INST/digit_out_reg[6]/SN   Unconstrained signal arriving at end point
    TDSP_CORE_INST/TDSP_CORE_MACH_INST/phi_5_reg/RN   Unconstrained signal arriving at end point
    TDSP_CORE_INST/TDSP_CORE_MACH_INST/phi_6_reg/RN   Unconstrained signal arriving at end point
    TDSP_CORE_INST/TDSP_CORE_MACH_INST/phi_6_reg/SE   Unconstrained signal arriving at end point
    TDSP_CORE_INST/TDSP_CORE_MACH_INST/samp_bio_reg/SE   Unconstrained signal arriving at end point
    TDSP_CORE_INST/EXECUTE_INST/acc_reg[16]/SE   Unconstrained signal arriving at end point
    TDSP_CORE_INST/EXECUTE_INST/acc_reg[12]/SE   Unconstrained signal arriving at end point
    TDSP_CORE_INST/DECODE_INST/ir_reg[14]/SN   Unconstrained signal arriving at end point
    TDSP_CORE_INST/DECODE_INST/decode_reg[9]/SN   Unconstrained signal arriving at end point
    TDSP_CORE_INST/DECODE_INST/decode_reg[13]/SN   Unconstrained signal arriving at end point
    TDSP_CORE_INST/DECODE_INST/ir_reg[6]/RN   Unconstrained signal arriving at end point
    TDSP_CORE_INST/DECODE_INST/ir_reg[1]/RN   Unconstrained signal arriving at end point
    TDSP_CORE_INST/DECODE_INST/go_prog_reg/RN   Unconstrained signal arriving at end point
    TDSP_CORE_INST/DECODE_INST/go_prog_reg/SE   Unconstrained signal arriving at end point
    TDSP_CORE_INST/DECODE_INST/decode_reg[6]/RN   Unconstrained signal arriving at end point
    TDSP_CORE_INST/DECODE_INST/decode_reg[6]/SE   Unconstrained signal arriving at end point
    TDSP_CORE_INST/DECODE_INST/decode_reg[2]/RN   Unconstrained signal arriving at end point
    TDSP_CORE_INST/DECODE_INST/decode_reg[2]/SE   Unconstrained signal arriving at end point
    RESULTS_CONV_INST/dout_reg[6]/SN Unconstrained signal arriving at end point
    RESULTS_CONV_INST/dout_reg[0]/SN Unconstrained signal arriving at end point
    RESULTS_CONV_INST/r1633_reg[14]/SE   Unconstrained signal arriving at end point
    RESULTS_CONV_INST/r1633_reg[0]/SE   Unconstrained signal arriving at end point
    RESULTS_CONV_INST/r1477_reg[5]/SE   Unconstrained signal arriving at end point
    RESULTS_CONV_INST/r1477_reg[14]/SE   Unconstrained signal arriving at end point
    RESULTS_CONV_INST/r1200_reg[9]/SE   Unconstrained signal arriving at end point
    RESULTS_CONV_INST/r1200_reg[2]/SE   Unconstrained signal arriving at end point
    RESULTS_CONV_INST/r1200_reg[12]/SE   Unconstrained signal arriving at end point
    RESULTS_CONV_INST/out_p1_reg[3]/RN   Unconstrained signal arriving at end point
    RESULTS_CONV_INST/low_reg[0]/RN  Unconstrained signal arriving at end point
    RESULTS_CONV_INST/low_reg[0]/SE  Unconstrained signal arriving at end point
    RESULTS_CONV_INST/low_mag_reg[4]/SE   Unconstrained signal arriving at end point
    RESULTS_CONV_INST/low_mag_reg[15]/RN   Unconstrained signal arriving at end point
    RESULTS_CONV_INST/low_mag_reg[15]/SE   Unconstrained signal arriving at end point
    RESULTS_CONV_INST/low_mag_reg[0]/RN   Unconstrained signal arriving at end point
    RESULTS_CONV_INST/high_mag_reg[9]/RN   Unconstrained signal arriving at end point
    RESULTS_CONV_INST/high_mag_reg[9]/SE   Unconstrained signal arriving at end point
    RESULTS_CONV_INST/high_mag_reg[3]/RN   Unconstrained signal arriving at end point
    RESULTS_CONV_INST/high_mag_reg[13]/RN   Unconstrained signal arriving at end point
    RESULTS_CONV_INST/high_mag_reg[0]/RN   Unconstrained signal arriving at end point
    RESULTS_CONV_INST/high_mag_reg[0]/SE   Unconstrained signal arriving at end point
    TDSP_DS_CS_INST/t_sel_7_reg/D    Unconstrained signal arriving at end point
    TDSP_CORE_INST/spare_5/D         Unconstrained signal arriving at end point
    TDSP_CORE_INST/spare_5/RN        Unconstrained signal arriving at end point
    TDSP_CORE_INST/spare_5/SE        Unconstrained signal arriving at end point
    TDSP_CORE_INST/spare_5/SI        Unconstrained signal arriving at end point
    TDSP_CORE_INST/spare_5/SN        Unconstrained signal arriving at end point
    TDSP_CORE_INST/spare_3/D         Unconstrained signal arriving at end point
    TDSP_CORE_INST/spare_3/RN        Unconstrained signal arriving at end point
    TDSP_CORE_INST/spare_3/SE        Unconstrained signal arriving at end point
    SPI_INST/spare_108/RN            Unconstrained signal arriving at end point
    SPI_INST/spare_108/SE            Unconstrained signal arriving at end point
    SPI_INST/spare_108/SI            Unconstrained signal arriving at end point
    SPI_INST/spare_108/SN            Unconstrained signal arriving at end point
    SPI_INST/spare_104/D             Unconstrained signal arriving at end point
    SPI_INST/spare_104/RN            Unconstrained signal arriving at end point
    SPI_INST/spare_104/SE            Unconstrained signal arriving at end point
    SPI_INST/spare_104/SI            Unconstrained signal arriving at end point
    SPI_INST/spare_100/SE            Unconstrained signal arriving at end point
    SPI_INST/spare_100/SI            Unconstrained signal arriving at end point
    SPI_INST/spare_100/SN            Unconstrained signal arriving at end point
    SPI_INST/spare_0/SI              Unconstrained signal arriving at end point
    SPI_INST/spare_0/SN              Unconstrained signal arriving at end point
    RESULTS_CONV_INST/out_p2_reg[6]/SN   Unconstrained signal arriving at end point
    RESULTS_CONV_INST/lower1336/dout_reg[3]/SE   Unconstrained signal arriving at end point
    ARB_INST/spare_9/SE              Unconstrained signal arriving at end point
    ARB_INST/spare_9/SI              Unconstrained signal arriving at end point
    ARB_INST/spare_9/SN              Unconstrained signal arriving at end point
    ARB_INST/spare_6/SI              Unconstrained signal arriving at end point
    ARB_INST/spare_6/SN              Unconstrained signal arriving at end point
    ARB_INST/spare_10/D              Unconstrained signal arriving at end point
    ARB_INST/spare_10/RN             Unconstrained signal arriving at end point
    ARB_INST/spare_10/SE             Unconstrained signal arriving at end point
    ARB_INST/spare_10/SI             Unconstrained signal arriving at end point
    ARB_INST/spare_10/SN             Unconstrained signal arriving at end point
    TDSP_CORE_INST/EXECUTE_INST/update_stall_reg/RN   Unconstrained signal arriving at end point
    TDSP_CORE_INST/EXECUTE_INST/update_stall_reg/SE   Unconstrained signal arriving at end point
    TDSP_CORE_INST/EXECUTE_INST/top_reg[1]/SE   Unconstrained signal arriving at end point
    TDSP_CORE_INST/EXECUTE_INST/top_reg[0]/SE   Unconstrained signal arriving at end point
    TDSP_CORE_INST/EXECUTE_INST/sel_op_b_reg[1]/SE   Unconstrained signal arriving at end point
    RESULTS_CONV_INST/upper770/dout_reg[0]/SE   Unconstrained signal arriving at end point
    RESULTS_CONV_INST/upper1336/dout_reg[1]/SE   Unconstrained signal arriving at end point
    RESULTS_CONV_INST/lower770/dout_reg[1]/SE   Unconstrained signal arriving at end point
    TDSP_CORE_INST/EXECUTE_INST/pc_reg[1]/SN   Unconstrained signal arriving at end point
    TDSP_CORE_INST/EXECUTE_INST/pc_reg[3]/SN   Unconstrained signal arriving at end point
    DMA_INST/top_buf_flag_reg/RN     Unconstrained signal arriving at end point
    DMA_INST/top_buf_flag_reg/SE     Unconstrained signal arriving at end point
    TDSP_CORE_INST/PROG_BUS_MACH_INST/data_out_reg[8]/RN   Unconstrained signal arriving at end point
    TDSP_CORE_INST/PROG_BUS_MACH_INST/data_out_reg[8]/SE   Unconstrained signal arriving at end point
    TDSP_CORE_INST/PROG_BUS_MACH_INST/data_out_reg[5]/RN   Unconstrained signal arriving at end point
    TDSP_CORE_INST/PROG_BUS_MACH_INST/data_out_reg[1]/RN   Unconstrained signal arriving at end point
    TDSP_CORE_INST/PROG_BUS_MACH_INST/data_out_reg[1]/SE   Unconstrained signal arriving at end point
    TDSP_CORE_INST/PORT_BUS_MACH_INST/present_state_reg[1]/RN   Unconstrained signal arriving at end point
    TDSP_CORE_INST/PORT_BUS_MACH_INST/present_state_reg[1]/SE   Unconstrained signal arriving at end point
    TDSP_CORE_INST/PORT_BUS_MACH_INST/data_out_reg[7]/RN   Unconstrained signal arriving at end point
    TDSP_CORE_INST/PORT_BUS_MACH_INST/data_out_reg[7]/SE   Unconstrained signal arriving at end point
    TDSP_CORE_INST/PORT_BUS_MACH_INST/data_out_reg[5]/SE   Unconstrained signal arriving at end point
    TDSP_CORE_INST/PORT_BUS_MACH_INST/data_out_reg[14]/RN   Unconstrained signal arriving at end point
    TDSP_CORE_INST/PORT_BUS_MACH_INST/data_out_reg[14]/SE   Unconstrained signal arriving at end point
    SPI_INST/dout_reg[4]/SE          Unconstrained signal arriving at end point
    SPI_INST/spi_sr_reg[5]/SE        Unconstrained signal arriving at end point
    SPI_INST/spare_8/SE              Unconstrained signal arriving at end point
    SPI_INST/spare_8/SI              Unconstrained signal arriving at end point
    SPI_INST/spare_8/SN              Unconstrained signal arriving at end point
    SPI_INST/spare_5/SI              Unconstrained signal arriving at end point
    SPI_INST/spare_5/SN              Unconstrained signal arriving at end point
    SPI_INST/spare_4/D               Unconstrained signal arriving at end point
    SPI_INST/spare_4/RN              Unconstrained signal arriving at end point
    RESULTS_CONV_INST/state_reg[3]/RN   Unconstrained signal arriving at end point
    RESULTS_CONV_INST/r941_reg[4]/SE Unconstrained signal arriving at end point
    RESULTS_CONV_INST/r941_reg[13]/SE   Unconstrained signal arriving at end point
    RESULTS_CONV_INST/r852_reg[4]/SE Unconstrained signal arriving at end point
    RESULTS_CONV_INST/r852_reg[13]/SE   Unconstrained signal arriving at end point
    RESULTS_CONV_INST/r697_reg[6]/SE Unconstrained signal arriving at end point
    RESULTS_CONV_INST/r697_reg[15]/SE   Unconstrained signal arriving at end point
    RESULTS_CONV_INST/r697_reg[0]/SE Unconstrained signal arriving at end point
    RESULTS_CONV_INST/r1633_reg[2]/SE   Unconstrained signal arriving at end point
    DMA_INST/present_state_reg[2]/RN Unconstrained signal arriving at end point
    DMA_INST/present_state_reg[2]/SE Unconstrained signal arriving at end point
    DMA_INST/a_reg[4]/RN             Unconstrained signal arriving at end point
    DMA_INST/a_reg[4]/SE             Unconstrained signal arriving at end point
    DMA_INST/spare_9/D               Unconstrained signal arriving at end point
    DMA_INST/spare_7/D               Unconstrained signal arriving at end point
    DMA_INST/spare_7/RN              Unconstrained signal arriving at end point
    DMA_INST/spare_7/SE              Unconstrained signal arriving at end point
    DMA_INST/spare_7/SI              Unconstrained signal arriving at end point
    DMA_INST/spare_7/SN              Unconstrained signal arriving at end point
    DMA_INST/spare_4/D               Unconstrained signal arriving at end point
    DMA_INST/spare_4/RN              Unconstrained signal arriving at end point
    DMA_INST/spare_4/SE              Unconstrained signal arriving at end point
    TDSP_DS_CS_INST/t_bit_7_reg/CK   Clock not found where clock is expected
    SPI_INST/spare_106/CK            Clock not found where clock is expected
    port_pad_data_in[6]              No drive assertion
    port_pad_data_in[5]              No drive assertion
    port_pad_data_in[4]              No drive assertion
    port_pad_data_in[3]              No drive assertion
    port_pad_data_in[2]              No drive assertion
    TDSP_CORE_INST/DATA_BUS_MACH_INST/data_out_reg[9]/RN   Unconstrained signal arriving at end point
    TDSP_CORE_INST/DATA_BUS_MACH_INST/data_out_reg[9]/SE   Unconstrained signal arriving at end point
    RESULTS_CONV_INST/dout_reg[3]/SN Unconstrained signal arriving at end point
    RESULTS_CONV_INST/r1633_reg[15]/SE   Unconstrained signal arriving at end point
    RESULTS_CONV_INST/r1477_reg[4]/SE   Unconstrained signal arriving at end point
    RESULTS_CONV_INST/r1477_reg[0]/SE   Unconstrained signal arriving at end point
    RESULTS_CONV_INST/r1200_reg[1]/SE   Unconstrained signal arriving at end point
    RESULTS_CONV_INST/out_p1_reg[4]/RN   Unconstrained signal arriving at end point
    RESULTS_CONV_INST/out_p1_reg[4]/SE   Unconstrained signal arriving at end point
    RESULTS_CONV_INST/low_mag_reg[8]/RN   Unconstrained signal arriving at end point
    RESULTS_CONV_INST/low_mag_reg[8]/SE   Unconstrained signal arriving at end point
    RESULTS_CONV_INST/low_mag_reg[14]/SE   Unconstrained signal arriving at end point
    RESULTS_CONV_INST/high_reg[1]/RN Unconstrained signal arriving at end point
    RESULTS_CONV_INST/high_reg[1]/SE Unconstrained signal arriving at end point
    RESULTS_CONV_INST/high_mag_reg[1]/RN   Unconstrained signal arriving at end point
    RESULTS_CONV_INST/high_mag_reg[1]/SE   Unconstrained signal arriving at end point
    TDSP_DS_CS_INST/t_bit_7_reg/D    Unconstrained signal arriving at end point
    TDSP_DS_CS_INST/t_bit_7_reg/RN   Unconstrained signal arriving at end point
    TDSP_DS_CS_INST/t_bit_7_reg/SE   Unconstrained signal arriving at end point
    TDSP_DS_CS_INST/t_bit_7_reg/SI   Unconstrained signal arriving at end point
    SPI_INST/spare_107/SI            Unconstrained signal arriving at end point
    SPI_INST/spare_107/SN            Unconstrained signal arriving at end point
    SPI_INST/spare_101/D             Unconstrained signal arriving at end point
    SPI_INST/spare_101/RN            Unconstrained signal arriving at end point
    SPI_INST/spare_101/SE            Unconstrained signal arriving at end point
    SPI_INST/spare_101/SI            Unconstrained signal arriving at end point
    SPI_INST/spare_101/SN            Unconstrained signal arriving at end point
    RESULTS_CONV_INST/out_p2_reg[5]/SN   Unconstrained signal arriving at end point
    RESULTS_CONV_INST/lower1336/dout_reg[4]/SE   Unconstrained signal arriving at end point
    ARB_INST/spare_9/D               Unconstrained signal arriving at end point
    ARB_INST/spare_9/RN              Unconstrained signal arriving at end point
    ARB_INST/spare_0/SN              Unconstrained signal arriving at end point
    TDSP_CORE_INST/EXECUTE_INST/two_cycle_reg/RN   Unconstrained signal arriving at end point
    TDSP_CORE_INST/EXECUTE_INST/two_cycle_reg/SE   Unconstrained signal arriving at end point
    TDSP_CORE_INST/EXECUTE_INST/top_reg[11]/SE   Unconstrained signal arriving at end point
    TDSP_CORE_INST/EXECUTE_INST/sel_op_a_reg[1]/SE   Unconstrained signal arriving at end point
    RESULTS_CONV_INST/upper770/dout_reg[3]/SE   Unconstrained signal arriving at end point
    RESULTS_CONV_INST/upper1336/dout_reg[3]/SE   Unconstrained signal arriving at end point
    TDSP_CORE_INST/EXECUTE_INST/pc_reg[8]/SN   Unconstrained signal arriving at end point
    DMA_INST/breq_reg/RN             Unconstrained signal arriving at end point
    DMA_INST/breq_reg/SE             Unconstrained signal arriving at end point
    TDSP_CORE_INST/PROG_BUS_MACH_INST/data_out_reg[9]/SE   Unconstrained signal arriving at end point
    TDSP_CORE_INST/PROG_BUS_MACH_INST/data_out_reg[3]/RN   Unconstrained signal arriving at end point
    TDSP_CORE_INST/PROG_BUS_MACH_INST/data_out_reg[3]/SE   Unconstrained signal arriving at end point
    TDSP_CORE_INST/PORT_BUS_MACH_INST/data_out_reg[12]/RN   Unconstrained signal arriving at end point
    TDSP_CORE_INST/PORT_BUS_MACH_INST/data_out_reg[12]/SE   Unconstrained signal arriving at end point
    TDSP_CORE_INST/PORT_BUS_MACH_INST/data_out_reg[5]/RN   Unconstrained signal arriving at end point
    TDSP_CORE_INST/PORT_BUS_MACH_INST/data_out_reg[0]/RN   Unconstrained signal arriving at end point
    TDSP_CORE_INST/PORT_BUS_MACH_INST/data_out_reg[0]/SE   Unconstrained signal arriving at end point
    SPI_INST/dflag_reg/SE            Unconstrained signal arriving at end point
    SPI_INST/spi_sr_reg[7]/SE        Unconstrained signal arriving at end point
    SPI_INST/bit_cnt_reg[2]/SE       Unconstrained signal arriving at end point
    RESULTS_CONV_INST/state_reg[1]/RN   Unconstrained signal arriving at end point
    RESULTS_CONV_INST/state_reg[1]/SE   Unconstrained signal arriving at end point
    RESULTS_CONV_INST/r941_reg[15]/SE   Unconstrained signal arriving at end point
    RESULTS_CONV_INST/r852_reg[6]/SE Unconstrained signal arriving at end point
    RESULTS_CONV_INST/r852_reg[12]/SE   Unconstrained signal arriving at end point
    RESULTS_CONV_INST/r697_reg[3]/SE Unconstrained signal arriving at end point
    RESULTS_CONV_INST/r1633_reg[9]/SE   Unconstrained signal arriving at end point
    DMA_INST/present_state_reg[1]/RN Unconstrained signal arriving at end point
    DMA_INST/present_state_reg[1]/SE Unconstrained signal arriving at end point
    DMA_INST/spare_5/SN              Unconstrained signal arriving at end point
    DMA_INST/spare_2/D               Unconstrained signal arriving at end point
    DMA_INST/spare_2/RN              Unconstrained signal arriving at end point
    DMA_INST/spare_2/SE              Unconstrained signal arriving at end point
    DMA_INST/spare_2/SI              Unconstrained signal arriving at end point
    SPI_INST/spare_105/CK            Clock not found where clock is expected
    reset                            No drive assertion
    int                              No drive assertion
    TDSP_CORE_INST/DATA_BUS_MACH_INST/present_state_reg[1]/SE   Unconstrained signal arriving at end point
    RESULTS_CONV_INST/dout_reg[5]/SN Unconstrained signal arriving at end point
    RESULTS_CONV_INST/r1633_reg[1]/SE   Unconstrained signal arriving at end point
    RESULTS_CONV_INST/r1477_reg[6]/SE   Unconstrained signal arriving at end point
    RESULTS_CONV_INST/r1200_reg[6]/SE   Unconstrained signal arriving at end point
    RESULTS_CONV_INST/r1200_reg[11]/SE   Unconstrained signal arriving at end point
    RESULTS_CONV_INST/out_p1_reg[1]/RN   Unconstrained signal arriving at end point
    RESULTS_CONV_INST/out_p1_reg[1]/SE   Unconstrained signal arriving at end point
    RESULTS_CONV_INST/low_mag_reg[6]/RN   Unconstrained signal arriving at end point
    RESULTS_CONV_INST/low_mag_reg[6]/SE   Unconstrained signal arriving at end point
    RESULTS_CONV_INST/low_mag_reg[13]/RN   Unconstrained signal arriving at end point
    RESULTS_CONV_INST/low_mag_reg[13]/SE   Unconstrained signal arriving at end point
    RESULTS_CONV_INST/high_mag_reg[7]/RN   Unconstrained signal arriving at end point
    RESULTS_CONV_INST/high_mag_reg[7]/SE   Unconstrained signal arriving at end point
    RESULTS_CONV_INST/high_mag_reg[13]/SE   Unconstrained signal arriving at end point
    RESULTS_CONV_INST/digit_clk_reg/RN   Unconstrained signal arriving at end point
    TDSP_CORE_INST/spare_9/SE        Unconstrained signal arriving at end point
    TDSP_CORE_INST/spare_9/SI        Unconstrained signal arriving at end point
    TDSP_CORE_INST/spare_9/SN        Unconstrained signal arriving at end point
    TDSP_CORE_INST/spare_3/SI        Unconstrained signal arriving at end point
    TDSP_CORE_INST/spare_3/SN        Unconstrained signal arriving at end point
    SPI_INST/spare_105/D             Unconstrained signal arriving at end point
    SPI_INST/spare_105/RN            Unconstrained signal arriving at end point
    SPI_INST/spare_10/SN             Unconstrained signal arriving at end point
    SPI_INST/spare_1/D               Unconstrained signal arriving at end point
    RESULTS_CONV_INST/out_p2_reg[4]/SN   Unconstrained signal arriving at end point
    ARB_INST/dma_grant_reg/SI        Unconstrained signal arriving at end point
    ARB_INST/spare_7/RN              Unconstrained signal arriving at end point
    ARB_INST/spare_7/SE              Unconstrained signal arriving at end point
    ARB_INST/spare_7/SI              Unconstrained signal arriving at end point
    ARB_INST/spare_7/SN              Unconstrained signal arriving at end point
    ARB_INST/spare_4/SN              Unconstrained signal arriving at end point
    ARB_INST/spare_2/D               Unconstrained signal arriving at end point
    ARB_INST/spare_2/RN              Unconstrained signal arriving at end point
    ARB_INST/spare_2/SE              Unconstrained signal arriving at end point
    ARB_INST/spare_2/SI              Unconstrained signal arriving at end point
    ARB_INST/spare_2/SN              Unconstrained signal arriving at end point
    TDSP_CORE_INST/EXECUTE_INST/top_reg[3]/SE   Unconstrained signal arriving at end point
    TDSP_CORE_INST/EXECUTE_INST/top_reg[10]/SE   Unconstrained signal arriving at end point
    RESULTS_CONV_INST/upper770/dout_reg[5]/SE   Unconstrained signal arriving at end point
    RESULTS_CONV_INST/upper1336/dout_reg[4]/SE   Unconstrained signal arriving at end point
    RESULTS_CONV_INST/lower770/dout_reg[5]/SE   Unconstrained signal arriving at end point
    TDSP_CORE_INST/PROG_BUS_MACH_INST/data_out_reg[12]/RN   Unconstrained signal arriving at end point
    TDSP_CORE_INST/PROG_BUS_MACH_INST/data_out_reg[12]/SE   Unconstrained signal arriving at end point
    TDSP_CORE_INST/PROG_BUS_MACH_INST/data_out_reg[2]/RN   Unconstrained signal arriving at end point
    TDSP_CORE_INST/PROG_BUS_MACH_INST/data_out_reg[2]/SE   Unconstrained signal arriving at end point
    TDSP_CORE_INST/PORT_BUS_MACH_INST/data_out_reg[9]/RN   Unconstrained signal arriving at end point
    TDSP_CORE_INST/PORT_BUS_MACH_INST/data_out_reg[9]/SE   Unconstrained signal arriving at end point
    TDSP_CORE_INST/PORT_BUS_MACH_INST/data_out_reg[2]/RN   Unconstrained signal arriving at end point
    TDSP_CORE_INST/PORT_BUS_MACH_INST/data_out_reg[2]/SE   Unconstrained signal arriving at end point
    SPI_INST/dout_reg[6]/SE          Unconstrained signal arriving at end point
    SPI_INST/spi_sr_reg[2]/SE        Unconstrained signal arriving at end point
    SPI_INST/spare_6/RN              Unconstrained signal arriving at end point
    SPI_INST/spare_6/SE              Unconstrained signal arriving at end point
    SPI_INST/spare_6/SI              Unconstrained signal arriving at end point
    SPI_INST/spare_6/SN              Unconstrained signal arriving at end point
    RESULTS_CONV_INST/state_reg[0]/RN   Unconstrained signal arriving at end point
    RESULTS_CONV_INST/state_reg[0]/SE   Unconstrained signal arriving at end point
    RESULTS_CONV_INST/r941_reg[14]/SE   Unconstrained signal arriving at end point
    RESULTS_CONV_INST/r852_reg[5]/SE Unconstrained signal arriving at end point
    RESULTS_CONV_INST/r852_reg[0]/SE Unconstrained signal arriving at end point
    RESULTS_CONV_INST/r697_reg[1]/SE Unconstrained signal arriving at end point
    RESULTS_CONV_INST/r1633_reg[7]/SE   Unconstrained signal arriving at end point
    DMA_INST/a_reg[0]/SE             Unconstrained signal arriving at end point
    DMA_INST/spare_6/SE              Unconstrained signal arriving at end point
    DMA_INST/spare_6/SI              Unconstrained signal arriving at end point
    DMA_INST/spare_6/SN              Unconstrained signal arriving at end point
    SPI_INST/spare_110/CK            Clock not found where clock is expected
    SPI_INST/spare_102/CK            Clock not found where clock is expected
    scan_in2                         No drive assertion
    scan_out2                        Unconstrained signal arriving at end point
    TDSP_CORE_INST/DATA_BUS_MACH_INST/read_reg/RN   Unconstrained signal arriving at end point
    TDSP_CORE_INST/DATA_BUS_MACH_INST/read_reg/SE   Unconstrained signal arriving at end point
    TDSP_CORE_INST/DATA_BUS_MACH_INST/data_out_reg[0]/RN   Unconstrained signal arriving at end point
    TDSP_CORE_INST/DATA_BUS_MACH_INST/data_out_reg[0]/SE   Unconstrained signal arriving at end point
    TDSP_CORE_INST/DATA_BUS_MACH_INST/data_out_reg[8]/RN   Unconstrained signal arriving at end point
    TDSP_CORE_INST/DATA_BUS_MACH_INST/data_out_reg[8]/SE   Unconstrained signal arriving at end point
    TDSP_CORE_INST/DATA_BUS_MACH_INST/data_out_reg[6]/RN   Unconstrained signal arriving at end point
    TDSP_CORE_INST/DATA_BUS_MACH_INST/data_out_reg[6]/SE   Unconstrained signal arriving at end point
    TDSP_CORE_INST/DATA_BUS_MACH_INST/data_out_reg[5]/RN   Unconstrained signal arriving at end point
    TDSP_CORE_INST/DATA_BUS_MACH_INST/data_out_reg[5]/SE   Unconstrained signal arriving at end point
    TDSP_CORE_INST/DATA_BUS_MACH_INST/data_out_reg[3]/RN   Unconstrained signal arriving at end point
    TDSP_CORE_INST/DATA_BUS_MACH_INST/data_out_reg[2]/RN   Unconstrained signal arriving at end point
    TDSP_CORE_INST/DATA_BUS_MACH_INST/data_out_reg[2]/SE   Unconstrained signal arriving at end point
    TDSP_CORE_INST/DATA_BUS_MACH_INST/data_out_reg[14]/RN   Unconstrained signal arriving at end point
    TDSP_CORE_INST/DATA_BUS_MACH_INST/data_out_reg[14]/SE   Unconstrained signal arriving at end point
    TDSP_CORE_INST/DATA_BUS_MACH_INST/data_out_reg[13]/SE   Unconstrained signal arriving at end point
    TDSP_CORE_INST/DATA_BUS_MACH_INST/present_state_reg[2]/RN   Unconstrained signal arriving at end point
    TDSP_CORE_INST/DATA_BUS_MACH_INST/present_state_reg[2]/SE   Unconstrained signal arriving at end point
    TDSP_CORE_INST/DATA_BUS_MACH_INST/present_state_reg[0]/RN   Unconstrained signal arriving at end point
    TDSP_CORE_INST/DATA_BUS_MACH_INST/present_state_reg[0]/SE   Unconstrained signal arriving at end point
    RESULTS_CONV_INST/out_p2_reg[7]/SN   Unconstrained signal arriving at end point
    TDSP_CORE_INST/spare_10/SE       Unconstrained signal arriving at end point
    TDSP_CORE_INST/spare_10/SI       Unconstrained signal arriving at end point
    TDSP_CORE_INST/spare_10/SN       Unconstrained signal arriving at end point
    TDSP_CORE_INST/spare_0/RN        Unconstrained signal arriving at end point
    TDSP_CORE_INST/spare_0/SE        Unconstrained signal arriving at end point
    TDSP_CORE_INST/spare_0/SI        Unconstrained signal arriving at end point
    TDSP_CORE_INST/spare_0/SN        Unconstrained signal arriving at end point
    TDSP_CORE_INST/EXECUTE_INST/sel_op_a_reg[0]/SE   Unconstrained signal arriving at end point
    TDSP_CORE_INST/EXECUTE_INST/p_reg[8]/SE   Unconstrained signal arriving at end point
    TDSP_CORE_INST/EXECUTE_INST/p_reg[5]/SE   Unconstrained signal arriving at end point
    TDSP_CORE_INST/EXECUTE_INST/p_reg[3]/SE   Unconstrained signal arriving at end point
    TDSP_CORE_INST/EXECUTE_INST/p_reg[2]/SE   Unconstrained signal arriving at end point
    TDSP_CORE_INST/EXECUTE_INST/p_reg[27]/SE   Unconstrained signal arriving at end point
    TDSP_CORE_INST/EXECUTE_INST/p_reg[24]/SE   Unconstrained signal arriving at end point
    TDSP_CORE_INST/EXECUTE_INST/p_reg[21]/SE   Unconstrained signal arriving at end point
    TDSP_CORE_INST/EXECUTE_INST/p_reg[1]/SE   Unconstrained signal arriving at end point
    TDSP_CORE_INST/EXECUTE_INST/p_reg[17]/SE   Unconstrained signal arriving at end point
    TDSP_CORE_INST/EXECUTE_INST/p_reg[15]/SE   Unconstrained signal arriving at end point
    TDSP_CORE_INST/EXECUTE_INST/p_reg[12]/SE   Unconstrained signal arriving at end point
    TDSP_CORE_INST/EXECUTE_INST/ovm_reg/RN   Unconstrained signal arriving at end point
    TDSP_CORE_INST/EXECUTE_INST/ovm_reg/SE   Unconstrained signal arriving at end point
    TDSP_CORE_INST/EXECUTE_INST/go_prog_reg/RN   Unconstrained signal arriving at end point
    TDSP_CORE_INST/EXECUTE_INST/go_prog_reg/SE   Unconstrained signal arriving at end point
    TDSP_CORE_INST/EXECUTE_INST/dp_reg/RN   Unconstrained signal arriving at end point
    TDSP_CORE_INST/EXECUTE_INST/dp_reg/SE   Unconstrained signal arriving at end point
    TDSP_CORE_INST/EXECUTE_INST/branch_stall_delay_reg/RN   Unconstrained signal arriving at end point
    TDSP_CORE_INST/EXECUTE_INST/branch_stall_delay_reg/SE   Unconstrained signal arriving at end point
    TDSP_CORE_INST/EXECUTE_INST/ar1_reg[8]/SE   Unconstrained signal arriving at end point
    TDSP_CORE_INST/EXECUTE_INST/ar1_reg[6]/SE   Unconstrained signal arriving at end point
    TDSP_CORE_INST/EXECUTE_INST/ar1_reg[3]/SE   Unconstrained signal arriving at end point
    TDSP_CORE_INST/EXECUTE_INST/ar1_reg[15]/SE   Unconstrained signal arriving at end point
    TDSP_CORE_INST/EXECUTE_INST/ar1_reg[12]/SE   Unconstrained signal arriving at end point
    TDSP_CORE_INST/EXECUTE_INST/ar1_reg[0]/SE   Unconstrained signal arriving at end point
    TDSP_CORE_INST/EXECUTE_INST/ar0_reg[7]/SE   Unconstrained signal arriving at end point
    TDSP_CORE_INST/EXECUTE_INST/ar0_reg[3]/SE   Unconstrained signal arriving at end point
    TDSP_CORE_INST/EXECUTE_INST/ar0_reg[14]/SE   Unconstrained signal arriving at end point
    TDSP_CORE_INST/EXECUTE_INST/ar0_reg[11]/SE   Unconstrained signal arriving at end point
    TDSP_CORE_INST/EXECUTE_INST/alu_cmd_reg[1]/SE   Unconstrained signal arriving at end point
    TDSP_CORE_INST/EXECUTE_INST/acc_reg[7]/SE   Unconstrained signal arriving at end point
    TDSP_CORE_INST/EXECUTE_INST/acc_reg[4]/SE   Unconstrained signal arriving at end point
    TDSP_CORE_INST/EXECUTE_INST/acc_reg[30]/SE   Unconstrained signal arriving at end point
    TDSP_CORE_INST/EXECUTE_INST/acc_reg[27]/SE   Unconstrained signal arriving at end point
    TDSP_CORE_INST/EXECUTE_INST/acc_reg[23]/SE   Unconstrained signal arriving at end point
    TDSP_CORE_INST/EXECUTE_INST/acc_reg[20]/SE   Unconstrained signal arriving at end point
    SPI_INST/spare_3/SN              Unconstrained signal arriving at end point
    SPI_INST/spare_209/D             Unconstrained signal arriving at end point
    SPI_INST/spare_209/RN            Unconstrained signal arriving at end point
    SPI_INST/spare_209/SE            Unconstrained signal arriving at end point
    SPI_INST/spare_206/D             Unconstrained signal arriving at end point
    SPI_INST/spare_206/RN            Unconstrained signal arriving at end point
    SPI_INST/spare_206/SE            Unconstrained signal arriving at end point
    SPI_INST/spare_206/SI            Unconstrained signal arriving at end point
    SPI_INST/spare_204/SI            Unconstrained signal arriving at end point
    SPI_INST/spare_204/SN            Unconstrained signal arriving at end point
    SPI_INST/spare_202/SE            Unconstrained signal arriving at end point
    SPI_INST/spare_202/SI            Unconstrained signal arriving at end point
    SPI_INST/spare_202/SN            Unconstrained signal arriving at end point
    DMA_INST/spare_0/SE              Unconstrained signal arriving at end point
    DMA_INST/spare_0/SI              Unconstrained signal arriving at end point
    DMA_INST/spare_0/SN              Unconstrained signal arriving at end point
    DIGIT_REG_INST/digit_out_reg[5]/SN   Unconstrained signal arriving at end point
    DIGIT_REG_INST/digit_out_reg[4]/SN   Unconstrained signal arriving at end point
    TDSP_CORE_INST/TDSP_CORE_MACH_INST/tdsp_state_reg[0]/RN   Unconstrained signal arriving at end point
    TDSP_CORE_INST/TDSP_CORE_MACH_INST/tdsp_state_reg[0]/SE   Unconstrained signal arriving at end point
    TDSP_CORE_INST/TDSP_CORE_MACH_INST/phi_1_reg/SE   Unconstrained signal arriving at end point
    TDSP_CORE_INST/EXECUTE_INST/acc_reg[17]/SE   Unconstrained signal arriving at end point
    TDSP_CORE_INST/EXECUTE_INST/acc_reg[10]/SE   Unconstrained signal arriving at end point
    TDSP_CORE_INST/DECODE_INST/ir_reg[13]/SN   Unconstrained signal arriving at end point
    TDSP_CORE_INST/DECODE_INST/read_data_reg/RN   Unconstrained signal arriving at end point
    TDSP_CORE_INST/DECODE_INST/read_data_reg/SE   Unconstrained signal arriving at end point
    TDSP_CORE_INST/DECODE_INST/ir_reg[4]/RN   Unconstrained signal arriving at end point
    TDSP_CORE_INST/DECODE_INST/ir_reg[4]/SE   Unconstrained signal arriving at end point
    TDSP_CORE_INST/DECODE_INST/ir_reg[0]/RN   Unconstrained signal arriving at end point
    TDSP_CORE_INST/DECODE_INST/ir_reg[0]/SE   Unconstrained signal arriving at end point
    TDSP_CORE_INST/DECODE_INST/decode_skip_one_reg/RN   Unconstrained signal arriving at end point
    TDSP_CORE_INST/DECODE_INST/decode_skip_one_reg/SE   Unconstrained signal arriving at end point
    TDSP_CORE_INST/DECODE_INST/decode_reg[3]/SE   Unconstrained signal arriving at end point
    TDSP_CORE_INST/DECODE_INST/decode_reg[15]/RN   Unconstrained signal arriving at end point
    TDSP_CORE_INST/DECODE_INST/decode_reg[15]/SE   Unconstrained signal arriving at end point
    RESULTS_CONV_INST/dout_reg[7]/SN Unconstrained signal arriving at end point
    RESULTS_CONV_INST/dout_reg[1]/SN Unconstrained signal arriving at end point
    RESULTS_CONV_INST/r1477_reg[9]/SE   Unconstrained signal arriving at end point
    RESULTS_CONV_INST/r1477_reg[3]/SE   Unconstrained signal arriving at end point
    RESULTS_CONV_INST/r1477_reg[12]/SE   Unconstrained signal arriving at end point
    RESULTS_CONV_INST/r1200_reg[3]/SE   Unconstrained signal arriving at end point
    RESULTS_CONV_INST/r1200_reg[0]/SE   Unconstrained signal arriving at end point
    RESULTS_CONV_INST/out_p1_reg[3]/SE   Unconstrained signal arriving at end point
    RESULTS_CONV_INST/low_reg[2]/RN  Unconstrained signal arriving at end point
    RESULTS_CONV_INST/low_reg[2]/SE  Unconstrained signal arriving at end point
    RESULTS_CONV_INST/low_mag_reg[7]/RN   Unconstrained signal arriving at end point
    RESULTS_CONV_INST/low_mag_reg[7]/SE   Unconstrained signal arriving at end point
    RESULTS_CONV_INST/low_mag_reg[2]/RN   Unconstrained signal arriving at end point
    RESULTS_CONV_INST/low_mag_reg[2]/SE   Unconstrained signal arriving at end point
    RESULTS_CONV_INST/low_mag_reg[0]/SE   Unconstrained signal arriving at end point
    RESULTS_CONV_INST/high_reg[0]/RN Unconstrained signal arriving at end point
    RESULTS_CONV_INST/high_reg[0]/SE Unconstrained signal arriving at end point
    RESULTS_CONV_INST/high_mag_reg[4]/RN   Unconstrained signal arriving at end point
    RESULTS_CONV_INST/high_mag_reg[4]/SE   Unconstrained signal arriving at end point
    RESULTS_CONV_INST/high_mag_reg[14]/RN   Unconstrained signal arriving at end point
    RESULTS_CONV_INST/high_mag_reg[14]/SE   Unconstrained signal arriving at end point
    RESULTS_CONV_INST/gt_reg/SE      Unconstrained signal arriving at end point
    RESULTS_CONV_INST/clear_flag_reg/RN   Unconstrained signal arriving at end point
    RESULTS_CONV_INST/clear_flag_reg/SE   Unconstrained signal arriving at end point
    TDSP_CORE_INST/spare_9/D         Unconstrained signal arriving at end point
    TDSP_CORE_INST/spare_9/RN        Unconstrained signal arriving at end point
    TDSP_CORE_INST/spare_6/SI        Unconstrained signal arriving at end point
    TDSP_CORE_INST/spare_6/SN        Unconstrained signal arriving at end point
    SPI_INST/spare_106/D             Unconstrained signal arriving at end point
    SPI_INST/spare_106/RN            Unconstrained signal arriving at end point
    SPI_INST/spare_106/SE            Unconstrained signal arriving at end point
    SPI_INST/spare_106/SI            Unconstrained signal arriving at end point
    SPI_INST/spare_106/SN            Unconstrained signal arriving at end point
    SPI_INST/spare_102/D             Unconstrained signal arriving at end point
    SPI_INST/spare_102/RN            Unconstrained signal arriving at end point
    SPI_INST/spare_102/SE            Unconstrained signal arriving at end point
    SPI_INST/spare_0/D               Unconstrained signal arriving at end point
    SPI_INST/spare_0/RN              Unconstrained signal arriving at end point
    SPI_INST/spare_0/SE              Unconstrained signal arriving at end point
    RESULTS_CONV_INST/out_p2_reg[2]/SN   Unconstrained signal arriving at end point
    RESULTS_CONV_INST/lower1336/dout_reg[5]/SE   Unconstrained signal arriving at end point
    ARB_INST/dma_grant_reg/RN        Unconstrained signal arriving at end point
    ARB_INST/spare_5/D               Unconstrained signal arriving at end point
    ARB_INST/spare_5/RN              Unconstrained signal arriving at end point
    ARB_INST/spare_5/SE              Unconstrained signal arriving at end point
    ARB_INST/spare_5/SI              Unconstrained signal arriving at end point
    ARB_INST/spare_5/SN              Unconstrained signal arriving at end point
    ARB_INST/spare_1/D               Unconstrained signal arriving at end point
    ARB_INST/spare_1/RN              Unconstrained signal arriving at end point
    TDSP_CORE_INST/EXECUTE_INST/top_reg[9]/SE   Unconstrained signal arriving at end point
    TDSP_CORE_INST/EXECUTE_INST/top_reg[5]/SE   Unconstrained signal arriving at end point
    TDSP_CORE_INST/EXECUTE_INST/top_reg[15]/SE   Unconstrained signal arriving at end point
    TDSP_CORE_INST/EXECUTE_INST/sel_op_a_reg[2]/SE   Unconstrained signal arriving at end point
    RESULTS_CONV_INST/upper770/dout_reg[2]/SE   Unconstrained signal arriving at end point
    RESULTS_CONV_INST/upper1336/dout_reg[6]/SE   Unconstrained signal arriving at end point
    RESULTS_CONV_INST/lower770/dout_reg[6]/SE   Unconstrained signal arriving at end point
    TDSP_CORE_INST/EXECUTE_INST/pc_reg[0]/SN   Unconstrained signal arriving at end point
    TDSP_CORE_INST/PROG_BUS_MACH_INST/data_out_reg[11]/RN   Unconstrained signal arriving at end point
    TDSP_CORE_INST/PROG_BUS_MACH_INST/data_out_reg[11]/SE   Unconstrained signal arriving at end point
    TDSP_CORE_INST/PROG_BUS_MACH_INST/data_out_reg[14]/RN   Unconstrained signal arriving at end point
    TDSP_CORE_INST/PROG_BUS_MACH_INST/data_out_reg[14]/SE   Unconstrained signal arriving at end point
    TDSP_CORE_INST/PORT_BUS_MACH_INST/data_out_reg[8]/RN   Unconstrained signal arriving at end point
    TDSP_CORE_INST/PORT_BUS_MACH_INST/data_out_reg[6]/RN   Unconstrained signal arriving at end point
    TDSP_CORE_INST/PORT_BUS_MACH_INST/data_out_reg[6]/SE   Unconstrained signal arriving at end point
    TDSP_CORE_INST/PORT_BUS_MACH_INST/data_out_reg[15]/RN   Unconstrained signal arriving at end point
    SPI_INST/spi_sr_reg[0]/SE        Unconstrained signal arriving at end point
    SPI_INST/dout_reg[3]/SE          Unconstrained signal arriving at end point
    SPI_INST/spi_sr_reg[4]/SE        Unconstrained signal arriving at end point
    SPI_INST/bit_cnt_reg[0]/SE       Unconstrained signal arriving at end point
    SPI_INST/spare_7/D               Unconstrained signal arriving at end point
    SPI_INST/spare_7/RN              Unconstrained signal arriving at end point
    SPI_INST/spare_7/SE              Unconstrained signal arriving at end point
    SPI_INST/spare_7/SI              Unconstrained signal arriving at end point
    RESULTS_CONV_INST/state_reg[3]/SE   Unconstrained signal arriving at end point
    RESULTS_CONV_INST/r941_reg[7]/SE Unconstrained signal arriving at end point
    RESULTS_CONV_INST/r941_reg[2]/SE Unconstrained signal arriving at end point
    RESULTS_CONV_INST/r852_reg[9]/SE Unconstrained signal arriving at end point
    RESULTS_CONV_INST/r852_reg[3]/SE Unconstrained signal arriving at end point
    RESULTS_CONV_INST/r852_reg[11]/SE   Unconstrained signal arriving at end point
    RESULTS_CONV_INST/r697_reg[5]/SE Unconstrained signal arriving at end point
    RESULTS_CONV_INST/r697_reg[14]/SE   Unconstrained signal arriving at end point
    RESULTS_CONV_INST/r1633_reg[8]/SE   Unconstrained signal arriving at end point
    TDSP_CORE_INST/PROG_BUS_MACH_INST/data_out_reg[13]/RN   Unconstrained signal arriving at end point
    TDSP_CORE_INST/PROG_BUS_MACH_INST/data_out_reg[13]/SE   Unconstrained signal arriving at end point
    DMA_INST/present_state_reg[3]/RN Unconstrained signal arriving at end point
    DMA_INST/present_state_reg[3]/SE Unconstrained signal arriving at end point
    DMA_INST/a_reg[3]/SE             Unconstrained signal arriving at end point
    DMA_INST/a_reg[6]/RN             Unconstrained signal arriving at end point
    DMA_INST/a_reg[6]/SE             Unconstrained signal arriving at end point
    DMA_INST/spare_5/D               Unconstrained signal arriving at end point
    DMA_INST/spare_5/RN              Unconstrained signal arriving at end point
    DMA_INST/spare_5/SE              Unconstrained signal arriving at end point
    DMA_INST/spare_5/SI              Unconstrained signal arriving at end point
    SPI_INST/spare_108/CK            Clock not found where clock is expected
    SPI_INST/spare_101/CK            Clock not found where clock is expected
    port_pad_data_in[15]             No drive assertion
    port_pad_data_in[14]             No drive assertion
    port_pad_data_in[13]             No drive assertion
    port_pad_data_in[12]             No drive assertion
    SPI_INST/bit_cnt_reg[3]/RN       Unconstrained signal arriving at end point
    SPI_INST/bit_cnt_reg[1]/RN       Unconstrained signal arriving at end point
    TDSP_CORE_INST/DATA_BUS_MACH_INST/write_reg/RN   Unconstrained signal arriving at end point
    TDSP_CORE_INST/DATA_BUS_MACH_INST/write_reg/SE   Unconstrained signal arriving at end point
    TDSP_CORE_INST/DATA_BUS_MACH_INST/data_out_reg[11]/RN   Unconstrained signal arriving at end point
    TDSP_CORE_INST/DATA_BUS_MACH_INST/data_out_reg[11]/SE   Unconstrained signal arriving at end point
    TDSP_CORE_INST/DATA_BUS_MACH_INST/data_out_reg[7]/RN   Unconstrained signal arriving at end point
    TDSP_CORE_INST/DATA_BUS_MACH_INST/data_out_reg[7]/SE   Unconstrained signal arriving at end point
    TDSP_CORE_INST/DATA_BUS_MACH_INST/data_out_reg[4]/RN   Unconstrained signal arriving at end point
    TDSP_CORE_INST/DATA_BUS_MACH_INST/data_out_reg[4]/SE   Unconstrained signal arriving at end point
    TDSP_CORE_INST/DATA_BUS_MACH_INST/data_out_reg[3]/SE   Unconstrained signal arriving at end point
    TDSP_CORE_INST/DATA_BUS_MACH_INST/data_out_reg[1]/RN   Unconstrained signal arriving at end point
    TDSP_CORE_INST/DATA_BUS_MACH_INST/data_out_reg[1]/SE   Unconstrained signal arriving at end point
    TDSP_CORE_INST/DATA_BUS_MACH_INST/data_out_reg[15]/RN   Unconstrained signal arriving at end point
    TDSP_CORE_INST/DATA_BUS_MACH_INST/data_out_reg[15]/SE   Unconstrained signal arriving at end point
    TDSP_CORE_INST/DATA_BUS_MACH_INST/data_out_reg[13]/RN   Unconstrained signal arriving at end point
    TDSP_CORE_INST/DATA_BUS_MACH_INST/data_out_reg[12]/RN   Unconstrained signal arriving at end point
    TDSP_CORE_INST/DATA_BUS_MACH_INST/data_out_reg[12]/SE   Unconstrained signal arriving at end point
    TDSP_CORE_INST/spare_2/D         Unconstrained signal arriving at end point
    TDSP_CORE_INST/spare_10/D        Unconstrained signal arriving at end point
    TDSP_CORE_INST/spare_10/RN       Unconstrained signal arriving at end point
    TDSP_CORE_INST/spare_1/SN        Unconstrained signal arriving at end point
    TDSP_CORE_INST/spare_0/D         Unconstrained signal arriving at end point
    TDSP_CORE_INST/EXECUTE_INST/read_prog_reg/RN   Unconstrained signal arriving at end point
    TDSP_CORE_INST/EXECUTE_INST/read_prog_reg/SE   Unconstrained signal arriving at end point
    TDSP_CORE_INST/EXECUTE_INST/p_reg[9]/SE   Unconstrained signal arriving at end point
    TDSP_CORE_INST/EXECUTE_INST/p_reg[6]/SE   Unconstrained signal arriving at end point
    TDSP_CORE_INST/EXECUTE_INST/p_reg[4]/SE   Unconstrained signal arriving at end point
    TDSP_CORE_INST/EXECUTE_INST/p_reg[30]/SE   Unconstrained signal arriving at end point
    TDSP_CORE_INST/EXECUTE_INST/p_reg[29]/SE   Unconstrained signal arriving at end point
    TDSP_CORE_INST/EXECUTE_INST/p_reg[26]/SE   Unconstrained signal arriving at end point
    TDSP_CORE_INST/EXECUTE_INST/p_reg[23]/SE   Unconstrained signal arriving at end point
    TDSP_CORE_INST/EXECUTE_INST/p_reg[20]/SE   Unconstrained signal arriving at end point
    TDSP_CORE_INST/EXECUTE_INST/p_reg[19]/SE   Unconstrained signal arriving at end point
    TDSP_CORE_INST/EXECUTE_INST/p_reg[16]/SE   Unconstrained signal arriving at end point
    TDSP_CORE_INST/EXECUTE_INST/p_reg[13]/SE   Unconstrained signal arriving at end point
    TDSP_CORE_INST/EXECUTE_INST/p_reg[10]/SE   Unconstrained signal arriving at end point
    TDSP_CORE_INST/EXECUTE_INST/ov_flag_reg/RN   Unconstrained signal arriving at end point
    TDSP_CORE_INST/EXECUTE_INST/go_port_reg/RN   Unconstrained signal arriving at end point
    TDSP_CORE_INST/EXECUTE_INST/go_port_reg/SE   Unconstrained signal arriving at end point
    TDSP_CORE_INST/EXECUTE_INST/dmov_inc_reg/RN   Unconstrained signal arriving at end point
    TDSP_CORE_INST/EXECUTE_INST/branch_stall_reg/RN   Unconstrained signal arriving at end point
    TDSP_CORE_INST/EXECUTE_INST/branch_stall_reg/SE   Unconstrained signal arriving at end point
    TDSP_CORE_INST/EXECUTE_INST/ar1_reg[9]/SE   Unconstrained signal arriving at end point
    TDSP_CORE_INST/EXECUTE_INST/ar1_reg[7]/SE   Unconstrained signal arriving at end point
    TDSP_CORE_INST/EXECUTE_INST/ar1_reg[4]/SE   Unconstrained signal arriving at end point
    TDSP_CORE_INST/EXECUTE_INST/ar1_reg[1]/SE   Unconstrained signal arriving at end point
    TDSP_CORE_INST/EXECUTE_INST/ar1_reg[11]/SE   Unconstrained signal arriving at end point
    TDSP_CORE_INST/EXECUTE_INST/ar0_reg[8]/SE   Unconstrained signal arriving at end point
    TDSP_CORE_INST/EXECUTE_INST/ar0_reg[5]/SE   Unconstrained signal arriving at end point
    TDSP_CORE_INST/EXECUTE_INST/ar0_reg[2]/SE   Unconstrained signal arriving at end point
    TDSP_CORE_INST/EXECUTE_INST/ar0_reg[13]/SE   Unconstrained signal arriving at end point
    TDSP_CORE_INST/EXECUTE_INST/ar0_reg[0]/SE   Unconstrained signal arriving at end point
    TDSP_CORE_INST/EXECUTE_INST/alu_cmd_reg[0]/SE   Unconstrained signal arriving at end point
    TDSP_CORE_INST/EXECUTE_INST/acc_reg[3]/SE   Unconstrained signal arriving at end point
    TDSP_CORE_INST/EXECUTE_INST/acc_reg[2]/SE   Unconstrained signal arriving at end point
    TDSP_CORE_INST/EXECUTE_INST/acc_reg[24]/SE   Unconstrained signal arriving at end point
    TDSP_CORE_INST/EXECUTE_INST/acc_reg[21]/SE   Unconstrained signal arriving at end point
    SPI_INST/spare_3/D               Unconstrained signal arriving at end point
    SPI_INST/spare_3/RN              Unconstrained signal arriving at end point
    SPI_INST/spare_3/SE              Unconstrained signal arriving at end point
    SPI_INST/spare_3/SI              Unconstrained signal arriving at end point
    SPI_INST/spare_209/SI            Unconstrained signal arriving at end point
    SPI_INST/spare_209/SN            Unconstrained signal arriving at end point
    SPI_INST/spare_207/SE            Unconstrained signal arriving at end point
    SPI_INST/spare_207/SI            Unconstrained signal arriving at end point
    SPI_INST/spare_207/SN            Unconstrained signal arriving at end point
    SPI_INST/spare_205/RN            Unconstrained signal arriving at end point
    SPI_INST/spare_205/SE            Unconstrained signal arriving at end point
    SPI_INST/spare_205/SI            Unconstrained signal arriving at end point
    SPI_INST/spare_205/SN            Unconstrained signal arriving at end point
    SPI_INST/spare_203/D             Unconstrained signal arriving at end point
    SPI_INST/spare_203/RN            Unconstrained signal arriving at end point
    SPI_INST/spare_203/SE            Unconstrained signal arriving at end point
    SPI_INST/spare_203/SI            Unconstrained signal arriving at end point
    SPI_INST/spare_203/SN            Unconstrained signal arriving at end point
    SPI_INST/spare_201/SN            Unconstrained signal arriving at end point
    SPI_INST/spare_200/D             Unconstrained signal arriving at end point
    DMA_INST/spare_0/D               Unconstrained signal arriving at end point
    DMA_INST/spare_0/RN              Unconstrained signal arriving at end point
    DIGIT_REG_INST/digit_out_reg[1]/SN   Unconstrained signal arriving at end point
    DIGIT_REG_INST/flag_out_reg/SN   Unconstrained signal arriving at end point
    DIGIT_REG_INST/digit_out_reg[7]/SN   Unconstrained signal arriving at end point
    TDSP_CORE_INST/TDSP_CORE_MACH_INST/phi_5_reg/SE   Unconstrained signal arriving at end point
    TDSP_CORE_INST/TDSP_CORE_MACH_INST/phi_1_reg/RN   Unconstrained signal arriving at end point
    TDSP_CORE_INST/EXECUTE_INST/acc_reg[14]/SE   Unconstrained signal arriving at end point
    TDSP_CORE_INST/EXECUTE_INST/acc_reg[0]/SE   Unconstrained signal arriving at end point
    TDSP_CORE_INST/DECODE_INST/ir_reg[7]/SN   Unconstrained signal arriving at end point
    TDSP_CORE_INST/DECODE_INST/ir_reg[11]/SN   Unconstrained signal arriving at end point
    TDSP_CORE_INST/DECODE_INST/decode_reg[7]/SN   Unconstrained signal arriving at end point
    TDSP_CORE_INST/DECODE_INST/decode_reg[11]/SN   Unconstrained signal arriving at end point
    TDSP_CORE_INST/DECODE_INST/read_prog_reg/RN   Unconstrained signal arriving at end point
    TDSP_CORE_INST/DECODE_INST/read_prog_reg/SE   Unconstrained signal arriving at end point
    TDSP_CORE_INST/DECODE_INST/ir_reg[3]/RN   Unconstrained signal arriving at end point
    TDSP_CORE_INST/DECODE_INST/ir_reg[3]/SE   Unconstrained signal arriving at end point
    TDSP_CORE_INST/DECODE_INST/ir_reg[15]/RN   Unconstrained signal arriving at end point
    TDSP_CORE_INST/DECODE_INST/ir_reg[15]/SE   Unconstrained signal arriving at end point
    TDSP_CORE_INST/DECODE_INST/go_data_reg/SE   Unconstrained signal arriving at end point
    TDSP_CORE_INST/DECODE_INST/decode_reg[4]/RN   Unconstrained signal arriving at end point
    TDSP_CORE_INST/DECODE_INST/decode_reg[4]/SE   Unconstrained signal arriving at end point
    TDSP_CORE_INST/DECODE_INST/decode_reg[0]/RN   Unconstrained signal arriving at end point
    TDSP_CORE_INST/DECODE_INST/decode_reg[0]/SE   Unconstrained signal arriving at end point
    RESULTS_CONV_INST/r1633_reg[12]/SE   Unconstrained signal arriving at end point
    RESULTS_CONV_INST/r1477_reg[13]/SE   Unconstrained signal arriving at end point
    RESULTS_CONV_INST/r1200_reg[5]/SE   Unconstrained signal arriving at end point
    RESULTS_CONV_INST/r1200_reg[10]/SE   Unconstrained signal arriving at end point
    RESULTS_CONV_INST/low_reg[1]/RN  Unconstrained signal arriving at end point
    RESULTS_CONV_INST/low_reg[1]/SE  Unconstrained signal arriving at end point
    RESULTS_CONV_INST/low_mag_reg[3]/RN   Unconstrained signal arriving at end point
    RESULTS_CONV_INST/low_mag_reg[3]/SE   Unconstrained signal arriving at end point
    RESULTS_CONV_INST/high_reg[2]/RN Unconstrained signal arriving at end point
    RESULTS_CONV_INST/high_reg[2]/SE Unconstrained signal arriving at end point
    RESULTS_CONV_INST/high_mag_reg[3]/SE   Unconstrained signal arriving at end point
    RESULTS_CONV_INST/go_reg/SE      Unconstrained signal arriving at end point
    TDSP_CORE_INST/spare_8/SN        Unconstrained signal arriving at end point
    TDSP_CORE_INST/spare_7/D         Unconstrained signal arriving at end point
    TDSP_CORE_INST/spare_4/D         Unconstrained signal arriving at end point
    TDSP_CORE_INST/spare_4/RN        Unconstrained signal arriving at end point
    TDSP_CORE_INST/spare_4/SE        Unconstrained signal arriving at end point
    TDSP_CORE_INST/spare_4/SI        Unconstrained signal arriving at end point
    SPI_INST/spare_109/SN            Unconstrained signal arriving at end point
    SPI_INST/spare_108/D             Unconstrained signal arriving at end point
    SPI_INST/spare_102/SI            Unconstrained signal arriving at end point
    SPI_INST/spare_102/SN            Unconstrained signal arriving at end point
    RESULTS_CONV_INST/out_p2_reg[0]/SN   Unconstrained signal arriving at end point
    RESULTS_CONV_INST/lower1336/dout_reg[6]/SE   Unconstrained signal arriving at end point
    ARB_INST/tdsp_grant_reg/RN       Unconstrained signal arriving at end point
    ARB_INST/tdsp_grant_reg/SE       Unconstrained signal arriving at end point
    ARB_INST/spare_3/SI              Unconstrained signal arriving at end point
    ARB_INST/spare_3/SN              Unconstrained signal arriving at end point
    TDSP_CORE_INST/EXECUTE_INST/top_reg[7]/SE   Unconstrained signal arriving at end point
    TDSP_CORE_INST/EXECUTE_INST/top_reg[14]/SE   Unconstrained signal arriving at end point
    TDSP_CORE_INST/EXECUTE_INST/sel_op_b_reg[0]/SE   Unconstrained signal arriving at end point
    RESULTS_CONV_INST/upper770/dout_reg[6]/SE   Unconstrained signal arriving at end point
    RESULTS_CONV_INST/lower770/dout_reg[3]/SE   Unconstrained signal arriving at end point
    TDSP_CORE_INST/EXECUTE_INST/pc_reg[5]/SN   Unconstrained signal arriving at end point
    TDSP_CORE_INST/EXECUTE_INST/pc_reg[7]/SN   Unconstrained signal arriving at end point
    TDSP_CORE_INST/PROG_BUS_MACH_INST/data_out_reg[0]/RN   Unconstrained signal arriving at end point
    TDSP_CORE_INST/PROG_BUS_MACH_INST/data_out_reg[0]/SE   Unconstrained signal arriving at end point
    TDSP_CORE_INST/PROG_BUS_MACH_INST/present_state_reg[0]/RN   Unconstrained signal arriving at end point
    TDSP_CORE_INST/PROG_BUS_MACH_INST/present_state_reg[0]/SE   Unconstrained signal arriving at end point
    TDSP_CORE_INST/PORT_BUS_MACH_INST/data_out_reg[13]/RN   Unconstrained signal arriving at end point
    TDSP_CORE_INST/PORT_BUS_MACH_INST/data_out_reg[13]/SE   Unconstrained signal arriving at end point
    TDSP_CORE_INST/PORT_BUS_MACH_INST/data_out_reg[3]/RN   Unconstrained signal arriving at end point
    TDSP_CORE_INST/PORT_BUS_MACH_INST/data_out_reg[3]/SE   Unconstrained signal arriving at end point
    SPI_INST/present_state_reg[2]/RN Unconstrained signal arriving at end point
    SPI_INST/present_state_reg[2]/SE Unconstrained signal arriving at end point
    SPI_INST/dout_reg[1]/SE          Unconstrained signal arriving at end point
    SPI_INST/spare_9/D               Unconstrained signal arriving at end point
    SPI_INST/spare_9/RN              Unconstrained signal arriving at end point
    SPI_INST/spare_9/SE              Unconstrained signal arriving at end point
    SPI_INST/spare_9/SI              Unconstrained signal arriving at end point
    SPI_INST/spare_9/SN              Unconstrained signal arriving at end point
    RESULTS_CONV_INST/r941_reg[5]/SE Unconstrained signal arriving at end point
    RESULTS_CONV_INST/r941_reg[11]/SE   Unconstrained signal arriving at end point
    RESULTS_CONV_INST/r852_reg[2]/SE Unconstrained signal arriving at end point
    RESULTS_CONV_INST/r697_reg[8]/SE Unconstrained signal arriving at end point
    RESULTS_CONV_INST/r697_reg[13]/SE   Unconstrained signal arriving at end point
    RESULTS_CONV_INST/r1633_reg[4]/SE   Unconstrained signal arriving at end point
    DMA_INST/present_state_reg[0]/RN Unconstrained signal arriving at end point
    DMA_INST/present_state_reg[0]/SE Unconstrained signal arriving at end point
    DMA_INST/spare_8/D               Unconstrained signal arriving at end point
    DMA_INST/spare_8/RN              Unconstrained signal arriving at end point
    DMA_INST/spare_8/SE              Unconstrained signal arriving at end point
    DMA_INST/spare_3/D               Unconstrained signal arriving at end point
    DMA_INST/spare_3/RN              Unconstrained signal arriving at end point
    SPI_INST/spare_107/CK            Clock not found where clock is expected
    SPI_INST/spare_100/CK            Clock not found where clock is expected
    port_pad_data_in[11]             No drive assertion
    port_pad_data_in[10]             No drive assertion
    port_pad_data_in[9]              No drive assertion
    port_pad_data_in[8]              No drive assertion
    port_pad_data_in[7]              No drive assertion
    TDSP_CORE_INST/DATA_BUS_MACH_INST/bus_request_reg/RN   Unconstrained signal arriving at end point
    TDSP_CORE_INST/DATA_BUS_MACH_INST/bus_request_reg/SE   Unconstrained signal arriving at end point
    RESULTS_CONV_INST/r1633_reg[10]/SE   Unconstrained signal arriving at end point
    RESULTS_CONV_INST/r1477_reg[2]/SE   Unconstrained signal arriving at end point
    RESULTS_CONV_INST/r1200_reg[8]/SE   Unconstrained signal arriving at end point
    RESULTS_CONV_INST/r1200_reg[13]/SE   Unconstrained signal arriving at end point
    RESULTS_CONV_INST/out_p1_reg[2]/RN   Unconstrained signal arriving at end point
    RESULTS_CONV_INST/out_p1_reg[2]/SE   Unconstrained signal arriving at end point
    RESULTS_CONV_INST/low_mag_reg[12]/RN   Unconstrained signal arriving at end point
    RESULTS_CONV_INST/low_mag_reg[12]/SE   Unconstrained signal arriving at end point
    RESULTS_CONV_INST/high_mag_reg[6]/RN   Unconstrained signal arriving at end point
    RESULTS_CONV_INST/high_mag_reg[6]/SE   Unconstrained signal arriving at end point
    RESULTS_CONV_INST/high_mag_reg[12]/RN   Unconstrained signal arriving at end point
    RESULTS_CONV_INST/high_mag_reg[12]/SE   Unconstrained signal arriving at end point
    TDSP_CORE_INST/spare_6/D         Unconstrained signal arriving at end point
    TDSP_CORE_INST/spare_6/RN        Unconstrained signal arriving at end point
    TDSP_CORE_INST/spare_6/SE        Unconstrained signal arriving at end point
    SPI_INST/spare_107/D             Unconstrained signal arriving at end point
    SPI_INST/spare_107/RN            Unconstrained signal arriving at end point
    SPI_INST/spare_107/SE            Unconstrained signal arriving at end point
    SPI_INST/spare_100/D             Unconstrained signal arriving at end point
    SPI_INST/spare_100/RN            Unconstrained signal arriving at end point
    RESULTS_CONV_INST/out_p2_reg[1]/SN   Unconstrained signal arriving at end point
    ARB_INST/ECO1reg_present_state_reg[2]/RN   Unconstrained signal arriving at end point
    ARB_INST/spare_8/SN              Unconstrained signal arriving at end point
    ARB_INST/spare_7/D               Unconstrained signal arriving at end point
    TDSP_CORE_INST/EXECUTE_INST/update_it_reg/RN   Unconstrained signal arriving at end point
    TDSP_CORE_INST/EXECUTE_INST/update_it_reg/SE   Unconstrained signal arriving at end point
    TDSP_CORE_INST/EXECUTE_INST/skip_one_reg/RN   Unconstrained signal arriving at end point
    TDSP_CORE_INST/EXECUTE_INST/skip_one_reg/SE   Unconstrained signal arriving at end point
    RESULTS_CONV_INST/upper770/dout_reg[4]/SE   Unconstrained signal arriving at end point
    RESULTS_CONV_INST/upper1336/dout_reg[2]/SE   Unconstrained signal arriving at end point
    RESULTS_CONV_INST/lower770/dout_reg[2]/SE   Unconstrained signal arriving at end point
    RESULTS_CONV_INST/lower1336/dout_reg[7]/SE   Unconstrained signal arriving at end point
    TDSP_CORE_INST/EXECUTE_INST/pc_reg[2]/SN   Unconstrained signal arriving at end point
    DMA_INST/write_reg/RN            Unconstrained signal arriving at end point
    TDSP_CORE_INST/PROG_BUS_MACH_INST/data_out_reg[9]/RN   Unconstrained signal arriving at end point
    TDSP_CORE_INST/PROG_BUS_MACH_INST/data_out_reg[4]/RN   Unconstrained signal arriving at end point
    TDSP_CORE_INST/PROG_BUS_MACH_INST/data_out_reg[4]/SE   Unconstrained signal arriving at end point
    TDSP_CORE_INST/PORT_BUS_MACH_INST/present_state_reg[0]/RN   Unconstrained signal arriving at end point
    TDSP_CORE_INST/PORT_BUS_MACH_INST/data_out_reg[4]/RN   Unconstrained signal arriving at end point
    TDSP_CORE_INST/PORT_BUS_MACH_INST/data_out_reg[4]/SE   Unconstrained signal arriving at end point
    SPI_INST/present_state_reg[1]/RN Unconstrained signal arriving at end point
    SPI_INST/present_state_reg[1]/SE Unconstrained signal arriving at end point
    SPI_INST/bit_cnt_reg[1]/SE       Unconstrained signal arriving at end point
    RESULTS_CONV_INST/r941_reg[8]/SE Unconstrained signal arriving at end point
    RESULTS_CONV_INST/r941_reg[0]/SE Unconstrained signal arriving at end point
    RESULTS_CONV_INST/r852_reg[1]/SE Unconstrained signal arriving at end point
    RESULTS_CONV_INST/r697_reg[7]/SE Unconstrained signal arriving at end point
    RESULTS_CONV_INST/r697_reg[12]/SE   Unconstrained signal arriving at end point
    RESULTS_CONV_INST/r1633_reg[3]/SE   Unconstrained signal arriving at end point
    DMA_INST/a_reg[3]/RN             Unconstrained signal arriving at end point
    DMA_INST/spare_8/SI              Unconstrained signal arriving at end point
    DMA_INST/spare_8/SN              Unconstrained signal arriving at end point
    DMA_INST/spare_10/D              Unconstrained signal arriving at end point
    DMA_INST/spare_10/RN             Unconstrained signal arriving at end point
    DMA_INST/spare_10/SE             Unconstrained signal arriving at end point
    DMA_INST/spare_10/SI             Unconstrained signal arriving at end point
    SPI_INST/spare_109/CK            Clock not found where clock is expected
    SPI_INST/spare_103/CK            Clock not found where clock is expected
    port_pad_data_in[1]              No drive assertion
    port_pad_data_in[0]              No drive assertion
    scan_clk                         No drive assertion
    TDSP_CORE_INST/DATA_BUS_MACH_INST/data_out_reg[10]/RN   Unconstrained signal arriving at end point
    TDSP_CORE_INST/DATA_BUS_MACH_INST/data_out_reg[10]/SE   Unconstrained signal arriving at end point
    TDSP_CORE_INST/TDSP_CORE_MACH_INST/phi_4_reg/RN   Unconstrained signal arriving at end point
    TDSP_CORE_INST/TDSP_CORE_MACH_INST/phi_4_reg/SE   Unconstrained signal arriving at end point
    TDSP_CORE_INST/TDSP_CORE_MACH_INST/phi_3_reg/RN   Unconstrained signal arriving at end point
    TDSP_CORE_INST/TDSP_CORE_MACH_INST/phi_3_reg/SE   Unconstrained signal arriving at end point
    TDSP_CORE_INST/EXECUTE_INST/acc_reg[15]/SE   Unconstrained signal arriving at end point
    TDSP_CORE_INST/EXECUTE_INST/acc_reg[11]/SE   Unconstrained signal arriving at end point
    TDSP_CORE_INST/DECODE_INST/ir_reg[8]/SN   Unconstrained signal arriving at end point
    TDSP_CORE_INST/DECODE_INST/ir_reg[12]/SN   Unconstrained signal arriving at end point
    TDSP_CORE_INST/DECODE_INST/decode_reg[8]/SN   Unconstrained signal arriving at end point
    TDSP_CORE_INST/DECODE_INST/decode_reg[12]/SN   Unconstrained signal arriving at end point
    TDSP_CORE_INST/DECODE_INST/two_cycle_reg/RN   Unconstrained signal arriving at end point
    TDSP_CORE_INST/DECODE_INST/two_cycle_reg/SE   Unconstrained signal arriving at end point
    TDSP_CORE_INST/DECODE_INST/ir_reg[6]/SE   Unconstrained signal arriving at end point
    TDSP_CORE_INST/DECODE_INST/ir_reg[2]/RN   Unconstrained signal arriving at end point
    TDSP_CORE_INST/DECODE_INST/ir_reg[2]/SE   Unconstrained signal arriving at end point
    TDSP_CORE_INST/DECODE_INST/go_data_reg/RN   Unconstrained signal arriving at end point
    TDSP_CORE_INST/DECODE_INST/decode_reg[3]/RN   Unconstrained signal arriving at end point
    RESULTS_CONV_INST/dout_reg[2]/SN Unconstrained signal arriving at end point
    RESULTS_CONV_INST/r1633_reg[11]/SE   Unconstrained signal arriving at end point
    RESULTS_CONV_INST/r1477_reg[7]/SE   Unconstrained signal arriving at end point
    RESULTS_CONV_INST/r1477_reg[15]/SE   Unconstrained signal arriving at end point
    RESULTS_CONV_INST/r1477_reg[10]/SE   Unconstrained signal arriving at end point
    RESULTS_CONV_INST/r1200_reg[4]/SE   Unconstrained signal arriving at end point
    RESULTS_CONV_INST/r1200_reg[14]/SE   Unconstrained signal arriving at end point
    RESULTS_CONV_INST/out_p1_reg[5]/RN   Unconstrained signal arriving at end point
    RESULTS_CONV_INST/out_p1_reg[5]/SE   Unconstrained signal arriving at end point
    RESULTS_CONV_INST/ok_reg/SE      Unconstrained signal arriving at end point
    RESULTS_CONV_INST/low_mag_reg[9]/RN   Unconstrained signal arriving at end point
    RESULTS_CONV_INST/low_mag_reg[4]/RN   Unconstrained signal arriving at end point
    RESULTS_CONV_INST/low_mag_reg[1]/RN   Unconstrained signal arriving at end point
    RESULTS_CONV_INST/low_mag_reg[1]/SE   Unconstrained signal arriving at end point
    RESULTS_CONV_INST/low_mag_reg[11]/RN   Unconstrained signal arriving at end point
    RESULTS_CONV_INST/low_mag_reg[11]/SE   Unconstrained signal arriving at end point
    RESULTS_CONV_INST/high_mag_reg[8]/SE   Unconstrained signal arriving at end point
    RESULTS_CONV_INST/high_mag_reg[5]/RN   Unconstrained signal arriving at end point
    RESULTS_CONV_INST/high_mag_reg[5]/SE   Unconstrained signal arriving at end point
    RESULTS_CONV_INST/high_mag_reg[15]/RN   Unconstrained signal arriving at end point
    RESULTS_CONV_INST/high_mag_reg[15]/SE   Unconstrained signal arriving at end point
    RESULTS_CONV_INST/high_mag_reg[10]/RN   Unconstrained signal arriving at end point
    RESULTS_CONV_INST/high_mag_reg[10]/SE   Unconstrained signal arriving at end point
    RESULTS_CONV_INST/digit_clk_reg/SE   Unconstrained signal arriving at end point
    TDSP_DS_CS_INST/t_sel_7_reg/RN   Unconstrained signal arriving at end point
    TDSP_DS_CS_INST/t_sel_7_reg/SE   Unconstrained signal arriving at end point
    TDSP_DS_CS_INST/t_sel_7_reg/SI   Unconstrained signal arriving at end point
    TDSP_CORE_INST/spare_7/RN        Unconstrained signal arriving at end point
    TDSP_CORE_INST/spare_7/SE        Unconstrained signal arriving at end point
    TDSP_CORE_INST/spare_7/SI        Unconstrained signal arriving at end point
    TDSP_CORE_INST/spare_7/SN        Unconstrained signal arriving at end point
    SPI_INST/spare_109/D             Unconstrained signal arriving at end point
    SPI_INST/spare_109/RN            Unconstrained signal arriving at end point
    SPI_INST/spare_109/SE            Unconstrained signal arriving at end point
    SPI_INST/spare_109/SI            Unconstrained signal arriving at end point
    SPI_INST/spare_104/SN            Unconstrained signal arriving at end point
    SPI_INST/spare_103/D             Unconstrained signal arriving at end point
    SPI_INST/spare_10/D              Unconstrained signal arriving at end point
    SPI_INST/spare_10/RN             Unconstrained signal arriving at end point
    SPI_INST/spare_10/SE             Unconstrained signal arriving at end point
    SPI_INST/spare_10/SI             Unconstrained signal arriving at end point
    RESULTS_CONV_INST/lower1336/dout_reg[0]/SE   Unconstrained signal arriving at end point
    ARB_INST/present_state_reg[1]/RN Unconstrained signal arriving at end point
    ARB_INST/present_state_reg[1]/SI Unconstrained signal arriving at end point
    ARB_INST/spare_6/D               Unconstrained signal arriving at end point
    ARB_INST/spare_6/RN              Unconstrained signal arriving at end point
    ARB_INST/spare_6/SE              Unconstrained signal arriving at end point
    ARB_INST/spare_4/D               Unconstrained signal arriving at end point
    ARB_INST/spare_4/RN              Unconstrained signal arriving at end point
    ARB_INST/spare_4/SE              Unconstrained signal arriving at end point
    ARB_INST/spare_4/SI              Unconstrained signal arriving at end point
    ARB_INST/spare_0/D               Unconstrained signal arriving at end point
    ARB_INST/spare_0/RN              Unconstrained signal arriving at end point
    ARB_INST/spare_0/SE              Unconstrained signal arriving at end point
    ARB_INST/spare_0/SI              Unconstrained signal arriving at end point
    TDSP_CORE_INST/EXECUTE_INST/top_reg[8]/SE   Unconstrained signal arriving at end point
    TDSP_CORE_INST/EXECUTE_INST/top_reg[4]/SE   Unconstrained signal arriving at end point
    TDSP_CORE_INST/EXECUTE_INST/top_reg[13]/SE   Unconstrained signal arriving at end point
    TDSP_CORE_INST/EXECUTE_INST/three_cycle_reg/RN   Unconstrained signal arriving at end point
    TDSP_CORE_INST/EXECUTE_INST/three_cycle_reg/SE   Unconstrained signal arriving at end point
    RESULTS_CONV_INST/upper770/dout_reg[1]/SE   Unconstrained signal arriving at end point
    RESULTS_CONV_INST/upper1336/dout_reg[7]/SE   Unconstrained signal arriving at end point
    RESULTS_CONV_INST/upper1336/dout_reg[0]/SE   Unconstrained signal arriving at end point
    RESULTS_CONV_INST/lower770/dout_reg[7]/SE   Unconstrained signal arriving at end point
    RESULTS_CONV_INST/lower770/dout_reg[0]/SE   Unconstrained signal arriving at end point
    RESULTS_CONV_INST/lower1336/dout_reg[1]/SE   Unconstrained signal arriving at end point
    TDSP_CORE_INST/EXECUTE_INST/pc_reg[4]/SN   Unconstrained signal arriving at end point
    DMA_INST/write_reg/SE            Unconstrained signal arriving at end point
    TDSP_CORE_INST/PROG_BUS_MACH_INST/data_out_reg[7]/RN   Unconstrained signal arriving at end point
    TDSP_CORE_INST/PROG_BUS_MACH_INST/data_out_reg[7]/SE   Unconstrained signal arriving at end point
    TDSP_CORE_INST/PROG_BUS_MACH_INST/data_out_reg[5]/SE   Unconstrained signal arriving at end point
    TDSP_CORE_INST/PROG_BUS_MACH_INST/data_out_reg[15]/RN   Unconstrained signal arriving at end point
    TDSP_CORE_INST/PORT_BUS_MACH_INST/as_reg/RN   Unconstrained signal arriving at end point
    TDSP_CORE_INST/PORT_BUS_MACH_INST/as_reg/SE   Unconstrained signal arriving at end point
    TDSP_CORE_INST/PORT_BUS_MACH_INST/present_state_reg[2]/RN   Unconstrained signal arriving at end point
    TDSP_CORE_INST/PORT_BUS_MACH_INST/present_state_reg[2]/SE   Unconstrained signal arriving at end point
    TDSP_CORE_INST/PORT_BUS_MACH_INST/data_out_reg[11]/RN   Unconstrained signal arriving at end point
    TDSP_CORE_INST/PORT_BUS_MACH_INST/data_out_reg[11]/SE   Unconstrained signal arriving at end point
    TDSP_CORE_INST/PORT_BUS_MACH_INST/data_out_reg[15]/SE   Unconstrained signal arriving at end point
    SPI_INST/spi_sr_reg[1]/SE        Unconstrained signal arriving at end point
    SPI_INST/dout_reg[5]/SE          Unconstrained signal arriving at end point
    SPI_INST/spi_sr_reg[6]/SE        Unconstrained signal arriving at end point
    SPI_INST/dout_reg[0]/SE          Unconstrained signal arriving at end point
    SPI_INST/spare_8/D               Unconstrained signal arriving at end point
    SPI_INST/spare_8/RN              Unconstrained signal arriving at end point
    SPI_INST/spare_7/SN              Unconstrained signal arriving at end point
    SPI_INST/spare_6/D               Unconstrained signal arriving at end point
    RESULTS_CONV_INST/state_reg[2]/RN   Unconstrained signal arriving at end point
    RESULTS_CONV_INST/state_reg[2]/SE   Unconstrained signal arriving at end point
    RESULTS_CONV_INST/r941_reg[3]/SE Unconstrained signal arriving at end point
    RESULTS_CONV_INST/r941_reg[12]/SE   Unconstrained signal arriving at end point
    RESULTS_CONV_INST/r852_reg[8]/SE Unconstrained signal arriving at end point
    RESULTS_CONV_INST/r852_reg[14]/SE   Unconstrained signal arriving at end point
    RESULTS_CONV_INST/r697_reg[9]/SE Unconstrained signal arriving at end point
    RESULTS_CONV_INST/r697_reg[2]/SE Unconstrained signal arriving at end point
    RESULTS_CONV_INST/r697_reg[11]/SE   Unconstrained signal arriving at end point
    RESULTS_CONV_INST/r1633_reg[6]/SE   Unconstrained signal arriving at end point
    TDSP_CORE_INST/PROG_BUS_MACH_INST/present_state_reg[1]/RN   Unconstrained signal arriving at end point
    TDSP_CORE_INST/PROG_BUS_MACH_INST/present_state_reg[1]/SE   Unconstrained signal arriving at end point
    DMA_INST/a_reg[0]/RN             Unconstrained signal arriving at end point
    DMA_INST/a_reg[2]/RN             Unconstrained signal arriving at end point
    DMA_INST/a_reg[2]/SE             Unconstrained signal arriving at end point
    DMA_INST/a_reg[7]/RN             Unconstrained signal arriving at end point
    DMA_INST/a_reg[7]/SE             Unconstrained signal arriving at end point
    DMA_INST/spare_4/SI              Unconstrained signal arriving at end point
    DMA_INST/spare_4/SN              Unconstrained signal arriving at end point
    pllrst                           No drive assertion
    ibias                            No drive assertion
    scan_se                          No drive assertion
    scan_in1                         No drive assertion
    TDSP_CORE_INST/DATA_BUS_MACH_INST/as_reg/RN   Unconstrained signal arriving at end point
    TDSP_CORE_INST/DATA_BUS_MACH_INST/as_reg/SE   Unconstrained signal arriving at end point
    TDSP_CORE_INST/spare_2/RN        Unconstrained signal arriving at end point
    TDSP_CORE_INST/spare_2/SE        Unconstrained signal arriving at end point
    TDSP_CORE_INST/spare_2/SI        Unconstrained signal arriving at end point
    TDSP_CORE_INST/spare_2/SN        Unconstrained signal arriving at end point
    TDSP_CORE_INST/spare_1/D         Unconstrained signal arriving at end point
    TDSP_CORE_INST/spare_1/RN        Unconstrained signal arriving at end point
    TDSP_CORE_INST/spare_1/SE        Unconstrained signal arriving at end point
    TDSP_CORE_INST/spare_1/SI        Unconstrained signal arriving at end point
    TDSP_CORE_INST/EXECUTE_INST/pc_acc_reg/RN   Unconstrained signal arriving at end point
    TDSP_CORE_INST/EXECUTE_INST/pc_acc_reg/SE   Unconstrained signal arriving at end point
    TDSP_CORE_INST/EXECUTE_INST/p_reg[7]/SE   Unconstrained signal arriving at end point
    TDSP_CORE_INST/EXECUTE_INST/p_reg[31]/SE   Unconstrained signal arriving at end point
    TDSP_CORE_INST/EXECUTE_INST/p_reg[28]/SE   Unconstrained signal arriving at end point
    TDSP_CORE_INST/EXECUTE_INST/p_reg[25]/SE   Unconstrained signal arriving at end point
    TDSP_CORE_INST/EXECUTE_INST/p_reg[22]/SE   Unconstrained signal arriving at end point
    TDSP_CORE_INST/EXECUTE_INST/p_reg[18]/SE   Unconstrained signal arriving at end point
    TDSP_CORE_INST/EXECUTE_INST/p_reg[14]/SE   Unconstrained signal arriving at end point
    TDSP_CORE_INST/EXECUTE_INST/p_reg[11]/SE   Unconstrained signal arriving at end point
    TDSP_CORE_INST/EXECUTE_INST/p_reg[0]/SE   Unconstrained signal arriving at end point
    TDSP_CORE_INST/EXECUTE_INST/ov_flag_reg/SE   Unconstrained signal arriving at end point
    TDSP_CORE_INST/EXECUTE_INST/go_data_reg/RN   Unconstrained signal arriving at end point
    TDSP_CORE_INST/EXECUTE_INST/go_data_reg/SE   Unconstrained signal arriving at end point
    TDSP_CORE_INST/EXECUTE_INST/dmov_inc_reg/SE   Unconstrained signal arriving at end point
    TDSP_CORE_INST/EXECUTE_INST/arp_reg/RN   Unconstrained signal arriving at end point
    TDSP_CORE_INST/EXECUTE_INST/arp_reg/SE   Unconstrained signal arriving at end point
    TDSP_CORE_INST/EXECUTE_INST/ar1_reg[5]/SE   Unconstrained signal arriving at end point
    TDSP_CORE_INST/EXECUTE_INST/ar1_reg[14]/SE   Unconstrained signal arriving at end point
    TDSP_CORE_INST/EXECUTE_INST/ar0_reg[9]/SE   Unconstrained signal arriving at end point
    TDSP_CORE_INST/EXECUTE_INST/ar0_reg[6]/SE   Unconstrained signal arriving at end point
    TDSP_CORE_INST/EXECUTE_INST/ar0_reg[1]/SE   Unconstrained signal arriving at end point
    TDSP_CORE_INST/EXECUTE_INST/ar0_reg[10]/SE   Unconstrained signal arriving at end point
    TDSP_CORE_INST/EXECUTE_INST/acc_reg[9]/SE   Unconstrained signal arriving at end point
    TDSP_CORE_INST/EXECUTE_INST/acc_reg[6]/SE   Unconstrained signal arriving at end point
    TDSP_CORE_INST/EXECUTE_INST/acc_reg[31]/SE   Unconstrained signal arriving at end point
    TDSP_CORE_INST/EXECUTE_INST/acc_reg[28]/SE   Unconstrained signal arriving at end point
    TDSP_CORE_INST/EXECUTE_INST/acc_reg[25]/SE   Unconstrained signal arriving at end point
    TDSP_CORE_INST/EXECUTE_INST/acc_reg[1]/SE   Unconstrained signal arriving at end point
    SPI_INST/spare_210/D             Unconstrained signal arriving at end point
    SPI_INST/spare_210/RN            Unconstrained signal arriving at end point
    SPI_INST/spare_210/SE            Unconstrained signal arriving at end point
    SPI_INST/spare_210/SI            Unconstrained signal arriving at end point
    SPI_INST/spare_207/D             Unconstrained signal arriving at end point
    SPI_INST/spare_207/RN            Unconstrained signal arriving at end point
    SPI_INST/spare_204/D             Unconstrained signal arriving at end point
    SPI_INST/spare_204/RN            Unconstrained signal arriving at end point
    SPI_INST/spare_204/SE            Unconstrained signal arriving at end point
    SPI_INST/spare_201/D             Unconstrained signal arriving at end point
    SPI_INST/spare_201/RN            Unconstrained signal arriving at end point
    SPI_INST/spare_201/SE            Unconstrained signal arriving at end point
    SPI_INST/spare_201/SI            Unconstrained signal arriving at end point
    SPI_INST/spare_2/D               Unconstrained signal arriving at end point
    SPI_INST/spare_2/RN              Unconstrained signal arriving at end point
    SPI_INST/spare_2/SE              Unconstrained signal arriving at end point
    SPI_INST/spare_2/SI              Unconstrained signal arriving at end point
    SPI_INST/spare_2/SN              Unconstrained signal arriving at end point
    DMA_INST/spare_1/D               Unconstrained signal arriving at end point
    DMA_INST/spare_1/RN              Unconstrained signal arriving at end point
    DMA_INST/spare_1/SE              Unconstrained signal arriving at end point
    DMA_INST/spare_1/SI              Unconstrained signal arriving at end point
    DMA_INST/spare_1/SN              Unconstrained signal arriving at end point
    DIGIT_REG_INST/digit_out_reg[2]/SN   Unconstrained signal arriving at end point
    DIGIT_REG_INST/digit_out_reg[0]/SN   Unconstrained signal arriving at end point
    TDSP_CORE_INST/TDSP_CORE_MACH_INST/tdsp_state_reg[1]/RN   Unconstrained signal arriving at end point
    TDSP_CORE_INST/TDSP_CORE_MACH_INST/tdsp_state_reg[1]/SE   Unconstrained signal arriving at end point
    TDSP_CORE_INST/TDSP_CORE_MACH_INST/tdsp_state_reg[2]/RN   Unconstrained signal arriving at end point
    TDSP_CORE_INST/TDSP_CORE_MACH_INST/tdsp_state_reg[2]/SE   Unconstrained signal arriving at end point
    TDSP_CORE_INST/EXECUTE_INST/acc_reg[18]/SE   Unconstrained signal arriving at end point
    TDSP_CORE_INST/EXECUTE_INST/acc_reg[13]/SE   Unconstrained signal arriving at end point
    TDSP_CORE_INST/DECODE_INST/ir_reg[9]/SN   Unconstrained signal arriving at end point
    TDSP_CORE_INST/DECODE_INST/ir_reg[10]/SN   Unconstrained signal arriving at end point
    TDSP_CORE_INST/DECODE_INST/decode_reg[14]/SN   Unconstrained signal arriving at end point
    TDSP_CORE_INST/DECODE_INST/decode_reg[10]/SN   Unconstrained signal arriving at end point
    TDSP_CORE_INST/DECODE_INST/read_port_reg/RN   Unconstrained signal arriving at end point
    TDSP_CORE_INST/DECODE_INST/read_port_reg/SE   Unconstrained signal arriving at end point
    TDSP_CORE_INST/DECODE_INST/ir_reg[5]/RN   Unconstrained signal arriving at end point
    TDSP_CORE_INST/DECODE_INST/ir_reg[5]/SE   Unconstrained signal arriving at end point
    TDSP_CORE_INST/DECODE_INST/ir_reg[1]/SE   Unconstrained signal arriving at end point
    TDSP_CORE_INST/DECODE_INST/go_port_reg/RN   Unconstrained signal arriving at end point
    TDSP_CORE_INST/DECODE_INST/go_port_reg/SE   Unconstrained signal arriving at end point
    TDSP_CORE_INST/DECODE_INST/decode_reg[5]/RN   Unconstrained signal arriving at end point
    TDSP_CORE_INST/DECODE_INST/decode_reg[5]/SE   Unconstrained signal arriving at end point
    TDSP_CORE_INST/DECODE_INST/decode_reg[1]/RN   Unconstrained signal arriving at end point
    TDSP_CORE_INST/DECODE_INST/decode_reg[1]/SE   Unconstrained signal arriving at end point
    RESULTS_CONV_INST/dout_reg[4]/SN Unconstrained signal arriving at end point
    RESULTS_CONV_INST/r1633_reg[13]/SE   Unconstrained signal arriving at end point
    RESULTS_CONV_INST/r1477_reg[8]/SE   Unconstrained signal arriving at end point
    RESULTS_CONV_INST/r1477_reg[1]/SE   Unconstrained signal arriving at end point
    RESULTS_CONV_INST/r1477_reg[11]/SE   Unconstrained signal arriving at end point
    RESULTS_CONV_INST/r1200_reg[7]/SE   Unconstrained signal arriving at end point
    RESULTS_CONV_INST/r1200_reg[15]/SE   Unconstrained signal arriving at end point
    RESULTS_CONV_INST/out_p1_reg[6]/RN   Unconstrained signal arriving at end point
    RESULTS_CONV_INST/out_p1_reg[6]/SE   Unconstrained signal arriving at end point
    RESULTS_CONV_INST/out_p1_reg[0]/RN   Unconstrained signal arriving at end point
    RESULTS_CONV_INST/out_p1_reg[0]/SE   Unconstrained signal arriving at end point
    RESULTS_CONV_INST/low_mag_reg[9]/SE   Unconstrained signal arriving at end point
    RESULTS_CONV_INST/low_mag_reg[5]/RN   Unconstrained signal arriving at end point
    RESULTS_CONV_INST/low_mag_reg[5]/SE   Unconstrained signal arriving at end point
    RESULTS_CONV_INST/low_mag_reg[14]/RN   Unconstrained signal arriving at end point
    RESULTS_CONV_INST/low_mag_reg[10]/RN   Unconstrained signal arriving at end point
    RESULTS_CONV_INST/low_mag_reg[10]/SE   Unconstrained signal arriving at end point
    RESULTS_CONV_INST/high_mag_reg[8]/RN   Unconstrained signal arriving at end point
    RESULTS_CONV_INST/high_mag_reg[2]/RN   Unconstrained signal arriving at end point
    RESULTS_CONV_INST/high_mag_reg[2]/SE   Unconstrained signal arriving at end point
    RESULTS_CONV_INST/high_mag_reg[11]/RN   Unconstrained signal arriving at end point
    RESULTS_CONV_INST/high_mag_reg[11]/SE   Unconstrained signal arriving at end point
    RESULTS_CONV_INST/dout_flag_reg/RN   Unconstrained signal arriving at end point
    RESULTS_CONV_INST/dout_flag_reg/SE   Unconstrained signal arriving at end point
    TDSP_CORE_INST/spare_8/D         Unconstrained signal arriving at end point
    TDSP_CORE_INST/spare_8/RN        Unconstrained signal arriving at end point
    TDSP_CORE_INST/spare_8/SE        Unconstrained signal arriving at end point
    TDSP_CORE_INST/spare_8/SI        Unconstrained signal arriving at end point
    TDSP_CORE_INST/spare_4/SN        Unconstrained signal arriving at end point
    SPI_INST/spare_110/D             Unconstrained signal arriving at end point
    SPI_INST/spare_110/RN            Unconstrained signal arriving at end point
    SPI_INST/spare_110/SE            Unconstrained signal arriving at end point
    SPI_INST/spare_110/SI            Unconstrained signal arriving at end point
    SPI_INST/spare_110/SN            Unconstrained signal arriving at end point
    SPI_INST/spare_105/SE            Unconstrained signal arriving at end point
    SPI_INST/spare_105/SI            Unconstrained signal arriving at end point
    SPI_INST/spare_105/SN            Unconstrained signal arriving at end point
    SPI_INST/spare_103/RN            Unconstrained signal arriving at end point
    SPI_INST/spare_103/SE            Unconstrained signal arriving at end point
    SPI_INST/spare_103/SI            Unconstrained signal arriving at end point
    SPI_INST/spare_103/SN            Unconstrained signal arriving at end point
    SPI_INST/spare_1/RN              Unconstrained signal arriving at end point
    SPI_INST/spare_1/SE              Unconstrained signal arriving at end point
    SPI_INST/spare_1/SI              Unconstrained signal arriving at end point
    SPI_INST/spare_1/SN              Unconstrained signal arriving at end point
    RESULTS_CONV_INST/out_p2_reg[3]/SN   Unconstrained signal arriving at end point
    ARB_INST/present_state_reg[0]/SN Unconstrained signal arriving at end point
    ARB_INST/spare_8/D               Unconstrained signal arriving at end point
    ARB_INST/spare_8/RN              Unconstrained signal arriving at end point
    ARB_INST/spare_8/SE              Unconstrained signal arriving at end point
    ARB_INST/spare_8/SI              Unconstrained signal arriving at end point
    ARB_INST/spare_3/D               Unconstrained signal arriving at end point
    ARB_INST/spare_3/RN              Unconstrained signal arriving at end point
    ARB_INST/spare_3/SE              Unconstrained signal arriving at end point
    ARB_INST/spare_1/SE              Unconstrained signal arriving at end point
    ARB_INST/spare_1/SI              Unconstrained signal arriving at end point
    ARB_INST/spare_1/SN              Unconstrained signal arriving at end point
    TDSP_CORE_INST/EXECUTE_INST/top_reg[6]/SE   Unconstrained signal arriving at end point
    TDSP_CORE_INST/EXECUTE_INST/top_reg[2]/SE   Unconstrained signal arriving at end point
    TDSP_CORE_INST/EXECUTE_INST/top_reg[12]/SE   Unconstrained signal arriving at end point
    TDSP_CORE_INST/EXECUTE_INST/sel_op_b_reg[2]/SE   Unconstrained signal arriving at end point
    RESULTS_CONV_INST/upper770/dout_reg[7]/SE   Unconstrained signal arriving at end point
    RESULTS_CONV_INST/upper1336/dout_reg[5]/SE   Unconstrained signal arriving at end point
    RESULTS_CONV_INST/lower770/dout_reg[4]/SE   Unconstrained signal arriving at end point
    RESULTS_CONV_INST/lower1336/dout_reg[2]/SE   Unconstrained signal arriving at end point
    TDSP_CORE_INST/EXECUTE_INST/pc_reg[6]/SN   Unconstrained signal arriving at end point
    DMA_INST/read_spi_reg/RN         Unconstrained signal arriving at end point
    DMA_INST/read_spi_reg/SE         Unconstrained signal arriving at end point
    TDSP_CORE_INST/PROG_BUS_MACH_INST/data_out_reg[10]/RN   Unconstrained signal arriving at end point
    TDSP_CORE_INST/PROG_BUS_MACH_INST/data_out_reg[10]/SE   Unconstrained signal arriving at end point
    TDSP_CORE_INST/PROG_BUS_MACH_INST/data_out_reg[6]/RN   Unconstrained signal arriving at end point
    TDSP_CORE_INST/PROG_BUS_MACH_INST/data_out_reg[6]/SE   Unconstrained signal arriving at end point
    TDSP_CORE_INST/PROG_BUS_MACH_INST/data_out_reg[15]/SE   Unconstrained signal arriving at end point
    TDSP_CORE_INST/PROG_BUS_MACH_INST/present_state_reg[2]/RN   Unconstrained signal arriving at end point
    TDSP_CORE_INST/PROG_BUS_MACH_INST/present_state_reg[2]/SE   Unconstrained signal arriving at end point
    TDSP_CORE_INST/PORT_BUS_MACH_INST/present_state_reg[0]/SE   Unconstrained signal arriving at end point
    TDSP_CORE_INST/PORT_BUS_MACH_INST/data_out_reg[8]/SE   Unconstrained signal arriving at end point
    TDSP_CORE_INST/PORT_BUS_MACH_INST/data_out_reg[10]/RN   Unconstrained signal arriving at end point
    TDSP_CORE_INST/PORT_BUS_MACH_INST/data_out_reg[10]/SE   Unconstrained signal arriving at end point
    TDSP_CORE_INST/PORT_BUS_MACH_INST/data_out_reg[1]/RN   Unconstrained signal arriving at end point
    TDSP_CORE_INST/PORT_BUS_MACH_INST/data_out_reg[1]/SE   Unconstrained signal arriving at end point
    SPI_INST/present_state_reg[0]/SN Unconstrained signal arriving at end point
    SPI_INST/dout_reg[7]/SE          Unconstrained signal arriving at end point
    SPI_INST/dout_reg[2]/SE          Unconstrained signal arriving at end point
    SPI_INST/spi_sr_reg[3]/SE        Unconstrained signal arriving at end point
    SPI_INST/bit_cnt_reg[3]/SE       Unconstrained signal arriving at end point
    SPI_INST/spare_5/D               Unconstrained signal arriving at end point
    SPI_INST/spare_5/RN              Unconstrained signal arriving at end point
    SPI_INST/spare_5/SE              Unconstrained signal arriving at end point
    SPI_INST/spare_4/SE              Unconstrained signal arriving at end point
    SPI_INST/spare_4/SI              Unconstrained signal arriving at end point
    SPI_INST/spare_4/SN              Unconstrained signal arriving at end point
    RESULTS_CONV_INST/r941_reg[9]/SE Unconstrained signal arriving at end point
    RESULTS_CONV_INST/r941_reg[6]/SE Unconstrained signal arriving at end point
    RESULTS_CONV_INST/r941_reg[1]/SE Unconstrained signal arriving at end point
    RESULTS_CONV_INST/r941_reg[10]/SE   Unconstrained signal arriving at end point
    RESULTS_CONV_INST/r852_reg[7]/SE Unconstrained signal arriving at end point
    RESULTS_CONV_INST/r852_reg[15]/SE   Unconstrained signal arriving at end point
    RESULTS_CONV_INST/r852_reg[10]/SE   Unconstrained signal arriving at end point
    RESULTS_CONV_INST/r697_reg[4]/SE Unconstrained signal arriving at end point
    RESULTS_CONV_INST/r697_reg[10]/SE   Unconstrained signal arriving at end point
    RESULTS_CONV_INST/r1633_reg[5]/SE   Unconstrained signal arriving at end point
    DMA_INST/a_reg[1]/RN             Unconstrained signal arriving at end point
    DMA_INST/a_reg[1]/SE             Unconstrained signal arriving at end point
    DMA_INST/a_reg[5]/RN             Unconstrained signal arriving at end point
    DMA_INST/a_reg[5]/SE             Unconstrained signal arriving at end point
    DMA_INST/spare_9/RN              Unconstrained signal arriving at end point
    DMA_INST/spare_9/SE              Unconstrained signal arriving at end point
    DMA_INST/spare_9/SI              Unconstrained signal arriving at end point
    DMA_INST/spare_9/SN              Unconstrained signal arriving at end point
    DMA_INST/spare_6/D               Unconstrained signal arriving at end point
    DMA_INST/spare_6/RN              Unconstrained signal arriving at end point
    DMA_INST/spare_3/SE              Unconstrained signal arriving at end point
    DMA_INST/spare_3/SI              Unconstrained signal arriving at end point
    DMA_INST/spare_3/SN              Unconstrained signal arriving at end point
    DMA_INST/spare_2/SN              Unconstrained signal arriving at end point
    DMA_INST/spare_10/SN             Unconstrained signal arriving at end point
    -----------------------------------------------------------------
