###############################################################
#  Generated by:      Cadence Tempus 20.20-p001_1
#  OS:                Linux x86_64(Host ID APL7.kletech.ac.in)
#  Generated on:      Sat Mar 22 10:31:43 2025
#  Design:            dtmf_recvr_core
#  Command:           report_clocks                       > ${reportDir}/clocks.rpt
###############################################################
      ----------------------------------------------------------------------------------------------------  
                                                  Clock Descriptions                                               
      ----------------------------------------------------------------------------------------------------  
                                                                                         Attributes          
      ----------------------------------------------------------------------------------------------------  
        Clock Name                 Source                 Period    Lead   Trail   Generated   Propagated   
      ----------------------------------------------------------------------------------------------------  
        m_clk       TEST_CONTROL_INST/p214748365A97/Z    4.000   0.000   2.000       n           y        
       m_digit_clk   TEST_CONTROL_INST/p214748365A90/ZN    4.000   0.000   2.000       n           y        
       m_dsram_clk   TEST_CONTROL_INST/p214748365A89/ZN    4.000   0.000   2.000       n           y        
      m_ram_clk    TEST_CONTROL_INST/p214748365A91/ZN    4.000   0.000   2.000       n           y        
      m_rcc_clk    TEST_CONTROL_INST/p214748365A98/ZN    4.000   0.000   2.000       n           y        
      m_spi_clk    TEST_CONTROL_INST/p214748365A88/ZN    4.000   0.000   2.000       n           y        
       refclk                    refclk                  4.000   0.000   2.000       n           y        
      ----------------------------------------------------------------------------------------------------  
