###############################################################
#  Generated by:      Cadence Tempus 20.20-p001_1
#  OS:                Linux x86_64(Host ID APL7.kletech.ac.in)
#  Generated on:      Sat Mar 22 10:31:43 2025
#  Design:            dtmf_recvr_core
#  Command:           report_analysis_coverage            > ${reportDir}/coverage.rpt
###############################################################
    -------------------------------------------------------------------------------------------  
                                   TIMING CHECK COVERAGE SUMMARY                                  
    -------------------------------------------------------------------------------------------  
     Check Type                      No. of   Met              Violated         Untested         
                                     Checks                                                      
    -------------------------------------------------------------------------------------------  
    ClockPeriod                    6         6 (100%)         0 (0%)           0 (0%)
    ExternalDelay (Early)          29        26 (89%)         0 (0%)           3 (10%)
    ExternalDelay (Late)           29        0 (0%)           26 (89%)         3 (10%)
    Hold                           1741      1032 (59%)       35 (2%)          674 (38%)
    PulseWidth                     1541      985 (63%)        153 (9%)         403 (26%)
    Recovery                       377       1 (0%)           3 (0%)           373 (98%)
    Removal                        377       4 (1%)           0 (0%)           373 (98%)
    Setup                          1741      491 (28%)        578 (33%)        672 (38%)
    -------------------------------------------------------------------------------------------
