###############################################################
#  Generated by:      Cadence Tempus 20.20-p001_1
#  OS:                Linux x86_64(Host ID APL7.kletech.ac.in)
#  Generated on:      Fri Mar 14 16:40:28 2025
#  Design:            mcrb
#  Command:           write_category_summary -report category.rpt
###############################################################
+--------------------------------+--------+---------+---------+----------+----------+
|       Category name            | Total  | Passing | Failing |   WNS    |   TNS    |
|                                |  path  |  path   |  path   |          |          |
+--------------------------------+--------+---------+---------+----------+----------+
| IN->REG                        | 7      | 7       | 0       |0.000     |0.000     |
|                                | Basic Path Analysis                              |
+--------------------------------+--------+---------+---------+----------+----------+
| REG->REG                       | 5      | 5       | 0       |0.000     |0.000     |
|                                | Basic Path Analysis                              |
+--------------------------------+--------+---------+---------+----------+----------+
| sclk                           | 12     | 12      | 0       |0.000     |0.000     |
|                                | Clock Domain Analysis                            |
+--------------------------------+--------+---------+---------+----------+----------+
| default                        | 12     | 12      | 0       |0.000     |0.000     |
|                                | View Analysis                                    |
+--------------------------------+--------+---------+---------+----------+----------+
